<?xml version="1.0" encoding="UTF-8"?>
<testsuite name="org.example.persistence.JacocoOnRepositoryTest" tests="1" skipped="0" failures="0" errors="0" timestamp="2023-04-21T07:43:31" hostname="xb-apple.local" time="0.006">
  <properties/>
  <testcase name="멀티 모듈 Jacoco 테스트" classname="org.example.persistence.JacocoOnRepositoryTest" time="0.006"/>
  <system-out><![CDATA[]]></system-out>
  <system-err><![CDATA[]]></system-err>
</testsuite>
