<?xml version="1.0" encoding="UTF-8"?>
<testsuite name="xb.note.acceptance.user.UserAcceptanceTest" tests="1" skipped="0" failures="0" errors="0" timestamp="2023-01-02T10:36:17" hostname="xb-apple.local" time="0.004">
  <properties/>
  <testcase name="새로운 유저 저장" classname="xb.note.acceptance.user.UserAcceptanceTest" time="0.004"/>
  <system-out><![CDATA[2023-01-02 19:36:17.367  INFO 8601 --- [    Test worker] .b.t.c.SpringBootTestContextBootstrapper : Neither @ContextConfiguration nor @ContextHierarchy found for test class [xb.note.acceptance.user.UserAcceptanceTest], using SpringBootContextLoader
2023-01-02 19:36:17.367  INFO 8601 --- [    Test worker] o.s.t.c.support.AbstractContextLoader    : Could not detect default resource locations for test class [xb.note.acceptance.user.UserAcceptanceTest]: no resource found for suffixes {-context.xml, Context.groovy}.
2023-01-02 19:36:17.367  INFO 8601 --- [    Test worker] t.c.s.AnnotationConfigContextLoaderUtils : Could not detect default configuration classes for test class [xb.note.acceptance.user.UserAcceptanceTest]: UserAcceptanceTest does not declare any static, non-private, non-final, nested classes annotated with @Configuration.
2023-01-02 19:36:17.369  INFO 8601 --- [    Test worker] .b.t.c.SpringBootTestContextBootstrapper : Found @SpringBootConfiguration xb.note.Main for test class xb.note.acceptance.user.UserAcceptanceTest
2023-01-02 19:36:17.370  INFO 8601 --- [    Test worker] .b.t.c.SpringBootTestContextBootstrapper : Loaded default TestExecutionListener class names from location [META-INF/spring.factories]: [org.springframework.boot.test.autoconfigure.restdocs.RestDocsTestExecutionListener, org.springframework.boot.test.autoconfigure.web.client.MockRestServiceServerResetTestExecutionListener, org.springframework.boot.test.autoconfigure.web.servlet.MockMvcPrintOnlyOnFailureTestExecutionListener, org.springframework.boot.test.autoconfigure.web.servlet.WebDriverTestExecutionListener, org.springframework.boot.test.autoconfigure.webservices.client.MockWebServiceServerTestExecutionListener, org.springframework.boot.test.mock.mockito.MockitoTestExecutionListener, org.springframework.boot.test.mock.mockito.ResetMocksTestExecutionListener, org.springframework.test.context.web.ServletTestExecutionListener, org.springframework.test.context.support.DirtiesContextBeforeModesTestExecutionListener, org.springframework.test.context.event.ApplicationEventsTestExecutionListener, org.springframework.test.context.support.DependencyInjectionTestExecutionListener, org.springframework.test.context.support.DirtiesContextTestExecutionListener, org.springframework.test.context.transaction.TransactionalTestExecutionListener, org.springframework.test.context.jdbc.SqlScriptsTestExecutionListener, org.springframework.test.context.event.EventPublishingTestExecutionListener]
2023-01-02 19:36:17.370  INFO 8601 --- [    Test worker] .b.t.c.SpringBootTestContextBootstrapper : Using TestExecutionListeners: [org.springframework.test.context.web.ServletTestExecutionListener@7534785a, org.springframework.test.context.support.DirtiesContextBeforeModesTestExecutionListener@46b5f061, org.springframework.test.context.event.ApplicationEventsTestExecutionListener@3ba3f40d, org.springframework.boot.test.mock.mockito.MockitoTestExecutionListener@108b121f, org.springframework.boot.test.autoconfigure.SpringBootDependencyInjectionTestExecutionListener@46ab4efc, org.springframework.test.context.support.DirtiesContextTestExecutionListener@2ff498b0, org.springframework.test.context.event.EventPublishingTestExecutionListener@b5312df, org.springframework.boot.test.autoconfigure.restdocs.RestDocsTestExecutionListener@4300e240, org.springframework.boot.test.autoconfigure.web.client.MockRestServiceServerResetTestExecutionListener@5f409872, org.springframework.boot.test.autoconfigure.web.servlet.MockMvcPrintOnlyOnFailureTestExecutionListener@547aaa32, org.springframework.boot.test.autoconfigure.web.servlet.WebDriverTestExecutionListener@472c9f88, org.springframework.boot.test.autoconfigure.webservices.client.MockWebServiceServerTestExecutionListener@37a67cf, org.springframework.boot.test.mock.mockito.ResetMocksTestExecutionListener@5822ecda]
]]></system-out>
  <system-err><![CDATA[]]></system-err>
</testsuite>
