<?xml version="1.0" encoding="UTF-8"?>
<testsuite name="xb.note.acceptance.board.BoardAcceptanceTest" tests="2" skipped="0" failures="0" errors="0" timestamp="2023-01-11T14:13:58" hostname="xb-apple.local" time="0.025">
  <properties/>
  <testcase name="글 조회하기 2개글이 저장 되었을때" classname="xb.note.acceptance.board.BoardAcceptanceTest" time="0.023"/>
  <testcase name="글 조회하기 0개 글이 저장되었을때" classname="xb.note.acceptance.board.BoardAcceptanceTest" time="0.002"/>
  <system-out><![CDATA[2023-01-11 23:13:58.096  INFO 9328 --- [    Test worker] .b.t.c.SpringBootTestContextBootstrapper : Neither @ContextConfiguration nor @ContextHierarchy found for test class [xb.note.acceptance.board.BoardAcceptanceTest], using SpringBootContextLoader
2023-01-11 23:13:58.096  INFO 9328 --- [    Test worker] o.s.t.c.support.AbstractContextLoader    : Could not detect default resource locations for test class [xb.note.acceptance.board.BoardAcceptanceTest]: no resource found for suffixes {-context.xml, Context.groovy}.
2023-01-11 23:13:58.096  INFO 9328 --- [    Test worker] t.c.s.AnnotationConfigContextLoaderUtils : Could not detect default configuration classes for test class [xb.note.acceptance.board.BoardAcceptanceTest]: BoardAcceptanceTest does not declare any static, non-private, non-final, nested classes annotated with @Configuration.
2023-01-11 23:13:58.099  INFO 9328 --- [    Test worker] .b.t.c.SpringBootTestContextBootstrapper : Found @SpringBootConfiguration xb.note.Main for test class xb.note.acceptance.board.BoardAcceptanceTest
2023-01-11 23:13:58.100  INFO 9328 --- [    Test worker] .b.t.c.SpringBootTestContextBootstrapper : Loaded default TestExecutionListener class names from location [META-INF/spring.factories]: [org.springframework.boot.test.autoconfigure.restdocs.RestDocsTestExecutionListener, org.springframework.boot.test.autoconfigure.web.client.MockRestServiceServerResetTestExecutionListener, org.springframework.boot.test.autoconfigure.web.servlet.MockMvcPrintOnlyOnFailureTestExecutionListener, org.springframework.boot.test.autoconfigure.web.servlet.WebDriverTestExecutionListener, org.springframework.boot.test.autoconfigure.webservices.client.MockWebServiceServerTestExecutionListener, org.springframework.boot.test.mock.mockito.MockitoTestExecutionListener, org.springframework.boot.test.mock.mockito.ResetMocksTestExecutionListener, org.springframework.test.context.web.ServletTestExecutionListener, org.springframework.test.context.support.DirtiesContextBeforeModesTestExecutionListener, org.springframework.test.context.event.ApplicationEventsTestExecutionListener, org.springframework.test.context.support.DependencyInjectionTestExecutionListener, org.springframework.test.context.support.DirtiesContextTestExecutionListener, org.springframework.test.context.transaction.TransactionalTestExecutionListener, org.springframework.test.context.jdbc.SqlScriptsTestExecutionListener, org.springframework.test.context.event.EventPublishingTestExecutionListener]
2023-01-11 23:13:58.100  INFO 9328 --- [    Test worker] .b.t.c.SpringBootTestContextBootstrapper : Using TestExecutionListeners: [org.springframework.test.context.web.ServletTestExecutionListener@1b8fa2fa, org.springframework.test.context.support.DirtiesContextBeforeModesTestExecutionListener@21527b8, org.springframework.test.context.event.ApplicationEventsTestExecutionListener@7cc1f72c, org.springframework.boot.test.mock.mockito.MockitoTestExecutionListener@7b7068d8, org.springframework.boot.test.autoconfigure.SpringBootDependencyInjectionTestExecutionListener@1d8e9d3e, org.springframework.test.context.support.DirtiesContextTestExecutionListener@360d41d0, org.springframework.test.context.event.EventPublishingTestExecutionListener@4586a8aa, org.springframework.boot.test.autoconfigure.restdocs.RestDocsTestExecutionListener@3dc82e6a, org.springframework.boot.test.autoconfigure.web.client.MockRestServiceServerResetTestExecutionListener@54463380, org.springframework.boot.test.autoconfigure.web.servlet.MockMvcPrintOnlyOnFailureTestExecutionListener@819fb19, org.springframework.boot.test.autoconfigure.web.servlet.WebDriverTestExecutionListener@782ac148, org.springframework.boot.test.autoconfigure.webservices.client.MockWebServiceServerTestExecutionListener@46d1b59, org.springframework.boot.test.mock.mockito.ResetMocksTestExecutionListener@61d2f267]

MockHttpServletRequest:
      HTTP Method = POST
      Request URI = /article
       Parameters = {}
          Headers = [Content-Type:"application/json;charset=UTF-8", Content-Length:"84"]
             Body = {"title":"hello world","article":"hello world too","author":{"id":2,"name":"devxb"}}
    Session Attrs = {}

Handler:
             Type = xb.note.controller.board.BoardController
           Method = xb.note.controller.board.BoardController#saveArticle(BoardRequest)

Async:
    Async started = false
     Async result = null

Resolved Exception:
             Type = null

ModelAndView:
        View name = null
             View = null
            Model = null

FlashMap:
       Attributes = null

MockHttpServletResponse:
           Status = 200
    Error message = null
          Headers = []
     Content type = null
             Body = 
    Forwarded URL = null
   Redirected URL = null
          Cookies = []

MockHttpServletRequest:
      HTTP Method = POST
      Request URI = /article
       Parameters = {}
          Headers = [Content-Type:"application/json;charset=UTF-8", Content-Length:"90"]
             Body = {"title":"hello world 2","article":"hello world too 2","author":{"id":3,"name":"octocat"}}
    Session Attrs = {}

Handler:
             Type = xb.note.controller.board.BoardController
           Method = xb.note.controller.board.BoardController#saveArticle(BoardRequest)

Async:
    Async started = false
     Async result = null

Resolved Exception:
             Type = null

ModelAndView:
        View name = null
             View = null
            Model = null

FlashMap:
       Attributes = null

MockHttpServletResponse:
           Status = 200
    Error message = null
          Headers = []
     Content type = null
             Body = 
    Forwarded URL = null
   Redirected URL = null
          Cookies = []

MockHttpServletRequest:
      HTTP Method = GET
      Request URI = /article
       Parameters = {}
          Headers = []
             Body = null
    Session Attrs = {}

Handler:
             Type = xb.note.controller.board.BoardController
           Method = xb.note.controller.board.BoardController#readBoards()

Async:
    Async started = false
     Async result = null

Resolved Exception:
             Type = null

ModelAndView:
        View name = null
             View = null
            Model = null

FlashMap:
       Attributes = null

MockHttpServletResponse:
           Status = 200
    Error message = null
          Headers = [Content-Type:"application/json"]
     Content type = application/json
             Body = [{"id":0,"title":"hello world","article":"hello world too","author":{"id":2,"name":"devxb"},"created_at":"2023-01-11"},{"id":1,"title":"hello world 2","article":"hello world too 2","author":{"id":3,"name":"octocat"},"created_at":"2023-01-11"}]
    Forwarded URL = null
   Redirected URL = null
          Cookies = []
]]></system-out>
  <system-err><![CDATA[]]></system-err>
</testsuite>
