<?xml version="1.0" encoding="UTF-8"?>
<testsuite name="xb.note.repository.board.management.InMemoryBoardManagementRepositoryTest" tests="3" skipped="0" failures="0" errors="0" timestamp="2022-12-29T11:49:49" hostname="xb-apple.local" time="0.158">
  <properties/>
  <testcase name="보드 삭제 테스트" classname="xb.note.repository.board.management.InMemoryBoardManagementRepositoryTest" time="0.147"/>
  <testcase name="보드 저장, 조회 테스트" classname="xb.note.repository.board.management.InMemoryBoardManagementRepositoryTest" time="0.004"/>
  <testcase name="보드 저장 실패 &quot;저장되지 않은 유저&quot; 테스트" classname="xb.note.repository.board.management.InMemoryBoardManagementRepositoryTest" time="0.005"/>
  <system-out><![CDATA[20:49:49.639 [Test worker] DEBUG org.springframework.test.context.BootstrapUtils - Instantiating CacheAwareContextLoaderDelegate from class [org.springframework.test.context.cache.DefaultCacheAwareContextLoaderDelegate]
20:49:49.643 [Test worker] DEBUG org.springframework.test.context.BootstrapUtils - Instantiating BootstrapContext using constructor [public org.springframework.test.context.support.DefaultBootstrapContext(java.lang.Class,org.springframework.test.context.CacheAwareContextLoaderDelegate)]
20:49:49.653 [Test worker] DEBUG org.springframework.test.context.BootstrapUtils - Instantiating TestContextBootstrapper for test class [xb.note.repository.board.management.InMemoryBoardManagementRepositoryTest] from class [org.springframework.test.context.support.DefaultTestContextBootstrapper]
20:49:49.661 [Test worker] DEBUG org.springframework.test.context.support.AbstractDelegatingSmartContextLoader - Delegating to AnnotationConfigContextLoader to process context configuration [ContextConfigurationAttributes@784c3487 declaringClass = 'xb.note.repository.board.management.InMemoryBoardManagementRepositoryTest', classes = '{class xb.note.repository.board.management.InMemoryBoardManagementRepository, class xb.note.repository.user.management.InMemoryUserManagementRepository}', locations = '{}', inheritLocations = true, initializers = '{}', inheritInitializers = true, name = [null], contextLoaderClass = 'org.springframework.test.context.ContextLoader'].
20:49:49.677 [Test worker] DEBUG org.springframework.test.context.support.ActiveProfilesUtils - Could not find an 'annotation declaring class' for annotation type [org.springframework.test.context.ActiveProfiles] and class [xb.note.repository.board.management.InMemoryBoardManagementRepositoryTest]
20:49:49.677 [Test worker] DEBUG org.springframework.test.context.support.DefaultTestContextBootstrapper - @TestExecutionListeners is not present for class [xb.note.repository.board.management.InMemoryBoardManagementRepositoryTest]: using defaults.
20:49:49.677 [Test worker] INFO org.springframework.test.context.support.DefaultTestContextBootstrapper - Loaded default TestExecutionListener class names from location [META-INF/spring.factories]: [org.springframework.boot.test.autoconfigure.restdocs.RestDocsTestExecutionListener, org.springframework.boot.test.autoconfigure.web.client.MockRestServiceServerResetTestExecutionListener, org.springframework.boot.test.autoconfigure.web.servlet.MockMvcPrintOnlyOnFailureTestExecutionListener, org.springframework.boot.test.autoconfigure.web.servlet.WebDriverTestExecutionListener, org.springframework.boot.test.autoconfigure.webservices.client.MockWebServiceServerTestExecutionListener, org.springframework.boot.test.mock.mockito.MockitoTestExecutionListener, org.springframework.boot.test.mock.mockito.ResetMocksTestExecutionListener, org.springframework.test.context.web.ServletTestExecutionListener, org.springframework.test.context.support.DirtiesContextBeforeModesTestExecutionListener, org.springframework.test.context.event.ApplicationEventsTestExecutionListener, org.springframework.test.context.support.DependencyInjectionTestExecutionListener, org.springframework.test.context.support.DirtiesContextTestExecutionListener, org.springframework.test.context.transaction.TransactionalTestExecutionListener, org.springframework.test.context.jdbc.SqlScriptsTestExecutionListener, org.springframework.test.context.event.EventPublishingTestExecutionListener]
20:49:49.680 [Test worker] DEBUG org.springframework.test.context.support.DefaultTestContextBootstrapper - Skipping candidate TestExecutionListener [org.springframework.test.context.web.ServletTestExecutionListener] due to a missing dependency. Specify custom listener classes or make the default listener classes and their required dependencies available. Offending class: [javax/servlet/ServletContext]
20:49:49.681 [Test worker] DEBUG org.springframework.test.context.support.DefaultTestContextBootstrapper - Skipping candidate TestExecutionListener [org.springframework.test.context.transaction.TransactionalTestExecutionListener] due to a missing dependency. Specify custom listener classes or make the default listener classes and their required dependencies available. Offending class: [org/springframework/transaction/interceptor/TransactionAttributeSource]
20:49:49.681 [Test worker] DEBUG org.springframework.test.context.support.DefaultTestContextBootstrapper - Skipping candidate TestExecutionListener [org.springframework.test.context.jdbc.SqlScriptsTestExecutionListener] due to a missing dependency. Specify custom listener classes or make the default listener classes and their required dependencies available. Offending class: [org/springframework/transaction/interceptor/TransactionAttribute]
20:49:49.681 [Test worker] INFO org.springframework.test.context.support.DefaultTestContextBootstrapper - Using TestExecutionListeners: [org.springframework.test.context.support.DirtiesContextBeforeModesTestExecutionListener@25e2a451, org.springframework.test.context.event.ApplicationEventsTestExecutionListener@1698ee84, org.springframework.boot.test.mock.mockito.MockitoTestExecutionListener@10c626be, org.springframework.test.context.support.DependencyInjectionTestExecutionListener@2fc0cc3, org.springframework.test.context.support.DirtiesContextTestExecutionListener@328cf0e1, org.springframework.test.context.event.EventPublishingTestExecutionListener@63b1d4fa, org.springframework.boot.test.autoconfigure.restdocs.RestDocsTestExecutionListener@42e3ede4, org.springframework.boot.test.autoconfigure.web.client.MockRestServiceServerResetTestExecutionListener@201b6b6f, org.springframework.boot.test.autoconfigure.web.servlet.MockMvcPrintOnlyOnFailureTestExecutionListener@75459c75, org.springframework.boot.test.autoconfigure.web.servlet.WebDriverTestExecutionListener@183e8023, org.springframework.boot.test.autoconfigure.webservices.client.MockWebServiceServerTestExecutionListener@45efc20d, org.springframework.boot.test.mock.mockito.ResetMocksTestExecutionListener@3e5499cc]
20:49:49.682 [Test worker] DEBUG org.springframework.test.context.support.AbstractDirtiesContextTestExecutionListener - Before test class: context [DefaultTestContext@42f48531 testClass = InMemoryBoardManagementRepositoryTest, testInstance = [null], testMethod = [null], testException = [null], mergedContextConfiguration = [MergedContextConfiguration@a776e testClass = InMemoryBoardManagementRepositoryTest, locations = '{}', classes = '{class xb.note.repository.board.management.InMemoryBoardManagementRepository, class xb.note.repository.user.management.InMemoryUserManagementRepository}', contextInitializerClasses = '[]', activeProfiles = '{}', propertySourceLocations = '{}', propertySourceProperties = '{}', contextCustomizers = set[org.springframework.boot.test.autoconfigure.actuate.metrics.MetricsExportContextCustomizerFactory$DisableMetricExportContextCustomizer@6e6d5d29, org.springframework.boot.test.autoconfigure.properties.PropertyMappingContextCustomizer@0, org.springframework.boot.test.autoconfigure.web.servlet.WebDriverContextCustomizerFactory$Customizer@5c18016b, org.springframework.boot.test.context.filter.ExcludeFilterContextCustomizer@e98770d, org.springframework.boot.test.json.DuplicateJsonObjectContextCustomizerFactory$DuplicateJsonObjectContextCustomizer@18cebaa5, org.springframework.boot.test.mock.mockito.MockitoContextCustomizer@0], contextLoader = 'org.springframework.test.context.support.DelegatingSmartContextLoader', parent = [null]], attributes = map[[empty]]], class annotated with @DirtiesContext [false] with mode [null].
20:49:49.686 [Test worker] DEBUG org.springframework.test.context.support.DependencyInjectionTestExecutionListener - Performing dependency injection for test context [[DefaultTestContext@42f48531 testClass = InMemoryBoardManagementRepositoryTest, testInstance = xb.note.repository.board.management.InMemoryBoardManagementRepositoryTest@6d304f9d, testMethod = [null], testException = [null], mergedContextConfiguration = [MergedContextConfiguration@a776e testClass = InMemoryBoardManagementRepositoryTest, locations = '{}', classes = '{class xb.note.repository.board.management.InMemoryBoardManagementRepository, class xb.note.repository.user.management.InMemoryUserManagementRepository}', contextInitializerClasses = '[]', activeProfiles = '{}', propertySourceLocations = '{}', propertySourceProperties = '{}', contextCustomizers = set[org.springframework.boot.test.autoconfigure.actuate.metrics.MetricsExportContextCustomizerFactory$DisableMetricExportContextCustomizer@6e6d5d29, org.springframework.boot.test.autoconfigure.properties.PropertyMappingContextCustomizer@0, org.springframework.boot.test.autoconfigure.web.servlet.WebDriverContextCustomizerFactory$Customizer@5c18016b, org.springframework.boot.test.context.filter.ExcludeFilterContextCustomizer@e98770d, org.springframework.boot.test.json.DuplicateJsonObjectContextCustomizerFactory$DuplicateJsonObjectContextCustomizer@18cebaa5, org.springframework.boot.test.mock.mockito.MockitoContextCustomizer@0], contextLoader = 'org.springframework.test.context.support.DelegatingSmartContextLoader', parent = [null]], attributes = map['org.springframework.test.context.event.ApplicationEventsTestExecutionListener.recordApplicationEvents' -> false]]].
20:49:49.687 [Test worker] DEBUG org.springframework.test.context.support.AbstractDelegatingSmartContextLoader - Delegating to AnnotationConfigContextLoader to load context from [MergedContextConfiguration@a776e testClass = InMemoryBoardManagementRepositoryTest, locations = '{}', classes = '{class xb.note.repository.board.management.InMemoryBoardManagementRepository, class xb.note.repository.user.management.InMemoryUserManagementRepository}', contextInitializerClasses = '[]', activeProfiles = '{}', propertySourceLocations = '{}', propertySourceProperties = '{}', contextCustomizers = set[org.springframework.boot.test.autoconfigure.actuate.metrics.MetricsExportContextCustomizerFactory$DisableMetricExportContextCustomizer@6e6d5d29, org.springframework.boot.test.autoconfigure.properties.PropertyMappingContextCustomizer@0, org.springframework.boot.test.autoconfigure.web.servlet.WebDriverContextCustomizerFactory$Customizer@5c18016b, org.springframework.boot.test.context.filter.ExcludeFilterContextCustomizer@e98770d, org.springframework.boot.test.json.DuplicateJsonObjectContextCustomizerFactory$DuplicateJsonObjectContextCustomizer@18cebaa5, org.springframework.boot.test.mock.mockito.MockitoContextCustomizer@0], contextLoader = 'org.springframework.test.context.support.DelegatingSmartContextLoader', parent = [null]].
20:49:49.687 [Test worker] DEBUG org.springframework.test.context.support.AbstractGenericContextLoader - Loading ApplicationContext for merged context configuration [[MergedContextConfiguration@a776e testClass = InMemoryBoardManagementRepositoryTest, locations = '{}', classes = '{class xb.note.repository.board.management.InMemoryBoardManagementRepository, class xb.note.repository.user.management.InMemoryUserManagementRepository}', contextInitializerClasses = '[]', activeProfiles = '{}', propertySourceLocations = '{}', propertySourceProperties = '{}', contextCustomizers = set[org.springframework.boot.test.autoconfigure.actuate.metrics.MetricsExportContextCustomizerFactory$DisableMetricExportContextCustomizer@6e6d5d29, org.springframework.boot.test.autoconfigure.properties.PropertyMappingContextCustomizer@0, org.springframework.boot.test.autoconfigure.web.servlet.WebDriverContextCustomizerFactory$Customizer@5c18016b, org.springframework.boot.test.context.filter.ExcludeFilterContextCustomizer@e98770d, org.springframework.boot.test.json.DuplicateJsonObjectContextCustomizerFactory$DuplicateJsonObjectContextCustomizer@18cebaa5, org.springframework.boot.test.mock.mockito.MockitoContextCustomizer@0], contextLoader = 'org.springframework.test.context.support.DelegatingSmartContextLoader', parent = [null]]].
20:49:49.705 [Test worker] DEBUG org.springframework.core.env.StandardEnvironment - Activating profiles []
20:49:49.705 [Test worker] DEBUG org.springframework.test.context.support.AnnotationConfigContextLoader - Registering component classes: {class xb.note.repository.board.management.InMemoryBoardManagementRepository, class xb.note.repository.user.management.InMemoryUserManagementRepository}
20:49:49.722 [Test worker] DEBUG org.springframework.context.support.GenericApplicationContext - Refreshing org.springframework.context.support.GenericApplicationContext@62dae540
20:49:49.728 [Test worker] DEBUG org.springframework.beans.factory.support.DefaultListableBeanFactory - Creating shared instance of singleton bean 'org.springframework.context.annotation.internalConfigurationAnnotationProcessor'
20:49:49.740 [Test worker] DEBUG org.springframework.beans.factory.support.DefaultListableBeanFactory - Creating shared instance of singleton bean 'org.springframework.boot.test.mock.mockito.MockitoPostProcessor'
20:49:49.746 [Test worker] DEBUG org.springframework.beans.factory.support.DefaultListableBeanFactory - Creating shared instance of singleton bean 'org.springframework.context.event.internalEventListenerProcessor'
20:49:49.747 [Test worker] DEBUG org.springframework.beans.factory.support.DefaultListableBeanFactory - Creating shared instance of singleton bean 'org.springframework.context.event.internalEventListenerFactory'
20:49:49.747 [Test worker] DEBUG org.springframework.beans.factory.support.DefaultListableBeanFactory - Creating shared instance of singleton bean 'org.springframework.context.annotation.internalAutowiredAnnotationProcessor'
20:49:49.748 [Test worker] DEBUG org.springframework.beans.factory.support.DefaultListableBeanFactory - Creating shared instance of singleton bean 'org.springframework.context.annotation.internalCommonAnnotationProcessor'
20:49:49.750 [Test worker] DEBUG org.springframework.beans.factory.support.DefaultListableBeanFactory - Creating shared instance of singleton bean 'org.springframework.boot.test.mock.mockito.MockitoPostProcessor$SpyPostProcessor'
20:49:49.754 [Test worker] DEBUG org.springframework.beans.factory.support.DefaultListableBeanFactory - Creating shared instance of singleton bean 'inMemoryBoardManagementRepository'
20:49:49.764 [Test worker] DEBUG org.springframework.beans.factory.support.DefaultListableBeanFactory - Creating shared instance of singleton bean 'inMemoryUserManagementRepository'
20:49:49.768 [Test worker] DEBUG org.springframework.test.context.cache.DefaultCacheAwareContextLoaderDelegate - Storing ApplicationContext [1658512704] in cache under key [[MergedContextConfiguration@a776e testClass = InMemoryBoardManagementRepositoryTest, locations = '{}', classes = '{class xb.note.repository.board.management.InMemoryBoardManagementRepository, class xb.note.repository.user.management.InMemoryUserManagementRepository}', contextInitializerClasses = '[]', activeProfiles = '{}', propertySourceLocations = '{}', propertySourceProperties = '{}', contextCustomizers = set[org.springframework.boot.test.autoconfigure.actuate.metrics.MetricsExportContextCustomizerFactory$DisableMetricExportContextCustomizer@6e6d5d29, org.springframework.boot.test.autoconfigure.properties.PropertyMappingContextCustomizer@0, org.springframework.boot.test.autoconfigure.web.servlet.WebDriverContextCustomizerFactory$Customizer@5c18016b, org.springframework.boot.test.context.filter.ExcludeFilterContextCustomizer@e98770d, org.springframework.boot.test.json.DuplicateJsonObjectContextCustomizerFactory$DuplicateJsonObjectContextCustomizer@18cebaa5, org.springframework.boot.test.mock.mockito.MockitoContextCustomizer@0], contextLoader = 'org.springframework.test.context.support.DelegatingSmartContextLoader', parent = [null]]]
20:49:49.769 [Test worker] DEBUG org.springframework.test.context.cache - Spring test ApplicationContext cache statistics: [DefaultContextCache@1deb2c43 size = 1, maxSize = 32, parentContextCount = 0, hitCount = 0, missCount = 1]
20:49:49.772 [Test worker] DEBUG org.springframework.test.context.cache.DefaultCacheAwareContextLoaderDelegate - Retrieved ApplicationContext [1658512704] from cache with key [[MergedContextConfiguration@a776e testClass = InMemoryBoardManagementRepositoryTest, locations = '{}', classes = '{class xb.note.repository.board.management.InMemoryBoardManagementRepository, class xb.note.repository.user.management.InMemoryUserManagementRepository}', contextInitializerClasses = '[]', activeProfiles = '{}', propertySourceLocations = '{}', propertySourceProperties = '{}', contextCustomizers = set[org.springframework.boot.test.autoconfigure.actuate.metrics.MetricsExportContextCustomizerFactory$DisableMetricExportContextCustomizer@6e6d5d29, org.springframework.boot.test.autoconfigure.properties.PropertyMappingContextCustomizer@0, org.springframework.boot.test.autoconfigure.web.servlet.WebDriverContextCustomizerFactory$Customizer@5c18016b, org.springframework.boot.test.context.filter.ExcludeFilterContextCustomizer@e98770d, org.springframework.boot.test.json.DuplicateJsonObjectContextCustomizerFactory$DuplicateJsonObjectContextCustomizer@18cebaa5, org.springframework.boot.test.mock.mockito.MockitoContextCustomizer@0], contextLoader = 'org.springframework.test.context.support.DelegatingSmartContextLoader', parent = [null]]]
20:49:49.772 [Test worker] DEBUG org.springframework.test.context.cache - Spring test ApplicationContext cache statistics: [DefaultContextCache@1deb2c43 size = 1, maxSize = 32, parentContextCount = 0, hitCount = 1, missCount = 1]
20:49:49.773 [Test worker] DEBUG org.springframework.test.context.support.AbstractDirtiesContextTestExecutionListener - Before test method: context [DefaultTestContext@42f48531 testClass = InMemoryBoardManagementRepositoryTest, testInstance = xb.note.repository.board.management.InMemoryBoardManagementRepositoryTest@6d304f9d, testMethod = DELETE_BOARD_TEST@InMemoryBoardManagementRepositoryTest, testException = [null], mergedContextConfiguration = [MergedContextConfiguration@a776e testClass = InMemoryBoardManagementRepositoryTest, locations = '{}', classes = '{class xb.note.repository.board.management.InMemoryBoardManagementRepository, class xb.note.repository.user.management.InMemoryUserManagementRepository}', contextInitializerClasses = '[]', activeProfiles = '{}', propertySourceLocations = '{}', propertySourceProperties = '{}', contextCustomizers = set[org.springframework.boot.test.autoconfigure.actuate.metrics.MetricsExportContextCustomizerFactory$DisableMetricExportContextCustomizer@6e6d5d29, org.springframework.boot.test.autoconfigure.properties.PropertyMappingContextCustomizer@0, org.springframework.boot.test.autoconfigure.web.servlet.WebDriverContextCustomizerFactory$Customizer@5c18016b, org.springframework.boot.test.context.filter.ExcludeFilterContextCustomizer@e98770d, org.springframework.boot.test.json.DuplicateJsonObjectContextCustomizerFactory$DuplicateJsonObjectContextCustomizer@18cebaa5, org.springframework.boot.test.mock.mockito.MockitoContextCustomizer@0], contextLoader = 'org.springframework.test.context.support.DelegatingSmartContextLoader', parent = [null]], attributes = map['org.springframework.test.context.event.ApplicationEventsTestExecutionListener.recordApplicationEvents' -> false]], class annotated with @DirtiesContext [false] with mode [null], method annotated with @DirtiesContext [false] with mode [null].
20:49:49.774 [Test worker] DEBUG org.springframework.test.context.cache.DefaultCacheAwareContextLoaderDelegate - Retrieved ApplicationContext [1658512704] from cache with key [[MergedContextConfiguration@a776e testClass = InMemoryBoardManagementRepositoryTest, locations = '{}', classes = '{class xb.note.repository.board.management.InMemoryBoardManagementRepository, class xb.note.repository.user.management.InMemoryUserManagementRepository}', contextInitializerClasses = '[]', activeProfiles = '{}', propertySourceLocations = '{}', propertySourceProperties = '{}', contextCustomizers = set[org.springframework.boot.test.autoconfigure.actuate.metrics.MetricsExportContextCustomizerFactory$DisableMetricExportContextCustomizer@6e6d5d29, org.springframework.boot.test.autoconfigure.properties.PropertyMappingContextCustomizer@0, org.springframework.boot.test.autoconfigure.web.servlet.WebDriverContextCustomizerFactory$Customizer@5c18016b, org.springframework.boot.test.context.filter.ExcludeFilterContextCustomizer@e98770d, org.springframework.boot.test.json.DuplicateJsonObjectContextCustomizerFactory$DuplicateJsonObjectContextCustomizer@18cebaa5, org.springframework.boot.test.mock.mockito.MockitoContextCustomizer@0], contextLoader = 'org.springframework.test.context.support.DelegatingSmartContextLoader', parent = [null]]]
20:49:49.774 [Test worker] DEBUG org.springframework.test.context.cache - Spring test ApplicationContext cache statistics: [DefaultContextCache@1deb2c43 size = 1, maxSize = 32, parentContextCount = 0, hitCount = 2, missCount = 1]
20:49:49.774 [Test worker] DEBUG org.springframework.test.context.cache.DefaultCacheAwareContextLoaderDelegate - Retrieved ApplicationContext [1658512704] from cache with key [[MergedContextConfiguration@a776e testClass = InMemoryBoardManagementRepositoryTest, locations = '{}', classes = '{class xb.note.repository.board.management.InMemoryBoardManagementRepository, class xb.note.repository.user.management.InMemoryUserManagementRepository}', contextInitializerClasses = '[]', activeProfiles = '{}', propertySourceLocations = '{}', propertySourceProperties = '{}', contextCustomizers = set[org.springframework.boot.test.autoconfigure.actuate.metrics.MetricsExportContextCustomizerFactory$DisableMetricExportContextCustomizer@6e6d5d29, org.springframework.boot.test.autoconfigure.properties.PropertyMappingContextCustomizer@0, org.springframework.boot.test.autoconfigure.web.servlet.WebDriverContextCustomizerFactory$Customizer@5c18016b, org.springframework.boot.test.context.filter.ExcludeFilterContextCustomizer@e98770d, org.springframework.boot.test.json.DuplicateJsonObjectContextCustomizerFactory$DuplicateJsonObjectContextCustomizer@18cebaa5, org.springframework.boot.test.mock.mockito.MockitoContextCustomizer@0], contextLoader = 'org.springframework.test.context.support.DelegatingSmartContextLoader', parent = [null]]]
20:49:49.774 [Test worker] DEBUG org.springframework.test.context.cache - Spring test ApplicationContext cache statistics: [DefaultContextCache@1deb2c43 size = 1, maxSize = 32, parentContextCount = 0, hitCount = 3, missCount = 1]
20:49:49.909 [Test worker] DEBUG org.springframework.test.context.cache.DefaultCacheAwareContextLoaderDelegate - Retrieved ApplicationContext [1658512704] from cache with key [[MergedContextConfiguration@a776e testClass = InMemoryBoardManagementRepositoryTest, locations = '{}', classes = '{class xb.note.repository.board.management.InMemoryBoardManagementRepository, class xb.note.repository.user.management.InMemoryUserManagementRepository}', contextInitializerClasses = '[]', activeProfiles = '{}', propertySourceLocations = '{}', propertySourceProperties = '{}', contextCustomizers = set[org.springframework.boot.test.autoconfigure.actuate.metrics.MetricsExportContextCustomizerFactory$DisableMetricExportContextCustomizer@6e6d5d29, org.springframework.boot.test.autoconfigure.properties.PropertyMappingContextCustomizer@0, org.springframework.boot.test.autoconfigure.web.servlet.WebDriverContextCustomizerFactory$Customizer@5c18016b, org.springframework.boot.test.context.filter.ExcludeFilterContextCustomizer@e98770d, org.springframework.boot.test.json.DuplicateJsonObjectContextCustomizerFactory$DuplicateJsonObjectContextCustomizer@18cebaa5, org.springframework.boot.test.mock.mockito.MockitoContextCustomizer@0], contextLoader = 'org.springframework.test.context.support.DelegatingSmartContextLoader', parent = [null]]]
20:49:49.910 [Test worker] DEBUG org.springframework.test.context.cache - Spring test ApplicationContext cache statistics: [DefaultContextCache@1deb2c43 size = 1, maxSize = 32, parentContextCount = 0, hitCount = 4, missCount = 1]
20:49:49.915 [Test worker] DEBUG org.springframework.test.context.cache.DefaultCacheAwareContextLoaderDelegate - Retrieved ApplicationContext [1658512704] from cache with key [[MergedContextConfiguration@a776e testClass = InMemoryBoardManagementRepositoryTest, locations = '{}', classes = '{class xb.note.repository.board.management.InMemoryBoardManagementRepository, class xb.note.repository.user.management.InMemoryUserManagementRepository}', contextInitializerClasses = '[]', activeProfiles = '{}', propertySourceLocations = '{}', propertySourceProperties = '{}', contextCustomizers = set[org.springframework.boot.test.autoconfigure.actuate.metrics.MetricsExportContextCustomizerFactory$DisableMetricExportContextCustomizer@6e6d5d29, org.springframework.boot.test.autoconfigure.properties.PropertyMappingContextCustomizer@0, org.springframework.boot.test.autoconfigure.web.servlet.WebDriverContextCustomizerFactory$Customizer@5c18016b, org.springframework.boot.test.context.filter.ExcludeFilterContextCustomizer@e98770d, org.springframework.boot.test.json.DuplicateJsonObjectContextCustomizerFactory$DuplicateJsonObjectContextCustomizer@18cebaa5, org.springframework.boot.test.mock.mockito.MockitoContextCustomizer@0], contextLoader = 'org.springframework.test.context.support.DelegatingSmartContextLoader', parent = [null]]]
20:49:49.915 [Test worker] DEBUG org.springframework.test.context.cache - Spring test ApplicationContext cache statistics: [DefaultContextCache@1deb2c43 size = 1, maxSize = 32, parentContextCount = 0, hitCount = 5, missCount = 1]
20:49:49.916 [Test worker] DEBUG org.springframework.test.context.cache.DefaultCacheAwareContextLoaderDelegate - Retrieved ApplicationContext [1658512704] from cache with key [[MergedContextConfiguration@a776e testClass = InMemoryBoardManagementRepositoryTest, locations = '{}', classes = '{class xb.note.repository.board.management.InMemoryBoardManagementRepository, class xb.note.repository.user.management.InMemoryUserManagementRepository}', contextInitializerClasses = '[]', activeProfiles = '{}', propertySourceLocations = '{}', propertySourceProperties = '{}', contextCustomizers = set[org.springframework.boot.test.autoconfigure.actuate.metrics.MetricsExportContextCustomizerFactory$DisableMetricExportContextCustomizer@6e6d5d29, org.springframework.boot.test.autoconfigure.properties.PropertyMappingContextCustomizer@0, org.springframework.boot.test.autoconfigure.web.servlet.WebDriverContextCustomizerFactory$Customizer@5c18016b, org.springframework.boot.test.context.filter.ExcludeFilterContextCustomizer@e98770d, org.springframework.boot.test.json.DuplicateJsonObjectContextCustomizerFactory$DuplicateJsonObjectContextCustomizer@18cebaa5, org.springframework.boot.test.mock.mockito.MockitoContextCustomizer@0], contextLoader = 'org.springframework.test.context.support.DelegatingSmartContextLoader', parent = [null]]]
20:49:49.916 [Test worker] DEBUG org.springframework.test.context.cache - Spring test ApplicationContext cache statistics: [DefaultContextCache@1deb2c43 size = 1, maxSize = 32, parentContextCount = 0, hitCount = 6, missCount = 1]
20:49:49.916 [Test worker] DEBUG org.springframework.test.context.cache.DefaultCacheAwareContextLoaderDelegate - Retrieved ApplicationContext [1658512704] from cache with key [[MergedContextConfiguration@a776e testClass = InMemoryBoardManagementRepositoryTest, locations = '{}', classes = '{class xb.note.repository.board.management.InMemoryBoardManagementRepository, class xb.note.repository.user.management.InMemoryUserManagementRepository}', contextInitializerClasses = '[]', activeProfiles = '{}', propertySourceLocations = '{}', propertySourceProperties = '{}', contextCustomizers = set[org.springframework.boot.test.autoconfigure.actuate.metrics.MetricsExportContextCustomizerFactory$DisableMetricExportContextCustomizer@6e6d5d29, org.springframework.boot.test.autoconfigure.properties.PropertyMappingContextCustomizer@0, org.springframework.boot.test.autoconfigure.web.servlet.WebDriverContextCustomizerFactory$Customizer@5c18016b, org.springframework.boot.test.context.filter.ExcludeFilterContextCustomizer@e98770d, org.springframework.boot.test.json.DuplicateJsonObjectContextCustomizerFactory$DuplicateJsonObjectContextCustomizer@18cebaa5, org.springframework.boot.test.mock.mockito.MockitoContextCustomizer@0], contextLoader = 'org.springframework.test.context.support.DelegatingSmartContextLoader', parent = [null]]]
20:49:49.916 [Test worker] DEBUG org.springframework.test.context.cache - Spring test ApplicationContext cache statistics: [DefaultContextCache@1deb2c43 size = 1, maxSize = 32, parentContextCount = 0, hitCount = 7, missCount = 1]
20:49:49.916 [Test worker] DEBUG org.springframework.test.context.cache.DefaultCacheAwareContextLoaderDelegate - Retrieved ApplicationContext [1658512704] from cache with key [[MergedContextConfiguration@a776e testClass = InMemoryBoardManagementRepositoryTest, locations = '{}', classes = '{class xb.note.repository.board.management.InMemoryBoardManagementRepository, class xb.note.repository.user.management.InMemoryUserManagementRepository}', contextInitializerClasses = '[]', activeProfiles = '{}', propertySourceLocations = '{}', propertySourceProperties = '{}', contextCustomizers = set[org.springframework.boot.test.autoconfigure.actuate.metrics.MetricsExportContextCustomizerFactory$DisableMetricExportContextCustomizer@6e6d5d29, org.springframework.boot.test.autoconfigure.properties.PropertyMappingContextCustomizer@0, org.springframework.boot.test.autoconfigure.web.servlet.WebDriverContextCustomizerFactory$Customizer@5c18016b, org.springframework.boot.test.context.filter.ExcludeFilterContextCustomizer@e98770d, org.springframework.boot.test.json.DuplicateJsonObjectContextCustomizerFactory$DuplicateJsonObjectContextCustomizer@18cebaa5, org.springframework.boot.test.mock.mockito.MockitoContextCustomizer@0], contextLoader = 'org.springframework.test.context.support.DelegatingSmartContextLoader', parent = [null]]]
20:49:49.916 [Test worker] DEBUG org.springframework.test.context.cache - Spring test ApplicationContext cache statistics: [DefaultContextCache@1deb2c43 size = 1, maxSize = 32, parentContextCount = 0, hitCount = 8, missCount = 1]
20:49:49.916 [Test worker] DEBUG org.springframework.test.context.cache.DefaultCacheAwareContextLoaderDelegate - Retrieved ApplicationContext [1658512704] from cache with key [[MergedContextConfiguration@a776e testClass = InMemoryBoardManagementRepositoryTest, locations = '{}', classes = '{class xb.note.repository.board.management.InMemoryBoardManagementRepository, class xb.note.repository.user.management.InMemoryUserManagementRepository}', contextInitializerClasses = '[]', activeProfiles = '{}', propertySourceLocations = '{}', propertySourceProperties = '{}', contextCustomizers = set[org.springframework.boot.test.autoconfigure.actuate.metrics.MetricsExportContextCustomizerFactory$DisableMetricExportContextCustomizer@6e6d5d29, org.springframework.boot.test.autoconfigure.properties.PropertyMappingContextCustomizer@0, org.springframework.boot.test.autoconfigure.web.servlet.WebDriverContextCustomizerFactory$Customizer@5c18016b, org.springframework.boot.test.context.filter.ExcludeFilterContextCustomizer@e98770d, org.springframework.boot.test.json.DuplicateJsonObjectContextCustomizerFactory$DuplicateJsonObjectContextCustomizer@18cebaa5, org.springframework.boot.test.mock.mockito.MockitoContextCustomizer@0], contextLoader = 'org.springframework.test.context.support.DelegatingSmartContextLoader', parent = [null]]]
20:49:49.917 [Test worker] DEBUG org.springframework.test.context.cache - Spring test ApplicationContext cache statistics: [DefaultContextCache@1deb2c43 size = 1, maxSize = 32, parentContextCount = 0, hitCount = 9, missCount = 1]
20:49:49.917 [Test worker] DEBUG org.springframework.test.context.cache.DefaultCacheAwareContextLoaderDelegate - Retrieved ApplicationContext [1658512704] from cache with key [[MergedContextConfiguration@a776e testClass = InMemoryBoardManagementRepositoryTest, locations = '{}', classes = '{class xb.note.repository.board.management.InMemoryBoardManagementRepository, class xb.note.repository.user.management.InMemoryUserManagementRepository}', contextInitializerClasses = '[]', activeProfiles = '{}', propertySourceLocations = '{}', propertySourceProperties = '{}', contextCustomizers = set[org.springframework.boot.test.autoconfigure.actuate.metrics.MetricsExportContextCustomizerFactory$DisableMetricExportContextCustomizer@6e6d5d29, org.springframework.boot.test.autoconfigure.properties.PropertyMappingContextCustomizer@0, org.springframework.boot.test.autoconfigure.web.servlet.WebDriverContextCustomizerFactory$Customizer@5c18016b, org.springframework.boot.test.context.filter.ExcludeFilterContextCustomizer@e98770d, org.springframework.boot.test.json.DuplicateJsonObjectContextCustomizerFactory$DuplicateJsonObjectContextCustomizer@18cebaa5, org.springframework.boot.test.mock.mockito.MockitoContextCustomizer@0], contextLoader = 'org.springframework.test.context.support.DelegatingSmartContextLoader', parent = [null]]]
20:49:49.917 [Test worker] DEBUG org.springframework.test.context.cache - Spring test ApplicationContext cache statistics: [DefaultContextCache@1deb2c43 size = 1, maxSize = 32, parentContextCount = 0, hitCount = 10, missCount = 1]
20:49:49.917 [Test worker] DEBUG org.springframework.test.context.support.AbstractDirtiesContextTestExecutionListener - After test method: context [DefaultTestContext@42f48531 testClass = InMemoryBoardManagementRepositoryTest, testInstance = xb.note.repository.board.management.InMemoryBoardManagementRepositoryTest@6d304f9d, testMethod = DELETE_BOARD_TEST@InMemoryBoardManagementRepositoryTest, testException = [null], mergedContextConfiguration = [MergedContextConfiguration@a776e testClass = InMemoryBoardManagementRepositoryTest, locations = '{}', classes = '{class xb.note.repository.board.management.InMemoryBoardManagementRepository, class xb.note.repository.user.management.InMemoryUserManagementRepository}', contextInitializerClasses = '[]', activeProfiles = '{}', propertySourceLocations = '{}', propertySourceProperties = '{}', contextCustomizers = set[org.springframework.boot.test.autoconfigure.actuate.metrics.MetricsExportContextCustomizerFactory$DisableMetricExportContextCustomizer@6e6d5d29, org.springframework.boot.test.autoconfigure.properties.PropertyMappingContextCustomizer@0, org.springframework.boot.test.autoconfigure.web.servlet.WebDriverContextCustomizerFactory$Customizer@5c18016b, org.springframework.boot.test.context.filter.ExcludeFilterContextCustomizer@e98770d, org.springframework.boot.test.json.DuplicateJsonObjectContextCustomizerFactory$DuplicateJsonObjectContextCustomizer@18cebaa5, org.springframework.boot.test.mock.mockito.MockitoContextCustomizer@0], contextLoader = 'org.springframework.test.context.support.DelegatingSmartContextLoader', parent = [null]], attributes = map['org.springframework.test.context.event.ApplicationEventsTestExecutionListener.recordApplicationEvents' -> false]], class annotated with @DirtiesContext [false] with mode [null], method annotated with @DirtiesContext [false] with mode [null].
20:49:49.920 [Test worker] DEBUG org.springframework.test.context.support.DependencyInjectionTestExecutionListener - Performing dependency injection for test context [[DefaultTestContext@42f48531 testClass = InMemoryBoardManagementRepositoryTest, testInstance = xb.note.repository.board.management.InMemoryBoardManagementRepositoryTest@1cb7936c, testMethod = [null], testException = [null], mergedContextConfiguration = [MergedContextConfiguration@a776e testClass = InMemoryBoardManagementRepositoryTest, locations = '{}', classes = '{class xb.note.repository.board.management.InMemoryBoardManagementRepository, class xb.note.repository.user.management.InMemoryUserManagementRepository}', contextInitializerClasses = '[]', activeProfiles = '{}', propertySourceLocations = '{}', propertySourceProperties = '{}', contextCustomizers = set[org.springframework.boot.test.autoconfigure.actuate.metrics.MetricsExportContextCustomizerFactory$DisableMetricExportContextCustomizer@6e6d5d29, org.springframework.boot.test.autoconfigure.properties.PropertyMappingContextCustomizer@0, org.springframework.boot.test.autoconfigure.web.servlet.WebDriverContextCustomizerFactory$Customizer@5c18016b, org.springframework.boot.test.context.filter.ExcludeFilterContextCustomizer@e98770d, org.springframework.boot.test.json.DuplicateJsonObjectContextCustomizerFactory$DuplicateJsonObjectContextCustomizer@18cebaa5, org.springframework.boot.test.mock.mockito.MockitoContextCustomizer@0], contextLoader = 'org.springframework.test.context.support.DelegatingSmartContextLoader', parent = [null]], attributes = map['org.springframework.test.context.event.ApplicationEventsTestExecutionListener.recordApplicationEvents' -> false]]].
20:49:49.921 [Test worker] DEBUG org.springframework.test.context.cache.DefaultCacheAwareContextLoaderDelegate - Retrieved ApplicationContext [1658512704] from cache with key [[MergedContextConfiguration@a776e testClass = InMemoryBoardManagementRepositoryTest, locations = '{}', classes = '{class xb.note.repository.board.management.InMemoryBoardManagementRepository, class xb.note.repository.user.management.InMemoryUserManagementRepository}', contextInitializerClasses = '[]', activeProfiles = '{}', propertySourceLocations = '{}', propertySourceProperties = '{}', contextCustomizers = set[org.springframework.boot.test.autoconfigure.actuate.metrics.MetricsExportContextCustomizerFactory$DisableMetricExportContextCustomizer@6e6d5d29, org.springframework.boot.test.autoconfigure.properties.PropertyMappingContextCustomizer@0, org.springframework.boot.test.autoconfigure.web.servlet.WebDriverContextCustomizerFactory$Customizer@5c18016b, org.springframework.boot.test.context.filter.ExcludeFilterContextCustomizer@e98770d, org.springframework.boot.test.json.DuplicateJsonObjectContextCustomizerFactory$DuplicateJsonObjectContextCustomizer@18cebaa5, org.springframework.boot.test.mock.mockito.MockitoContextCustomizer@0], contextLoader = 'org.springframework.test.context.support.DelegatingSmartContextLoader', parent = [null]]]
20:49:49.921 [Test worker] DEBUG org.springframework.test.context.cache - Spring test ApplicationContext cache statistics: [DefaultContextCache@1deb2c43 size = 1, maxSize = 32, parentContextCount = 0, hitCount = 11, missCount = 1]
20:49:49.921 [Test worker] DEBUG org.springframework.test.context.cache.DefaultCacheAwareContextLoaderDelegate - Retrieved ApplicationContext [1658512704] from cache with key [[MergedContextConfiguration@a776e testClass = InMemoryBoardManagementRepositoryTest, locations = '{}', classes = '{class xb.note.repository.board.management.InMemoryBoardManagementRepository, class xb.note.repository.user.management.InMemoryUserManagementRepository}', contextInitializerClasses = '[]', activeProfiles = '{}', propertySourceLocations = '{}', propertySourceProperties = '{}', contextCustomizers = set[org.springframework.boot.test.autoconfigure.actuate.metrics.MetricsExportContextCustomizerFactory$DisableMetricExportContextCustomizer@6e6d5d29, org.springframework.boot.test.autoconfigure.properties.PropertyMappingContextCustomizer@0, org.springframework.boot.test.autoconfigure.web.servlet.WebDriverContextCustomizerFactory$Customizer@5c18016b, org.springframework.boot.test.context.filter.ExcludeFilterContextCustomizer@e98770d, org.springframework.boot.test.json.DuplicateJsonObjectContextCustomizerFactory$DuplicateJsonObjectContextCustomizer@18cebaa5, org.springframework.boot.test.mock.mockito.MockitoContextCustomizer@0], contextLoader = 'org.springframework.test.context.support.DelegatingSmartContextLoader', parent = [null]]]
20:49:49.921 [Test worker] DEBUG org.springframework.test.context.cache - Spring test ApplicationContext cache statistics: [DefaultContextCache@1deb2c43 size = 1, maxSize = 32, parentContextCount = 0, hitCount = 12, missCount = 1]
20:49:49.921 [Test worker] DEBUG org.springframework.test.context.support.AbstractDirtiesContextTestExecutionListener - Before test method: context [DefaultTestContext@42f48531 testClass = InMemoryBoardManagementRepositoryTest, testInstance = xb.note.repository.board.management.InMemoryBoardManagementRepositoryTest@1cb7936c, testMethod = SAVE_AND_READ_BOARD_TEST@InMemoryBoardManagementRepositoryTest, testException = [null], mergedContextConfiguration = [MergedContextConfiguration@a776e testClass = InMemoryBoardManagementRepositoryTest, locations = '{}', classes = '{class xb.note.repository.board.management.InMemoryBoardManagementRepository, class xb.note.repository.user.management.InMemoryUserManagementRepository}', contextInitializerClasses = '[]', activeProfiles = '{}', propertySourceLocations = '{}', propertySourceProperties = '{}', contextCustomizers = set[org.springframework.boot.test.autoconfigure.actuate.metrics.MetricsExportContextCustomizerFactory$DisableMetricExportContextCustomizer@6e6d5d29, org.springframework.boot.test.autoconfigure.properties.PropertyMappingContextCustomizer@0, org.springframework.boot.test.autoconfigure.web.servlet.WebDriverContextCustomizerFactory$Customizer@5c18016b, org.springframework.boot.test.context.filter.ExcludeFilterContextCustomizer@e98770d, org.springframework.boot.test.json.DuplicateJsonObjectContextCustomizerFactory$DuplicateJsonObjectContextCustomizer@18cebaa5, org.springframework.boot.test.mock.mockito.MockitoContextCustomizer@0], contextLoader = 'org.springframework.test.context.support.DelegatingSmartContextLoader', parent = [null]], attributes = map['org.springframework.test.context.event.ApplicationEventsTestExecutionListener.recordApplicationEvents' -> false]], class annotated with @DirtiesContext [false] with mode [null], method annotated with @DirtiesContext [false] with mode [null].
20:49:49.922 [Test worker] DEBUG org.springframework.test.context.cache.DefaultCacheAwareContextLoaderDelegate - Retrieved ApplicationContext [1658512704] from cache with key [[MergedContextConfiguration@a776e testClass = InMemoryBoardManagementRepositoryTest, locations = '{}', classes = '{class xb.note.repository.board.management.InMemoryBoardManagementRepository, class xb.note.repository.user.management.InMemoryUserManagementRepository}', contextInitializerClasses = '[]', activeProfiles = '{}', propertySourceLocations = '{}', propertySourceProperties = '{}', contextCustomizers = set[org.springframework.boot.test.autoconfigure.actuate.metrics.MetricsExportContextCustomizerFactory$DisableMetricExportContextCustomizer@6e6d5d29, org.springframework.boot.test.autoconfigure.properties.PropertyMappingContextCustomizer@0, org.springframework.boot.test.autoconfigure.web.servlet.WebDriverContextCustomizerFactory$Customizer@5c18016b, org.springframework.boot.test.context.filter.ExcludeFilterContextCustomizer@e98770d, org.springframework.boot.test.json.DuplicateJsonObjectContextCustomizerFactory$DuplicateJsonObjectContextCustomizer@18cebaa5, org.springframework.boot.test.mock.mockito.MockitoContextCustomizer@0], contextLoader = 'org.springframework.test.context.support.DelegatingSmartContextLoader', parent = [null]]]
20:49:49.922 [Test worker] DEBUG org.springframework.test.context.cache - Spring test ApplicationContext cache statistics: [DefaultContextCache@1deb2c43 size = 1, maxSize = 32, parentContextCount = 0, hitCount = 13, missCount = 1]
20:49:49.922 [Test worker] DEBUG org.springframework.test.context.cache.DefaultCacheAwareContextLoaderDelegate - Retrieved ApplicationContext [1658512704] from cache with key [[MergedContextConfiguration@a776e testClass = InMemoryBoardManagementRepositoryTest, locations = '{}', classes = '{class xb.note.repository.board.management.InMemoryBoardManagementRepository, class xb.note.repository.user.management.InMemoryUserManagementRepository}', contextInitializerClasses = '[]', activeProfiles = '{}', propertySourceLocations = '{}', propertySourceProperties = '{}', contextCustomizers = set[org.springframework.boot.test.autoconfigure.actuate.metrics.MetricsExportContextCustomizerFactory$DisableMetricExportContextCustomizer@6e6d5d29, org.springframework.boot.test.autoconfigure.properties.PropertyMappingContextCustomizer@0, org.springframework.boot.test.autoconfigure.web.servlet.WebDriverContextCustomizerFactory$Customizer@5c18016b, org.springframework.boot.test.context.filter.ExcludeFilterContextCustomizer@e98770d, org.springframework.boot.test.json.DuplicateJsonObjectContextCustomizerFactory$DuplicateJsonObjectContextCustomizer@18cebaa5, org.springframework.boot.test.mock.mockito.MockitoContextCustomizer@0], contextLoader = 'org.springframework.test.context.support.DelegatingSmartContextLoader', parent = [null]]]
20:49:49.922 [Test worker] DEBUG org.springframework.test.context.cache - Spring test ApplicationContext cache statistics: [DefaultContextCache@1deb2c43 size = 1, maxSize = 32, parentContextCount = 0, hitCount = 14, missCount = 1]
20:49:49.922 [Test worker] DEBUG org.springframework.test.context.cache.DefaultCacheAwareContextLoaderDelegate - Retrieved ApplicationContext [1658512704] from cache with key [[MergedContextConfiguration@a776e testClass = InMemoryBoardManagementRepositoryTest, locations = '{}', classes = '{class xb.note.repository.board.management.InMemoryBoardManagementRepository, class xb.note.repository.user.management.InMemoryUserManagementRepository}', contextInitializerClasses = '[]', activeProfiles = '{}', propertySourceLocations = '{}', propertySourceProperties = '{}', contextCustomizers = set[org.springframework.boot.test.autoconfigure.actuate.metrics.MetricsExportContextCustomizerFactory$DisableMetricExportContextCustomizer@6e6d5d29, org.springframework.boot.test.autoconfigure.properties.PropertyMappingContextCustomizer@0, org.springframework.boot.test.autoconfigure.web.servlet.WebDriverContextCustomizerFactory$Customizer@5c18016b, org.springframework.boot.test.context.filter.ExcludeFilterContextCustomizer@e98770d, org.springframework.boot.test.json.DuplicateJsonObjectContextCustomizerFactory$DuplicateJsonObjectContextCustomizer@18cebaa5, org.springframework.boot.test.mock.mockito.MockitoContextCustomizer@0], contextLoader = 'org.springframework.test.context.support.DelegatingSmartContextLoader', parent = [null]]]
20:49:49.922 [Test worker] DEBUG org.springframework.test.context.cache - Spring test ApplicationContext cache statistics: [DefaultContextCache@1deb2c43 size = 1, maxSize = 32, parentContextCount = 0, hitCount = 15, missCount = 1]
20:49:49.923 [Test worker] DEBUG org.springframework.test.context.cache.DefaultCacheAwareContextLoaderDelegate - Retrieved ApplicationContext [1658512704] from cache with key [[MergedContextConfiguration@a776e testClass = InMemoryBoardManagementRepositoryTest, locations = '{}', classes = '{class xb.note.repository.board.management.InMemoryBoardManagementRepository, class xb.note.repository.user.management.InMemoryUserManagementRepository}', contextInitializerClasses = '[]', activeProfiles = '{}', propertySourceLocations = '{}', propertySourceProperties = '{}', contextCustomizers = set[org.springframework.boot.test.autoconfigure.actuate.metrics.MetricsExportContextCustomizerFactory$DisableMetricExportContextCustomizer@6e6d5d29, org.springframework.boot.test.autoconfigure.properties.PropertyMappingContextCustomizer@0, org.springframework.boot.test.autoconfigure.web.servlet.WebDriverContextCustomizerFactory$Customizer@5c18016b, org.springframework.boot.test.context.filter.ExcludeFilterContextCustomizer@e98770d, org.springframework.boot.test.json.DuplicateJsonObjectContextCustomizerFactory$DuplicateJsonObjectContextCustomizer@18cebaa5, org.springframework.boot.test.mock.mockito.MockitoContextCustomizer@0], contextLoader = 'org.springframework.test.context.support.DelegatingSmartContextLoader', parent = [null]]]
20:49:49.923 [Test worker] DEBUG org.springframework.test.context.cache - Spring test ApplicationContext cache statistics: [DefaultContextCache@1deb2c43 size = 1, maxSize = 32, parentContextCount = 0, hitCount = 16, missCount = 1]
20:49:49.924 [Test worker] DEBUG org.springframework.test.context.cache.DefaultCacheAwareContextLoaderDelegate - Retrieved ApplicationContext [1658512704] from cache with key [[MergedContextConfiguration@a776e testClass = InMemoryBoardManagementRepositoryTest, locations = '{}', classes = '{class xb.note.repository.board.management.InMemoryBoardManagementRepository, class xb.note.repository.user.management.InMemoryUserManagementRepository}', contextInitializerClasses = '[]', activeProfiles = '{}', propertySourceLocations = '{}', propertySourceProperties = '{}', contextCustomizers = set[org.springframework.boot.test.autoconfigure.actuate.metrics.MetricsExportContextCustomizerFactory$DisableMetricExportContextCustomizer@6e6d5d29, org.springframework.boot.test.autoconfigure.properties.PropertyMappingContextCustomizer@0, org.springframework.boot.test.autoconfigure.web.servlet.WebDriverContextCustomizerFactory$Customizer@5c18016b, org.springframework.boot.test.context.filter.ExcludeFilterContextCustomizer@e98770d, org.springframework.boot.test.json.DuplicateJsonObjectContextCustomizerFactory$DuplicateJsonObjectContextCustomizer@18cebaa5, org.springframework.boot.test.mock.mockito.MockitoContextCustomizer@0], contextLoader = 'org.springframework.test.context.support.DelegatingSmartContextLoader', parent = [null]]]
20:49:49.924 [Test worker] DEBUG org.springframework.test.context.cache - Spring test ApplicationContext cache statistics: [DefaultContextCache@1deb2c43 size = 1, maxSize = 32, parentContextCount = 0, hitCount = 17, missCount = 1]
20:49:49.924 [Test worker] DEBUG org.springframework.test.context.cache.DefaultCacheAwareContextLoaderDelegate - Retrieved ApplicationContext [1658512704] from cache with key [[MergedContextConfiguration@a776e testClass = InMemoryBoardManagementRepositoryTest, locations = '{}', classes = '{class xb.note.repository.board.management.InMemoryBoardManagementRepository, class xb.note.repository.user.management.InMemoryUserManagementRepository}', contextInitializerClasses = '[]', activeProfiles = '{}', propertySourceLocations = '{}', propertySourceProperties = '{}', contextCustomizers = set[org.springframework.boot.test.autoconfigure.actuate.metrics.MetricsExportContextCustomizerFactory$DisableMetricExportContextCustomizer@6e6d5d29, org.springframework.boot.test.autoconfigure.properties.PropertyMappingContextCustomizer@0, org.springframework.boot.test.autoconfigure.web.servlet.WebDriverContextCustomizerFactory$Customizer@5c18016b, org.springframework.boot.test.context.filter.ExcludeFilterContextCustomizer@e98770d, org.springframework.boot.test.json.DuplicateJsonObjectContextCustomizerFactory$DuplicateJsonObjectContextCustomizer@18cebaa5, org.springframework.boot.test.mock.mockito.MockitoContextCustomizer@0], contextLoader = 'org.springframework.test.context.support.DelegatingSmartContextLoader', parent = [null]]]
20:49:49.924 [Test worker] DEBUG org.springframework.test.context.cache - Spring test ApplicationContext cache statistics: [DefaultContextCache@1deb2c43 size = 1, maxSize = 32, parentContextCount = 0, hitCount = 18, missCount = 1]
20:49:49.924 [Test worker] DEBUG org.springframework.test.context.cache.DefaultCacheAwareContextLoaderDelegate - Retrieved ApplicationContext [1658512704] from cache with key [[MergedContextConfiguration@a776e testClass = InMemoryBoardManagementRepositoryTest, locations = '{}', classes = '{class xb.note.repository.board.management.InMemoryBoardManagementRepository, class xb.note.repository.user.management.InMemoryUserManagementRepository}', contextInitializerClasses = '[]', activeProfiles = '{}', propertySourceLocations = '{}', propertySourceProperties = '{}', contextCustomizers = set[org.springframework.boot.test.autoconfigure.actuate.metrics.MetricsExportContextCustomizerFactory$DisableMetricExportContextCustomizer@6e6d5d29, org.springframework.boot.test.autoconfigure.properties.PropertyMappingContextCustomizer@0, org.springframework.boot.test.autoconfigure.web.servlet.WebDriverContextCustomizerFactory$Customizer@5c18016b, org.springframework.boot.test.context.filter.ExcludeFilterContextCustomizer@e98770d, org.springframework.boot.test.json.DuplicateJsonObjectContextCustomizerFactory$DuplicateJsonObjectContextCustomizer@18cebaa5, org.springframework.boot.test.mock.mockito.MockitoContextCustomizer@0], contextLoader = 'org.springframework.test.context.support.DelegatingSmartContextLoader', parent = [null]]]
20:49:49.924 [Test worker] DEBUG org.springframework.test.context.cache - Spring test ApplicationContext cache statistics: [DefaultContextCache@1deb2c43 size = 1, maxSize = 32, parentContextCount = 0, hitCount = 19, missCount = 1]
20:49:49.924 [Test worker] DEBUG org.springframework.test.context.cache.DefaultCacheAwareContextLoaderDelegate - Retrieved ApplicationContext [1658512704] from cache with key [[MergedContextConfiguration@a776e testClass = InMemoryBoardManagementRepositoryTest, locations = '{}', classes = '{class xb.note.repository.board.management.InMemoryBoardManagementRepository, class xb.note.repository.user.management.InMemoryUserManagementRepository}', contextInitializerClasses = '[]', activeProfiles = '{}', propertySourceLocations = '{}', propertySourceProperties = '{}', contextCustomizers = set[org.springframework.boot.test.autoconfigure.actuate.metrics.MetricsExportContextCustomizerFactory$DisableMetricExportContextCustomizer@6e6d5d29, org.springframework.boot.test.autoconfigure.properties.PropertyMappingContextCustomizer@0, org.springframework.boot.test.autoconfigure.web.servlet.WebDriverContextCustomizerFactory$Customizer@5c18016b, org.springframework.boot.test.context.filter.ExcludeFilterContextCustomizer@e98770d, org.springframework.boot.test.json.DuplicateJsonObjectContextCustomizerFactory$DuplicateJsonObjectContextCustomizer@18cebaa5, org.springframework.boot.test.mock.mockito.MockitoContextCustomizer@0], contextLoader = 'org.springframework.test.context.support.DelegatingSmartContextLoader', parent = [null]]]
20:49:49.924 [Test worker] DEBUG org.springframework.test.context.cache - Spring test ApplicationContext cache statistics: [DefaultContextCache@1deb2c43 size = 1, maxSize = 32, parentContextCount = 0, hitCount = 20, missCount = 1]
20:49:49.924 [Test worker] DEBUG org.springframework.test.context.cache.DefaultCacheAwareContextLoaderDelegate - Retrieved ApplicationContext [1658512704] from cache with key [[MergedContextConfiguration@a776e testClass = InMemoryBoardManagementRepositoryTest, locations = '{}', classes = '{class xb.note.repository.board.management.InMemoryBoardManagementRepository, class xb.note.repository.user.management.InMemoryUserManagementRepository}', contextInitializerClasses = '[]', activeProfiles = '{}', propertySourceLocations = '{}', propertySourceProperties = '{}', contextCustomizers = set[org.springframework.boot.test.autoconfigure.actuate.metrics.MetricsExportContextCustomizerFactory$DisableMetricExportContextCustomizer@6e6d5d29, org.springframework.boot.test.autoconfigure.properties.PropertyMappingContextCustomizer@0, org.springframework.boot.test.autoconfigure.web.servlet.WebDriverContextCustomizerFactory$Customizer@5c18016b, org.springframework.boot.test.context.filter.ExcludeFilterContextCustomizer@e98770d, org.springframework.boot.test.json.DuplicateJsonObjectContextCustomizerFactory$DuplicateJsonObjectContextCustomizer@18cebaa5, org.springframework.boot.test.mock.mockito.MockitoContextCustomizer@0], contextLoader = 'org.springframework.test.context.support.DelegatingSmartContextLoader', parent = [null]]]
20:49:49.924 [Test worker] DEBUG org.springframework.test.context.cache - Spring test ApplicationContext cache statistics: [DefaultContextCache@1deb2c43 size = 1, maxSize = 32, parentContextCount = 0, hitCount = 21, missCount = 1]
20:49:49.925 [Test worker] DEBUG org.springframework.test.context.support.AbstractDirtiesContextTestExecutionListener - After test method: context [DefaultTestContext@42f48531 testClass = InMemoryBoardManagementRepositoryTest, testInstance = xb.note.repository.board.management.InMemoryBoardManagementRepositoryTest@1cb7936c, testMethod = SAVE_AND_READ_BOARD_TEST@InMemoryBoardManagementRepositoryTest, testException = [null], mergedContextConfiguration = [MergedContextConfiguration@a776e testClass = InMemoryBoardManagementRepositoryTest, locations = '{}', classes = '{class xb.note.repository.board.management.InMemoryBoardManagementRepository, class xb.note.repository.user.management.InMemoryUserManagementRepository}', contextInitializerClasses = '[]', activeProfiles = '{}', propertySourceLocations = '{}', propertySourceProperties = '{}', contextCustomizers = set[org.springframework.boot.test.autoconfigure.actuate.metrics.MetricsExportContextCustomizerFactory$DisableMetricExportContextCustomizer@6e6d5d29, org.springframework.boot.test.autoconfigure.properties.PropertyMappingContextCustomizer@0, org.springframework.boot.test.autoconfigure.web.servlet.WebDriverContextCustomizerFactory$Customizer@5c18016b, org.springframework.boot.test.context.filter.ExcludeFilterContextCustomizer@e98770d, org.springframework.boot.test.json.DuplicateJsonObjectContextCustomizerFactory$DuplicateJsonObjectContextCustomizer@18cebaa5, org.springframework.boot.test.mock.mockito.MockitoContextCustomizer@0], contextLoader = 'org.springframework.test.context.support.DelegatingSmartContextLoader', parent = [null]], attributes = map['org.springframework.test.context.event.ApplicationEventsTestExecutionListener.recordApplicationEvents' -> false]], class annotated with @DirtiesContext [false] with mode [null], method annotated with @DirtiesContext [false] with mode [null].
20:49:49.925 [Test worker] DEBUG org.springframework.test.context.support.DependencyInjectionTestExecutionListener - Performing dependency injection for test context [[DefaultTestContext@42f48531 testClass = InMemoryBoardManagementRepositoryTest, testInstance = xb.note.repository.board.management.InMemoryBoardManagementRepositoryTest@422b8438, testMethod = [null], testException = [null], mergedContextConfiguration = [MergedContextConfiguration@a776e testClass = InMemoryBoardManagementRepositoryTest, locations = '{}', classes = '{class xb.note.repository.board.management.InMemoryBoardManagementRepository, class xb.note.repository.user.management.InMemoryUserManagementRepository}', contextInitializerClasses = '[]', activeProfiles = '{}', propertySourceLocations = '{}', propertySourceProperties = '{}', contextCustomizers = set[org.springframework.boot.test.autoconfigure.actuate.metrics.MetricsExportContextCustomizerFactory$DisableMetricExportContextCustomizer@6e6d5d29, org.springframework.boot.test.autoconfigure.properties.PropertyMappingContextCustomizer@0, org.springframework.boot.test.autoconfigure.web.servlet.WebDriverContextCustomizerFactory$Customizer@5c18016b, org.springframework.boot.test.context.filter.ExcludeFilterContextCustomizer@e98770d, org.springframework.boot.test.json.DuplicateJsonObjectContextCustomizerFactory$DuplicateJsonObjectContextCustomizer@18cebaa5, org.springframework.boot.test.mock.mockito.MockitoContextCustomizer@0], contextLoader = 'org.springframework.test.context.support.DelegatingSmartContextLoader', parent = [null]], attributes = map['org.springframework.test.context.event.ApplicationEventsTestExecutionListener.recordApplicationEvents' -> false]]].
20:49:49.925 [Test worker] DEBUG org.springframework.test.context.cache.DefaultCacheAwareContextLoaderDelegate - Retrieved ApplicationContext [1658512704] from cache with key [[MergedContextConfiguration@a776e testClass = InMemoryBoardManagementRepositoryTest, locations = '{}', classes = '{class xb.note.repository.board.management.InMemoryBoardManagementRepository, class xb.note.repository.user.management.InMemoryUserManagementRepository}', contextInitializerClasses = '[]', activeProfiles = '{}', propertySourceLocations = '{}', propertySourceProperties = '{}', contextCustomizers = set[org.springframework.boot.test.autoconfigure.actuate.metrics.MetricsExportContextCustomizerFactory$DisableMetricExportContextCustomizer@6e6d5d29, org.springframework.boot.test.autoconfigure.properties.PropertyMappingContextCustomizer@0, org.springframework.boot.test.autoconfigure.web.servlet.WebDriverContextCustomizerFactory$Customizer@5c18016b, org.springframework.boot.test.context.filter.ExcludeFilterContextCustomizer@e98770d, org.springframework.boot.test.json.DuplicateJsonObjectContextCustomizerFactory$DuplicateJsonObjectContextCustomizer@18cebaa5, org.springframework.boot.test.mock.mockito.MockitoContextCustomizer@0], contextLoader = 'org.springframework.test.context.support.DelegatingSmartContextLoader', parent = [null]]]
20:49:49.925 [Test worker] DEBUG org.springframework.test.context.cache - Spring test ApplicationContext cache statistics: [DefaultContextCache@1deb2c43 size = 1, maxSize = 32, parentContextCount = 0, hitCount = 22, missCount = 1]
20:49:49.926 [Test worker] DEBUG org.springframework.test.context.cache.DefaultCacheAwareContextLoaderDelegate - Retrieved ApplicationContext [1658512704] from cache with key [[MergedContextConfiguration@a776e testClass = InMemoryBoardManagementRepositoryTest, locations = '{}', classes = '{class xb.note.repository.board.management.InMemoryBoardManagementRepository, class xb.note.repository.user.management.InMemoryUserManagementRepository}', contextInitializerClasses = '[]', activeProfiles = '{}', propertySourceLocations = '{}', propertySourceProperties = '{}', contextCustomizers = set[org.springframework.boot.test.autoconfigure.actuate.metrics.MetricsExportContextCustomizerFactory$DisableMetricExportContextCustomizer@6e6d5d29, org.springframework.boot.test.autoconfigure.properties.PropertyMappingContextCustomizer@0, org.springframework.boot.test.autoconfigure.web.servlet.WebDriverContextCustomizerFactory$Customizer@5c18016b, org.springframework.boot.test.context.filter.ExcludeFilterContextCustomizer@e98770d, org.springframework.boot.test.json.DuplicateJsonObjectContextCustomizerFactory$DuplicateJsonObjectContextCustomizer@18cebaa5, org.springframework.boot.test.mock.mockito.MockitoContextCustomizer@0], contextLoader = 'org.springframework.test.context.support.DelegatingSmartContextLoader', parent = [null]]]
20:49:49.926 [Test worker] DEBUG org.springframework.test.context.cache - Spring test ApplicationContext cache statistics: [DefaultContextCache@1deb2c43 size = 1, maxSize = 32, parentContextCount = 0, hitCount = 23, missCount = 1]
20:49:49.926 [Test worker] DEBUG org.springframework.test.context.support.AbstractDirtiesContextTestExecutionListener - Before test method: context [DefaultTestContext@42f48531 testClass = InMemoryBoardManagementRepositoryTest, testInstance = xb.note.repository.board.management.InMemoryBoardManagementRepositoryTest@422b8438, testMethod = SAVE_BOARD_FAIL_TEST@InMemoryBoardManagementRepositoryTest, testException = [null], mergedContextConfiguration = [MergedContextConfiguration@a776e testClass = InMemoryBoardManagementRepositoryTest, locations = '{}', classes = '{class xb.note.repository.board.management.InMemoryBoardManagementRepository, class xb.note.repository.user.management.InMemoryUserManagementRepository}', contextInitializerClasses = '[]', activeProfiles = '{}', propertySourceLocations = '{}', propertySourceProperties = '{}', contextCustomizers = set[org.springframework.boot.test.autoconfigure.actuate.metrics.MetricsExportContextCustomizerFactory$DisableMetricExportContextCustomizer@6e6d5d29, org.springframework.boot.test.autoconfigure.properties.PropertyMappingContextCustomizer@0, org.springframework.boot.test.autoconfigure.web.servlet.WebDriverContextCustomizerFactory$Customizer@5c18016b, org.springframework.boot.test.context.filter.ExcludeFilterContextCustomizer@e98770d, org.springframework.boot.test.json.DuplicateJsonObjectContextCustomizerFactory$DuplicateJsonObjectContextCustomizer@18cebaa5, org.springframework.boot.test.mock.mockito.MockitoContextCustomizer@0], contextLoader = 'org.springframework.test.context.support.DelegatingSmartContextLoader', parent = [null]], attributes = map['org.springframework.test.context.event.ApplicationEventsTestExecutionListener.recordApplicationEvents' -> false]], class annotated with @DirtiesContext [false] with mode [null], method annotated with @DirtiesContext [false] with mode [null].
20:49:49.926 [Test worker] DEBUG org.springframework.test.context.cache.DefaultCacheAwareContextLoaderDelegate - Retrieved ApplicationContext [1658512704] from cache with key [[MergedContextConfiguration@a776e testClass = InMemoryBoardManagementRepositoryTest, locations = '{}', classes = '{class xb.note.repository.board.management.InMemoryBoardManagementRepository, class xb.note.repository.user.management.InMemoryUserManagementRepository}', contextInitializerClasses = '[]', activeProfiles = '{}', propertySourceLocations = '{}', propertySourceProperties = '{}', contextCustomizers = set[org.springframework.boot.test.autoconfigure.actuate.metrics.MetricsExportContextCustomizerFactory$DisableMetricExportContextCustomizer@6e6d5d29, org.springframework.boot.test.autoconfigure.properties.PropertyMappingContextCustomizer@0, org.springframework.boot.test.autoconfigure.web.servlet.WebDriverContextCustomizerFactory$Customizer@5c18016b, org.springframework.boot.test.context.filter.ExcludeFilterContextCustomizer@e98770d, org.springframework.boot.test.json.DuplicateJsonObjectContextCustomizerFactory$DuplicateJsonObjectContextCustomizer@18cebaa5, org.springframework.boot.test.mock.mockito.MockitoContextCustomizer@0], contextLoader = 'org.springframework.test.context.support.DelegatingSmartContextLoader', parent = [null]]]
20:49:49.927 [Test worker] DEBUG org.springframework.test.context.cache - Spring test ApplicationContext cache statistics: [DefaultContextCache@1deb2c43 size = 1, maxSize = 32, parentContextCount = 0, hitCount = 24, missCount = 1]
20:49:49.927 [Test worker] DEBUG org.springframework.test.context.cache.DefaultCacheAwareContextLoaderDelegate - Retrieved ApplicationContext [1658512704] from cache with key [[MergedContextConfiguration@a776e testClass = InMemoryBoardManagementRepositoryTest, locations = '{}', classes = '{class xb.note.repository.board.management.InMemoryBoardManagementRepository, class xb.note.repository.user.management.InMemoryUserManagementRepository}', contextInitializerClasses = '[]', activeProfiles = '{}', propertySourceLocations = '{}', propertySourceProperties = '{}', contextCustomizers = set[org.springframework.boot.test.autoconfigure.actuate.metrics.MetricsExportContextCustomizerFactory$DisableMetricExportContextCustomizer@6e6d5d29, org.springframework.boot.test.autoconfigure.properties.PropertyMappingContextCustomizer@0, org.springframework.boot.test.autoconfigure.web.servlet.WebDriverContextCustomizerFactory$Customizer@5c18016b, org.springframework.boot.test.context.filter.ExcludeFilterContextCustomizer@e98770d, org.springframework.boot.test.json.DuplicateJsonObjectContextCustomizerFactory$DuplicateJsonObjectContextCustomizer@18cebaa5, org.springframework.boot.test.mock.mockito.MockitoContextCustomizer@0], contextLoader = 'org.springframework.test.context.support.DelegatingSmartContextLoader', parent = [null]]]
20:49:49.927 [Test worker] DEBUG org.springframework.test.context.cache - Spring test ApplicationContext cache statistics: [DefaultContextCache@1deb2c43 size = 1, maxSize = 32, parentContextCount = 0, hitCount = 25, missCount = 1]
20:49:49.927 [Test worker] DEBUG org.springframework.test.context.cache.DefaultCacheAwareContextLoaderDelegate - Retrieved ApplicationContext [1658512704] from cache with key [[MergedContextConfiguration@a776e testClass = InMemoryBoardManagementRepositoryTest, locations = '{}', classes = '{class xb.note.repository.board.management.InMemoryBoardManagementRepository, class xb.note.repository.user.management.InMemoryUserManagementRepository}', contextInitializerClasses = '[]', activeProfiles = '{}', propertySourceLocations = '{}', propertySourceProperties = '{}', contextCustomizers = set[org.springframework.boot.test.autoconfigure.actuate.metrics.MetricsExportContextCustomizerFactory$DisableMetricExportContextCustomizer@6e6d5d29, org.springframework.boot.test.autoconfigure.properties.PropertyMappingContextCustomizer@0, org.springframework.boot.test.autoconfigure.web.servlet.WebDriverContextCustomizerFactory$Customizer@5c18016b, org.springframework.boot.test.context.filter.ExcludeFilterContextCustomizer@e98770d, org.springframework.boot.test.json.DuplicateJsonObjectContextCustomizerFactory$DuplicateJsonObjectContextCustomizer@18cebaa5, org.springframework.boot.test.mock.mockito.MockitoContextCustomizer@0], contextLoader = 'org.springframework.test.context.support.DelegatingSmartContextLoader', parent = [null]]]
20:49:49.927 [Test worker] DEBUG org.springframework.test.context.cache - Spring test ApplicationContext cache statistics: [DefaultContextCache@1deb2c43 size = 1, maxSize = 32, parentContextCount = 0, hitCount = 26, missCount = 1]
20:49:49.929 [Test worker] DEBUG org.springframework.test.context.cache.DefaultCacheAwareContextLoaderDelegate - Retrieved ApplicationContext [1658512704] from cache with key [[MergedContextConfiguration@a776e testClass = InMemoryBoardManagementRepositoryTest, locations = '{}', classes = '{class xb.note.repository.board.management.InMemoryBoardManagementRepository, class xb.note.repository.user.management.InMemoryUserManagementRepository}', contextInitializerClasses = '[]', activeProfiles = '{}', propertySourceLocations = '{}', propertySourceProperties = '{}', contextCustomizers = set[org.springframework.boot.test.autoconfigure.actuate.metrics.MetricsExportContextCustomizerFactory$DisableMetricExportContextCustomizer@6e6d5d29, org.springframework.boot.test.autoconfigure.properties.PropertyMappingContextCustomizer@0, org.springframework.boot.test.autoconfigure.web.servlet.WebDriverContextCustomizerFactory$Customizer@5c18016b, org.springframework.boot.test.context.filter.ExcludeFilterContextCustomizer@e98770d, org.springframework.boot.test.json.DuplicateJsonObjectContextCustomizerFactory$DuplicateJsonObjectContextCustomizer@18cebaa5, org.springframework.boot.test.mock.mockito.MockitoContextCustomizer@0], contextLoader = 'org.springframework.test.context.support.DelegatingSmartContextLoader', parent = [null]]]
20:49:49.929 [Test worker] DEBUG org.springframework.test.context.cache - Spring test ApplicationContext cache statistics: [DefaultContextCache@1deb2c43 size = 1, maxSize = 32, parentContextCount = 0, hitCount = 27, missCount = 1]
20:49:49.930 [Test worker] DEBUG org.springframework.test.context.cache.DefaultCacheAwareContextLoaderDelegate - Retrieved ApplicationContext [1658512704] from cache with key [[MergedContextConfiguration@a776e testClass = InMemoryBoardManagementRepositoryTest, locations = '{}', classes = '{class xb.note.repository.board.management.InMemoryBoardManagementRepository, class xb.note.repository.user.management.InMemoryUserManagementRepository}', contextInitializerClasses = '[]', activeProfiles = '{}', propertySourceLocations = '{}', propertySourceProperties = '{}', contextCustomizers = set[org.springframework.boot.test.autoconfigure.actuate.metrics.MetricsExportContextCustomizerFactory$DisableMetricExportContextCustomizer@6e6d5d29, org.springframework.boot.test.autoconfigure.properties.PropertyMappingContextCustomizer@0, org.springframework.boot.test.autoconfigure.web.servlet.WebDriverContextCustomizerFactory$Customizer@5c18016b, org.springframework.boot.test.context.filter.ExcludeFilterContextCustomizer@e98770d, org.springframework.boot.test.json.DuplicateJsonObjectContextCustomizerFactory$DuplicateJsonObjectContextCustomizer@18cebaa5, org.springframework.boot.test.mock.mockito.MockitoContextCustomizer@0], contextLoader = 'org.springframework.test.context.support.DelegatingSmartContextLoader', parent = [null]]]
20:49:49.930 [Test worker] DEBUG org.springframework.test.context.cache - Spring test ApplicationContext cache statistics: [DefaultContextCache@1deb2c43 size = 1, maxSize = 32, parentContextCount = 0, hitCount = 28, missCount = 1]
20:49:49.930 [Test worker] DEBUG org.springframework.test.context.cache.DefaultCacheAwareContextLoaderDelegate - Retrieved ApplicationContext [1658512704] from cache with key [[MergedContextConfiguration@a776e testClass = InMemoryBoardManagementRepositoryTest, locations = '{}', classes = '{class xb.note.repository.board.management.InMemoryBoardManagementRepository, class xb.note.repository.user.management.InMemoryUserManagementRepository}', contextInitializerClasses = '[]', activeProfiles = '{}', propertySourceLocations = '{}', propertySourceProperties = '{}', contextCustomizers = set[org.springframework.boot.test.autoconfigure.actuate.metrics.MetricsExportContextCustomizerFactory$DisableMetricExportContextCustomizer@6e6d5d29, org.springframework.boot.test.autoconfigure.properties.PropertyMappingContextCustomizer@0, org.springframework.boot.test.autoconfigure.web.servlet.WebDriverContextCustomizerFactory$Customizer@5c18016b, org.springframework.boot.test.context.filter.ExcludeFilterContextCustomizer@e98770d, org.springframework.boot.test.json.DuplicateJsonObjectContextCustomizerFactory$DuplicateJsonObjectContextCustomizer@18cebaa5, org.springframework.boot.test.mock.mockito.MockitoContextCustomizer@0], contextLoader = 'org.springframework.test.context.support.DelegatingSmartContextLoader', parent = [null]]]
20:49:49.930 [Test worker] DEBUG org.springframework.test.context.cache - Spring test ApplicationContext cache statistics: [DefaultContextCache@1deb2c43 size = 1, maxSize = 32, parentContextCount = 0, hitCount = 29, missCount = 1]
20:49:49.930 [Test worker] DEBUG org.springframework.test.context.cache.DefaultCacheAwareContextLoaderDelegate - Retrieved ApplicationContext [1658512704] from cache with key [[MergedContextConfiguration@a776e testClass = InMemoryBoardManagementRepositoryTest, locations = '{}', classes = '{class xb.note.repository.board.management.InMemoryBoardManagementRepository, class xb.note.repository.user.management.InMemoryUserManagementRepository}', contextInitializerClasses = '[]', activeProfiles = '{}', propertySourceLocations = '{}', propertySourceProperties = '{}', contextCustomizers = set[org.springframework.boot.test.autoconfigure.actuate.metrics.MetricsExportContextCustomizerFactory$DisableMetricExportContextCustomizer@6e6d5d29, org.springframework.boot.test.autoconfigure.properties.PropertyMappingContextCustomizer@0, org.springframework.boot.test.autoconfigure.web.servlet.WebDriverContextCustomizerFactory$Customizer@5c18016b, org.springframework.boot.test.context.filter.ExcludeFilterContextCustomizer@e98770d, org.springframework.boot.test.json.DuplicateJsonObjectContextCustomizerFactory$DuplicateJsonObjectContextCustomizer@18cebaa5, org.springframework.boot.test.mock.mockito.MockitoContextCustomizer@0], contextLoader = 'org.springframework.test.context.support.DelegatingSmartContextLoader', parent = [null]]]
20:49:49.930 [Test worker] DEBUG org.springframework.test.context.cache - Spring test ApplicationContext cache statistics: [DefaultContextCache@1deb2c43 size = 1, maxSize = 32, parentContextCount = 0, hitCount = 30, missCount = 1]
20:49:49.930 [Test worker] DEBUG org.springframework.test.context.cache.DefaultCacheAwareContextLoaderDelegate - Retrieved ApplicationContext [1658512704] from cache with key [[MergedContextConfiguration@a776e testClass = InMemoryBoardManagementRepositoryTest, locations = '{}', classes = '{class xb.note.repository.board.management.InMemoryBoardManagementRepository, class xb.note.repository.user.management.InMemoryUserManagementRepository}', contextInitializerClasses = '[]', activeProfiles = '{}', propertySourceLocations = '{}', propertySourceProperties = '{}', contextCustomizers = set[org.springframework.boot.test.autoconfigure.actuate.metrics.MetricsExportContextCustomizerFactory$DisableMetricExportContextCustomizer@6e6d5d29, org.springframework.boot.test.autoconfigure.properties.PropertyMappingContextCustomizer@0, org.springframework.boot.test.autoconfigure.web.servlet.WebDriverContextCustomizerFactory$Customizer@5c18016b, org.springframework.boot.test.context.filter.ExcludeFilterContextCustomizer@e98770d, org.springframework.boot.test.json.DuplicateJsonObjectContextCustomizerFactory$DuplicateJsonObjectContextCustomizer@18cebaa5, org.springframework.boot.test.mock.mockito.MockitoContextCustomizer@0], contextLoader = 'org.springframework.test.context.support.DelegatingSmartContextLoader', parent = [null]]]
20:49:49.930 [Test worker] DEBUG org.springframework.test.context.cache - Spring test ApplicationContext cache statistics: [DefaultContextCache@1deb2c43 size = 1, maxSize = 32, parentContextCount = 0, hitCount = 31, missCount = 1]
20:49:49.931 [Test worker] DEBUG org.springframework.test.context.cache.DefaultCacheAwareContextLoaderDelegate - Retrieved ApplicationContext [1658512704] from cache with key [[MergedContextConfiguration@a776e testClass = InMemoryBoardManagementRepositoryTest, locations = '{}', classes = '{class xb.note.repository.board.management.InMemoryBoardManagementRepository, class xb.note.repository.user.management.InMemoryUserManagementRepository}', contextInitializerClasses = '[]', activeProfiles = '{}', propertySourceLocations = '{}', propertySourceProperties = '{}', contextCustomizers = set[org.springframework.boot.test.autoconfigure.actuate.metrics.MetricsExportContextCustomizerFactory$DisableMetricExportContextCustomizer@6e6d5d29, org.springframework.boot.test.autoconfigure.properties.PropertyMappingContextCustomizer@0, org.springframework.boot.test.autoconfigure.web.servlet.WebDriverContextCustomizerFactory$Customizer@5c18016b, org.springframework.boot.test.context.filter.ExcludeFilterContextCustomizer@e98770d, org.springframework.boot.test.json.DuplicateJsonObjectContextCustomizerFactory$DuplicateJsonObjectContextCustomizer@18cebaa5, org.springframework.boot.test.mock.mockito.MockitoContextCustomizer@0], contextLoader = 'org.springframework.test.context.support.DelegatingSmartContextLoader', parent = [null]]]
20:49:49.931 [Test worker] DEBUG org.springframework.test.context.cache - Spring test ApplicationContext cache statistics: [DefaultContextCache@1deb2c43 size = 1, maxSize = 32, parentContextCount = 0, hitCount = 32, missCount = 1]
20:49:49.931 [Test worker] DEBUG org.springframework.test.context.support.AbstractDirtiesContextTestExecutionListener - After test method: context [DefaultTestContext@42f48531 testClass = InMemoryBoardManagementRepositoryTest, testInstance = xb.note.repository.board.management.InMemoryBoardManagementRepositoryTest@422b8438, testMethod = SAVE_BOARD_FAIL_TEST@InMemoryBoardManagementRepositoryTest, testException = [null], mergedContextConfiguration = [MergedContextConfiguration@a776e testClass = InMemoryBoardManagementRepositoryTest, locations = '{}', classes = '{class xb.note.repository.board.management.InMemoryBoardManagementRepository, class xb.note.repository.user.management.InMemoryUserManagementRepository}', contextInitializerClasses = '[]', activeProfiles = '{}', propertySourceLocations = '{}', propertySourceProperties = '{}', contextCustomizers = set[org.springframework.boot.test.autoconfigure.actuate.metrics.MetricsExportContextCustomizerFactory$DisableMetricExportContextCustomizer@6e6d5d29, org.springframework.boot.test.autoconfigure.properties.PropertyMappingContextCustomizer@0, org.springframework.boot.test.autoconfigure.web.servlet.WebDriverContextCustomizerFactory$Customizer@5c18016b, org.springframework.boot.test.context.filter.ExcludeFilterContextCustomizer@e98770d, org.springframework.boot.test.json.DuplicateJsonObjectContextCustomizerFactory$DuplicateJsonObjectContextCustomizer@18cebaa5, org.springframework.boot.test.mock.mockito.MockitoContextCustomizer@0], contextLoader = 'org.springframework.test.context.support.DelegatingSmartContextLoader', parent = [null]], attributes = map['org.springframework.test.context.event.ApplicationEventsTestExecutionListener.recordApplicationEvents' -> false]], class annotated with @DirtiesContext [false] with mode [null], method annotated with @DirtiesContext [false] with mode [null].
20:49:49.932 [Test worker] DEBUG org.springframework.test.context.cache.DefaultCacheAwareContextLoaderDelegate - Retrieved ApplicationContext [1658512704] from cache with key [[MergedContextConfiguration@a776e testClass = InMemoryBoardManagementRepositoryTest, locations = '{}', classes = '{class xb.note.repository.board.management.InMemoryBoardManagementRepository, class xb.note.repository.user.management.InMemoryUserManagementRepository}', contextInitializerClasses = '[]', activeProfiles = '{}', propertySourceLocations = '{}', propertySourceProperties = '{}', contextCustomizers = set[org.springframework.boot.test.autoconfigure.actuate.metrics.MetricsExportContextCustomizerFactory$DisableMetricExportContextCustomizer@6e6d5d29, org.springframework.boot.test.autoconfigure.properties.PropertyMappingContextCustomizer@0, org.springframework.boot.test.autoconfigure.web.servlet.WebDriverContextCustomizerFactory$Customizer@5c18016b, org.springframework.boot.test.context.filter.ExcludeFilterContextCustomizer@e98770d, org.springframework.boot.test.json.DuplicateJsonObjectContextCustomizerFactory$DuplicateJsonObjectContextCustomizer@18cebaa5, org.springframework.boot.test.mock.mockito.MockitoContextCustomizer@0], contextLoader = 'org.springframework.test.context.support.DelegatingSmartContextLoader', parent = [null]]]
20:49:49.932 [Test worker] DEBUG org.springframework.test.context.cache - Spring test ApplicationContext cache statistics: [DefaultContextCache@1deb2c43 size = 1, maxSize = 32, parentContextCount = 0, hitCount = 33, missCount = 1]
20:49:49.932 [Test worker] DEBUG org.springframework.test.context.support.AbstractDirtiesContextTestExecutionListener - After test class: context [DefaultTestContext@42f48531 testClass = InMemoryBoardManagementRepositoryTest, testInstance = [null], testMethod = [null], testException = [null], mergedContextConfiguration = [MergedContextConfiguration@a776e testClass = InMemoryBoardManagementRepositoryTest, locations = '{}', classes = '{class xb.note.repository.board.management.InMemoryBoardManagementRepository, class xb.note.repository.user.management.InMemoryUserManagementRepository}', contextInitializerClasses = '[]', activeProfiles = '{}', propertySourceLocations = '{}', propertySourceProperties = '{}', contextCustomizers = set[org.springframework.boot.test.autoconfigure.actuate.metrics.MetricsExportContextCustomizerFactory$DisableMetricExportContextCustomizer@6e6d5d29, org.springframework.boot.test.autoconfigure.properties.PropertyMappingContextCustomizer@0, org.springframework.boot.test.autoconfigure.web.servlet.WebDriverContextCustomizerFactory$Customizer@5c18016b, org.springframework.boot.test.context.filter.ExcludeFilterContextCustomizer@e98770d, org.springframework.boot.test.json.DuplicateJsonObjectContextCustomizerFactory$DuplicateJsonObjectContextCustomizer@18cebaa5, org.springframework.boot.test.mock.mockito.MockitoContextCustomizer@0], contextLoader = 'org.springframework.test.context.support.DelegatingSmartContextLoader', parent = [null]], attributes = map['org.springframework.test.context.event.ApplicationEventsTestExecutionListener.recordApplicationEvents' -> false]], class annotated with @DirtiesContext [false] with mode [null].
]]></system-out>
  <system-err><![CDATA[]]></system-err>
</testsuite>
