<?xml version="1.0" encoding="UTF-8"?>
<testsuite name="xb.note.service.user.management.UserManagerTest" tests="1" skipped="0" failures="0" errors="0" timestamp="2022-12-28T22:36:36" hostname="xb-apple.local" time="0.019">
  <properties/>
  <testcase name="새로운 유저 생성" classname="xb.note.service.user.management.UserManagerTest" time="0.019"/>
  <system-out><![CDATA[07:36:36.426 [Test worker] DEBUG org.springframework.test.context.BootstrapUtils - Instantiating CacheAwareContextLoaderDelegate from class [org.springframework.test.context.cache.DefaultCacheAwareContextLoaderDelegate]
07:36:36.432 [Test worker] DEBUG org.springframework.test.context.BootstrapUtils - Instantiating BootstrapContext using constructor [public org.springframework.test.context.support.DefaultBootstrapContext(java.lang.Class,org.springframework.test.context.CacheAwareContextLoaderDelegate)]
07:36:36.442 [Test worker] DEBUG org.springframework.test.context.BootstrapUtils - Instantiating TestContextBootstrapper for test class [xb.note.service.user.management.UserManagerTest] from class [org.springframework.test.context.support.DefaultTestContextBootstrapper]
07:36:36.450 [Test worker] DEBUG org.springframework.test.context.support.AbstractDelegatingSmartContextLoader - Delegating to AnnotationConfigContextLoader to process context configuration [ContextConfigurationAttributes@25e2ab5a declaringClass = 'xb.note.service.user.management.UserManagerTest', classes = '{class xb.note.service.user.management.DefaultUserManager}', locations = '{}', inheritLocations = true, initializers = '{}', inheritInitializers = true, name = [null], contextLoaderClass = 'org.springframework.test.context.ContextLoader'].
07:36:36.471 [Test worker] DEBUG org.springframework.test.context.support.ActiveProfilesUtils - Could not find an 'annotation declaring class' for annotation type [org.springframework.test.context.ActiveProfiles] and class [xb.note.service.user.management.UserManagerTest]
07:36:36.471 [Test worker] DEBUG org.springframework.test.context.support.DefaultTestContextBootstrapper - @TestExecutionListeners is not present for class [xb.note.service.user.management.UserManagerTest]: using defaults.
07:36:36.471 [Test worker] INFO org.springframework.test.context.support.DefaultTestContextBootstrapper - Loaded default TestExecutionListener class names from location [META-INF/spring.factories]: [org.springframework.boot.test.autoconfigure.restdocs.RestDocsTestExecutionListener, org.springframework.boot.test.autoconfigure.web.client.MockRestServiceServerResetTestExecutionListener, org.springframework.boot.test.autoconfigure.web.servlet.MockMvcPrintOnlyOnFailureTestExecutionListener, org.springframework.boot.test.autoconfigure.web.servlet.WebDriverTestExecutionListener, org.springframework.boot.test.autoconfigure.webservices.client.MockWebServiceServerTestExecutionListener, org.springframework.boot.test.mock.mockito.MockitoTestExecutionListener, org.springframework.boot.test.mock.mockito.ResetMocksTestExecutionListener, org.springframework.test.context.web.ServletTestExecutionListener, org.springframework.test.context.support.DirtiesContextBeforeModesTestExecutionListener, org.springframework.test.context.event.ApplicationEventsTestExecutionListener, org.springframework.test.context.support.DependencyInjectionTestExecutionListener, org.springframework.test.context.support.DirtiesContextTestExecutionListener, org.springframework.test.context.transaction.TransactionalTestExecutionListener, org.springframework.test.context.jdbc.SqlScriptsTestExecutionListener, org.springframework.test.context.event.EventPublishingTestExecutionListener]
07:36:36.474 [Test worker] DEBUG org.springframework.test.context.support.DefaultTestContextBootstrapper - Skipping candidate TestExecutionListener [org.springframework.test.context.web.ServletTestExecutionListener] due to a missing dependency. Specify custom listener classes or make the default listener classes and their required dependencies available. Offending class: [javax/servlet/ServletContext]
07:36:36.475 [Test worker] DEBUG org.springframework.test.context.support.DefaultTestContextBootstrapper - Skipping candidate TestExecutionListener [org.springframework.test.context.transaction.TransactionalTestExecutionListener] due to a missing dependency. Specify custom listener classes or make the default listener classes and their required dependencies available. Offending class: [org/springframework/transaction/interceptor/TransactionAttributeSource]
07:36:36.475 [Test worker] DEBUG org.springframework.test.context.support.DefaultTestContextBootstrapper - Skipping candidate TestExecutionListener [org.springframework.test.context.jdbc.SqlScriptsTestExecutionListener] due to a missing dependency. Specify custom listener classes or make the default listener classes and their required dependencies available. Offending class: [org/springframework/transaction/interceptor/TransactionAttribute]
07:36:36.475 [Test worker] INFO org.springframework.test.context.support.DefaultTestContextBootstrapper - Using TestExecutionListeners: [org.springframework.test.context.support.DirtiesContextBeforeModesTestExecutionListener@60dce7ea, org.springframework.test.context.event.ApplicationEventsTestExecutionListener@662f5666, org.springframework.boot.test.mock.mockito.MockitoTestExecutionListener@fd8294b, org.springframework.test.context.support.DependencyInjectionTestExecutionListener@5974109, org.springframework.test.context.support.DirtiesContextTestExecutionListener@27305e6, org.springframework.test.context.event.EventPublishingTestExecutionListener@1ef3efa8, org.springframework.boot.test.autoconfigure.restdocs.RestDocsTestExecutionListener@502f1f4c, org.springframework.boot.test.autoconfigure.web.client.MockRestServiceServerResetTestExecutionListener@6f8f9349, org.springframework.boot.test.autoconfigure.web.servlet.MockMvcPrintOnlyOnFailureTestExecutionListener@75c9e76b, org.springframework.boot.test.autoconfigure.web.servlet.WebDriverTestExecutionListener@7446d8d5, org.springframework.boot.test.autoconfigure.webservices.client.MockWebServiceServerTestExecutionListener@5c3b6c6e, org.springframework.boot.test.mock.mockito.ResetMocksTestExecutionListener@4fbda97b]
07:36:36.476 [Test worker] DEBUG org.springframework.test.context.support.AbstractDirtiesContextTestExecutionListener - Before test class: context [DefaultTestContext@41813449 testClass = UserManagerTest, testInstance = [null], testMethod = [null], testException = [null], mergedContextConfiguration = [MergedContextConfiguration@4678a2eb testClass = UserManagerTest, locations = '{}', classes = '{class xb.note.service.user.management.DefaultUserManager}', contextInitializerClasses = '[]', activeProfiles = '{}', propertySourceLocations = '{}', propertySourceProperties = '{}', contextCustomizers = set[org.springframework.boot.test.autoconfigure.actuate.metrics.MetricsExportContextCustomizerFactory$DisableMetricExportContextCustomizer@3d3ba765, org.springframework.boot.test.autoconfigure.properties.PropertyMappingContextCustomizer@0, org.springframework.boot.test.autoconfigure.web.servlet.WebDriverContextCustomizerFactory$Customizer@2a2c13a8, org.springframework.boot.test.context.filter.ExcludeFilterContextCustomizer@3543df7d, org.springframework.boot.test.json.DuplicateJsonObjectContextCustomizerFactory$DuplicateJsonObjectContextCustomizer@1e7aa82b, org.springframework.boot.test.mock.mockito.MockitoContextCustomizer@c9fa957c], contextLoader = 'org.springframework.test.context.support.DelegatingSmartContextLoader', parent = [null]], attributes = map[[empty]]], class annotated with @DirtiesContext [false] with mode [null].
07:36:36.481 [Test worker] DEBUG org.springframework.test.context.support.AbstractDelegatingSmartContextLoader - Delegating to AnnotationConfigContextLoader to load context from [MergedContextConfiguration@4678a2eb testClass = UserManagerTest, locations = '{}', classes = '{class xb.note.service.user.management.DefaultUserManager}', contextInitializerClasses = '[]', activeProfiles = '{}', propertySourceLocations = '{}', propertySourceProperties = '{}', contextCustomizers = set[org.springframework.boot.test.autoconfigure.actuate.metrics.MetricsExportContextCustomizerFactory$DisableMetricExportContextCustomizer@3d3ba765, org.springframework.boot.test.autoconfigure.properties.PropertyMappingContextCustomizer@0, org.springframework.boot.test.autoconfigure.web.servlet.WebDriverContextCustomizerFactory$Customizer@2a2c13a8, org.springframework.boot.test.context.filter.ExcludeFilterContextCustomizer@3543df7d, org.springframework.boot.test.json.DuplicateJsonObjectContextCustomizerFactory$DuplicateJsonObjectContextCustomizer@1e7aa82b, org.springframework.boot.test.mock.mockito.MockitoContextCustomizer@c9fa957c], contextLoader = 'org.springframework.test.context.support.DelegatingSmartContextLoader', parent = [null]].
07:36:36.481 [Test worker] DEBUG org.springframework.test.context.support.AbstractGenericContextLoader - Loading ApplicationContext for merged context configuration [[MergedContextConfiguration@4678a2eb testClass = UserManagerTest, locations = '{}', classes = '{class xb.note.service.user.management.DefaultUserManager}', contextInitializerClasses = '[]', activeProfiles = '{}', propertySourceLocations = '{}', propertySourceProperties = '{}', contextCustomizers = set[org.springframework.boot.test.autoconfigure.actuate.metrics.MetricsExportContextCustomizerFactory$DisableMetricExportContextCustomizer@3d3ba765, org.springframework.boot.test.autoconfigure.properties.PropertyMappingContextCustomizer@0, org.springframework.boot.test.autoconfigure.web.servlet.WebDriverContextCustomizerFactory$Customizer@2a2c13a8, org.springframework.boot.test.context.filter.ExcludeFilterContextCustomizer@3543df7d, org.springframework.boot.test.json.DuplicateJsonObjectContextCustomizerFactory$DuplicateJsonObjectContextCustomizer@1e7aa82b, org.springframework.boot.test.mock.mockito.MockitoContextCustomizer@c9fa957c], contextLoader = 'org.springframework.test.context.support.DelegatingSmartContextLoader', parent = [null]]].
07:36:36.495 [Test worker] DEBUG org.springframework.core.env.StandardEnvironment - Activating profiles []
07:36:36.495 [Test worker] DEBUG org.springframework.test.context.support.AnnotationConfigContextLoader - Registering component classes: {class xb.note.service.user.management.DefaultUserManager}
07:36:36.511 [Test worker] DEBUG org.springframework.context.support.GenericApplicationContext - Refreshing org.springframework.context.support.GenericApplicationContext@4f071df8
07:36:36.516 [Test worker] DEBUG org.springframework.beans.factory.support.DefaultListableBeanFactory - Creating shared instance of singleton bean 'org.springframework.context.annotation.internalConfigurationAnnotationProcessor'
07:36:36.527 [Test worker] DEBUG org.springframework.beans.factory.support.DefaultListableBeanFactory - Creating shared instance of singleton bean 'org.springframework.boot.test.mock.mockito.MockitoPostProcessor'
07:36:36.707 [Test worker] DEBUG org.springframework.beans.factory.support.DefaultListableBeanFactory - Creating shared instance of singleton bean 'org.springframework.context.event.internalEventListenerProcessor'
07:36:36.708 [Test worker] DEBUG org.springframework.beans.factory.support.DefaultListableBeanFactory - Creating shared instance of singleton bean 'org.springframework.context.event.internalEventListenerFactory'
07:36:36.708 [Test worker] DEBUG org.springframework.beans.factory.support.DefaultListableBeanFactory - Creating shared instance of singleton bean 'org.springframework.context.annotation.internalAutowiredAnnotationProcessor'
07:36:36.709 [Test worker] DEBUG org.springframework.beans.factory.support.DefaultListableBeanFactory - Creating shared instance of singleton bean 'org.springframework.context.annotation.internalCommonAnnotationProcessor'
07:36:36.711 [Test worker] DEBUG org.springframework.beans.factory.support.DefaultListableBeanFactory - Creating shared instance of singleton bean 'org.springframework.boot.test.mock.mockito.MockitoPostProcessor$SpyPostProcessor'
07:36:36.716 [Test worker] DEBUG org.springframework.beans.factory.support.DefaultListableBeanFactory - Creating shared instance of singleton bean 'defaultUserManager'
07:36:36.721 [Test worker] DEBUG org.springframework.beans.factory.support.DefaultListableBeanFactory - Autowiring by type from bean name 'defaultUserManager' via constructor to bean named 'xb.note.service.user.management.spi.UserManagementRepository#0'
07:36:36.735 [Test worker] DEBUG org.springframework.test.context.cache.DefaultCacheAwareContextLoaderDelegate - Storing ApplicationContext [1325866488] in cache under key [[MergedContextConfiguration@4678a2eb testClass = UserManagerTest, locations = '{}', classes = '{class xb.note.service.user.management.DefaultUserManager}', contextInitializerClasses = '[]', activeProfiles = '{}', propertySourceLocations = '{}', propertySourceProperties = '{}', contextCustomizers = set[org.springframework.boot.test.autoconfigure.actuate.metrics.MetricsExportContextCustomizerFactory$DisableMetricExportContextCustomizer@3d3ba765, org.springframework.boot.test.autoconfigure.properties.PropertyMappingContextCustomizer@0, org.springframework.boot.test.autoconfigure.web.servlet.WebDriverContextCustomizerFactory$Customizer@2a2c13a8, org.springframework.boot.test.context.filter.ExcludeFilterContextCustomizer@3543df7d, org.springframework.boot.test.json.DuplicateJsonObjectContextCustomizerFactory$DuplicateJsonObjectContextCustomizer@1e7aa82b, org.springframework.boot.test.mock.mockito.MockitoContextCustomizer@c9fa957c], contextLoader = 'org.springframework.test.context.support.DelegatingSmartContextLoader', parent = [null]]]
07:36:36.735 [Test worker] DEBUG org.springframework.test.context.cache - Spring test ApplicationContext cache statistics: [DefaultContextCache@53b8afea size = 1, maxSize = 32, parentContextCount = 0, hitCount = 0, missCount = 1]
07:36:36.736 [Test worker] DEBUG org.springframework.test.context.support.DependencyInjectionTestExecutionListener - Performing dependency injection for test context [[DefaultTestContext@41813449 testClass = UserManagerTest, testInstance = xb.note.service.user.management.UserManagerTest@639aba11, testMethod = [null], testException = [null], mergedContextConfiguration = [MergedContextConfiguration@4678a2eb testClass = UserManagerTest, locations = '{}', classes = '{class xb.note.service.user.management.DefaultUserManager}', contextInitializerClasses = '[]', activeProfiles = '{}', propertySourceLocations = '{}', propertySourceProperties = '{}', contextCustomizers = set[org.springframework.boot.test.autoconfigure.actuate.metrics.MetricsExportContextCustomizerFactory$DisableMetricExportContextCustomizer@3d3ba765, org.springframework.boot.test.autoconfigure.properties.PropertyMappingContextCustomizer@0, org.springframework.boot.test.autoconfigure.web.servlet.WebDriverContextCustomizerFactory$Customizer@2a2c13a8, org.springframework.boot.test.context.filter.ExcludeFilterContextCustomizer@3543df7d, org.springframework.boot.test.json.DuplicateJsonObjectContextCustomizerFactory$DuplicateJsonObjectContextCustomizer@1e7aa82b, org.springframework.boot.test.mock.mockito.MockitoContextCustomizer@c9fa957c], contextLoader = 'org.springframework.test.context.support.DelegatingSmartContextLoader', parent = [null]], attributes = map['org.springframework.test.context.event.ApplicationEventsTestExecutionListener.recordApplicationEvents' -> false]]].
07:36:36.736 [Test worker] DEBUG org.springframework.test.context.cache.DefaultCacheAwareContextLoaderDelegate - Retrieved ApplicationContext [1325866488] from cache with key [[MergedContextConfiguration@4678a2eb testClass = UserManagerTest, locations = '{}', classes = '{class xb.note.service.user.management.DefaultUserManager}', contextInitializerClasses = '[]', activeProfiles = '{}', propertySourceLocations = '{}', propertySourceProperties = '{}', contextCustomizers = set[org.springframework.boot.test.autoconfigure.actuate.metrics.MetricsExportContextCustomizerFactory$DisableMetricExportContextCustomizer@3d3ba765, org.springframework.boot.test.autoconfigure.properties.PropertyMappingContextCustomizer@0, org.springframework.boot.test.autoconfigure.web.servlet.WebDriverContextCustomizerFactory$Customizer@2a2c13a8, org.springframework.boot.test.context.filter.ExcludeFilterContextCustomizer@3543df7d, org.springframework.boot.test.json.DuplicateJsonObjectContextCustomizerFactory$DuplicateJsonObjectContextCustomizer@1e7aa82b, org.springframework.boot.test.mock.mockito.MockitoContextCustomizer@c9fa957c], contextLoader = 'org.springframework.test.context.support.DelegatingSmartContextLoader', parent = [null]]]
07:36:36.736 [Test worker] DEBUG org.springframework.test.context.cache - Spring test ApplicationContext cache statistics: [DefaultContextCache@53b8afea size = 1, maxSize = 32, parentContextCount = 0, hitCount = 1, missCount = 1]
07:36:36.738 [Test worker] DEBUG org.springframework.test.context.cache.DefaultCacheAwareContextLoaderDelegate - Retrieved ApplicationContext [1325866488] from cache with key [[MergedContextConfiguration@4678a2eb testClass = UserManagerTest, locations = '{}', classes = '{class xb.note.service.user.management.DefaultUserManager}', contextInitializerClasses = '[]', activeProfiles = '{}', propertySourceLocations = '{}', propertySourceProperties = '{}', contextCustomizers = set[org.springframework.boot.test.autoconfigure.actuate.metrics.MetricsExportContextCustomizerFactory$DisableMetricExportContextCustomizer@3d3ba765, org.springframework.boot.test.autoconfigure.properties.PropertyMappingContextCustomizer@0, org.springframework.boot.test.autoconfigure.web.servlet.WebDriverContextCustomizerFactory$Customizer@2a2c13a8, org.springframework.boot.test.context.filter.ExcludeFilterContextCustomizer@3543df7d, org.springframework.boot.test.json.DuplicateJsonObjectContextCustomizerFactory$DuplicateJsonObjectContextCustomizer@1e7aa82b, org.springframework.boot.test.mock.mockito.MockitoContextCustomizer@c9fa957c], contextLoader = 'org.springframework.test.context.support.DelegatingSmartContextLoader', parent = [null]]]
07:36:36.738 [Test worker] DEBUG org.springframework.test.context.cache - Spring test ApplicationContext cache statistics: [DefaultContextCache@53b8afea size = 1, maxSize = 32, parentContextCount = 0, hitCount = 2, missCount = 1]
07:36:36.740 [Test worker] DEBUG org.springframework.test.context.support.AbstractDirtiesContextTestExecutionListener - Before test method: context [DefaultTestContext@41813449 testClass = UserManagerTest, testInstance = xb.note.service.user.management.UserManagerTest@639aba11, testMethod = CREATE_USER_TEST@UserManagerTest, testException = [null], mergedContextConfiguration = [MergedContextConfiguration@4678a2eb testClass = UserManagerTest, locations = '{}', classes = '{class xb.note.service.user.management.DefaultUserManager}', contextInitializerClasses = '[]', activeProfiles = '{}', propertySourceLocations = '{}', propertySourceProperties = '{}', contextCustomizers = set[org.springframework.boot.test.autoconfigure.actuate.metrics.MetricsExportContextCustomizerFactory$DisableMetricExportContextCustomizer@3d3ba765, org.springframework.boot.test.autoconfigure.properties.PropertyMappingContextCustomizer@0, org.springframework.boot.test.autoconfigure.web.servlet.WebDriverContextCustomizerFactory$Customizer@2a2c13a8, org.springframework.boot.test.context.filter.ExcludeFilterContextCustomizer@3543df7d, org.springframework.boot.test.json.DuplicateJsonObjectContextCustomizerFactory$DuplicateJsonObjectContextCustomizer@1e7aa82b, org.springframework.boot.test.mock.mockito.MockitoContextCustomizer@c9fa957c], contextLoader = 'org.springframework.test.context.support.DelegatingSmartContextLoader', parent = [null]], attributes = map['org.springframework.test.context.event.ApplicationEventsTestExecutionListener.recordApplicationEvents' -> false]], class annotated with @DirtiesContext [false] with mode [null], method annotated with @DirtiesContext [false] with mode [null].
07:36:36.741 [Test worker] DEBUG org.springframework.test.context.cache.DefaultCacheAwareContextLoaderDelegate - Retrieved ApplicationContext [1325866488] from cache with key [[MergedContextConfiguration@4678a2eb testClass = UserManagerTest, locations = '{}', classes = '{class xb.note.service.user.management.DefaultUserManager}', contextInitializerClasses = '[]', activeProfiles = '{}', propertySourceLocations = '{}', propertySourceProperties = '{}', contextCustomizers = set[org.springframework.boot.test.autoconfigure.actuate.metrics.MetricsExportContextCustomizerFactory$DisableMetricExportContextCustomizer@3d3ba765, org.springframework.boot.test.autoconfigure.properties.PropertyMappingContextCustomizer@0, org.springframework.boot.test.autoconfigure.web.servlet.WebDriverContextCustomizerFactory$Customizer@2a2c13a8, org.springframework.boot.test.context.filter.ExcludeFilterContextCustomizer@3543df7d, org.springframework.boot.test.json.DuplicateJsonObjectContextCustomizerFactory$DuplicateJsonObjectContextCustomizer@1e7aa82b, org.springframework.boot.test.mock.mockito.MockitoContextCustomizer@c9fa957c], contextLoader = 'org.springframework.test.context.support.DelegatingSmartContextLoader', parent = [null]]]
07:36:36.741 [Test worker] DEBUG org.springframework.test.context.cache - Spring test ApplicationContext cache statistics: [DefaultContextCache@53b8afea size = 1, maxSize = 32, parentContextCount = 0, hitCount = 3, missCount = 1]
07:36:36.741 [Test worker] DEBUG org.springframework.test.context.cache.DefaultCacheAwareContextLoaderDelegate - Retrieved ApplicationContext [1325866488] from cache with key [[MergedContextConfiguration@4678a2eb testClass = UserManagerTest, locations = '{}', classes = '{class xb.note.service.user.management.DefaultUserManager}', contextInitializerClasses = '[]', activeProfiles = '{}', propertySourceLocations = '{}', propertySourceProperties = '{}', contextCustomizers = set[org.springframework.boot.test.autoconfigure.actuate.metrics.MetricsExportContextCustomizerFactory$DisableMetricExportContextCustomizer@3d3ba765, org.springframework.boot.test.autoconfigure.properties.PropertyMappingContextCustomizer@0, org.springframework.boot.test.autoconfigure.web.servlet.WebDriverContextCustomizerFactory$Customizer@2a2c13a8, org.springframework.boot.test.context.filter.ExcludeFilterContextCustomizer@3543df7d, org.springframework.boot.test.json.DuplicateJsonObjectContextCustomizerFactory$DuplicateJsonObjectContextCustomizer@1e7aa82b, org.springframework.boot.test.mock.mockito.MockitoContextCustomizer@c9fa957c], contextLoader = 'org.springframework.test.context.support.DelegatingSmartContextLoader', parent = [null]]]
07:36:36.741 [Test worker] DEBUG org.springframework.test.context.cache - Spring test ApplicationContext cache statistics: [DefaultContextCache@53b8afea size = 1, maxSize = 32, parentContextCount = 0, hitCount = 4, missCount = 1]
07:36:36.745 [Test worker] DEBUG org.springframework.test.context.cache.DefaultCacheAwareContextLoaderDelegate - Retrieved ApplicationContext [1325866488] from cache with key [[MergedContextConfiguration@4678a2eb testClass = UserManagerTest, locations = '{}', classes = '{class xb.note.service.user.management.DefaultUserManager}', contextInitializerClasses = '[]', activeProfiles = '{}', propertySourceLocations = '{}', propertySourceProperties = '{}', contextCustomizers = set[org.springframework.boot.test.autoconfigure.actuate.metrics.MetricsExportContextCustomizerFactory$DisableMetricExportContextCustomizer@3d3ba765, org.springframework.boot.test.autoconfigure.properties.PropertyMappingContextCustomizer@0, org.springframework.boot.test.autoconfigure.web.servlet.WebDriverContextCustomizerFactory$Customizer@2a2c13a8, org.springframework.boot.test.context.filter.ExcludeFilterContextCustomizer@3543df7d, org.springframework.boot.test.json.DuplicateJsonObjectContextCustomizerFactory$DuplicateJsonObjectContextCustomizer@1e7aa82b, org.springframework.boot.test.mock.mockito.MockitoContextCustomizer@c9fa957c], contextLoader = 'org.springframework.test.context.support.DelegatingSmartContextLoader', parent = [null]]]
07:36:36.745 [Test worker] DEBUG org.springframework.test.context.cache - Spring test ApplicationContext cache statistics: [DefaultContextCache@53b8afea size = 1, maxSize = 32, parentContextCount = 0, hitCount = 5, missCount = 1]
07:36:36.753 [Test worker] DEBUG org.springframework.test.context.cache.DefaultCacheAwareContextLoaderDelegate - Retrieved ApplicationContext [1325866488] from cache with key [[MergedContextConfiguration@4678a2eb testClass = UserManagerTest, locations = '{}', classes = '{class xb.note.service.user.management.DefaultUserManager}', contextInitializerClasses = '[]', activeProfiles = '{}', propertySourceLocations = '{}', propertySourceProperties = '{}', contextCustomizers = set[org.springframework.boot.test.autoconfigure.actuate.metrics.MetricsExportContextCustomizerFactory$DisableMetricExportContextCustomizer@3d3ba765, org.springframework.boot.test.autoconfigure.properties.PropertyMappingContextCustomizer@0, org.springframework.boot.test.autoconfigure.web.servlet.WebDriverContextCustomizerFactory$Customizer@2a2c13a8, org.springframework.boot.test.context.filter.ExcludeFilterContextCustomizer@3543df7d, org.springframework.boot.test.json.DuplicateJsonObjectContextCustomizerFactory$DuplicateJsonObjectContextCustomizer@1e7aa82b, org.springframework.boot.test.mock.mockito.MockitoContextCustomizer@c9fa957c], contextLoader = 'org.springframework.test.context.support.DelegatingSmartContextLoader', parent = [null]]]
07:36:36.753 [Test worker] DEBUG org.springframework.test.context.cache - Spring test ApplicationContext cache statistics: [DefaultContextCache@53b8afea size = 1, maxSize = 32, parentContextCount = 0, hitCount = 6, missCount = 1]
07:36:36.754 [Test worker] DEBUG org.springframework.test.context.cache.DefaultCacheAwareContextLoaderDelegate - Retrieved ApplicationContext [1325866488] from cache with key [[MergedContextConfiguration@4678a2eb testClass = UserManagerTest, locations = '{}', classes = '{class xb.note.service.user.management.DefaultUserManager}', contextInitializerClasses = '[]', activeProfiles = '{}', propertySourceLocations = '{}', propertySourceProperties = '{}', contextCustomizers = set[org.springframework.boot.test.autoconfigure.actuate.metrics.MetricsExportContextCustomizerFactory$DisableMetricExportContextCustomizer@3d3ba765, org.springframework.boot.test.autoconfigure.properties.PropertyMappingContextCustomizer@0, org.springframework.boot.test.autoconfigure.web.servlet.WebDriverContextCustomizerFactory$Customizer@2a2c13a8, org.springframework.boot.test.context.filter.ExcludeFilterContextCustomizer@3543df7d, org.springframework.boot.test.json.DuplicateJsonObjectContextCustomizerFactory$DuplicateJsonObjectContextCustomizer@1e7aa82b, org.springframework.boot.test.mock.mockito.MockitoContextCustomizer@c9fa957c], contextLoader = 'org.springframework.test.context.support.DelegatingSmartContextLoader', parent = [null]]]
07:36:36.754 [Test worker] DEBUG org.springframework.test.context.cache - Spring test ApplicationContext cache statistics: [DefaultContextCache@53b8afea size = 1, maxSize = 32, parentContextCount = 0, hitCount = 7, missCount = 1]
07:36:36.754 [Test worker] DEBUG org.springframework.test.context.cache.DefaultCacheAwareContextLoaderDelegate - Retrieved ApplicationContext [1325866488] from cache with key [[MergedContextConfiguration@4678a2eb testClass = UserManagerTest, locations = '{}', classes = '{class xb.note.service.user.management.DefaultUserManager}', contextInitializerClasses = '[]', activeProfiles = '{}', propertySourceLocations = '{}', propertySourceProperties = '{}', contextCustomizers = set[org.springframework.boot.test.autoconfigure.actuate.metrics.MetricsExportContextCustomizerFactory$DisableMetricExportContextCustomizer@3d3ba765, org.springframework.boot.test.autoconfigure.properties.PropertyMappingContextCustomizer@0, org.springframework.boot.test.autoconfigure.web.servlet.WebDriverContextCustomizerFactory$Customizer@2a2c13a8, org.springframework.boot.test.context.filter.ExcludeFilterContextCustomizer@3543df7d, org.springframework.boot.test.json.DuplicateJsonObjectContextCustomizerFactory$DuplicateJsonObjectContextCustomizer@1e7aa82b, org.springframework.boot.test.mock.mockito.MockitoContextCustomizer@c9fa957c], contextLoader = 'org.springframework.test.context.support.DelegatingSmartContextLoader', parent = [null]]]
07:36:36.754 [Test worker] DEBUG org.springframework.test.context.cache - Spring test ApplicationContext cache statistics: [DefaultContextCache@53b8afea size = 1, maxSize = 32, parentContextCount = 0, hitCount = 8, missCount = 1]
07:36:36.754 [Test worker] DEBUG org.springframework.test.context.cache.DefaultCacheAwareContextLoaderDelegate - Retrieved ApplicationContext [1325866488] from cache with key [[MergedContextConfiguration@4678a2eb testClass = UserManagerTest, locations = '{}', classes = '{class xb.note.service.user.management.DefaultUserManager}', contextInitializerClasses = '[]', activeProfiles = '{}', propertySourceLocations = '{}', propertySourceProperties = '{}', contextCustomizers = set[org.springframework.boot.test.autoconfigure.actuate.metrics.MetricsExportContextCustomizerFactory$DisableMetricExportContextCustomizer@3d3ba765, org.springframework.boot.test.autoconfigure.properties.PropertyMappingContextCustomizer@0, org.springframework.boot.test.autoconfigure.web.servlet.WebDriverContextCustomizerFactory$Customizer@2a2c13a8, org.springframework.boot.test.context.filter.ExcludeFilterContextCustomizer@3543df7d, org.springframework.boot.test.json.DuplicateJsonObjectContextCustomizerFactory$DuplicateJsonObjectContextCustomizer@1e7aa82b, org.springframework.boot.test.mock.mockito.MockitoContextCustomizer@c9fa957c], contextLoader = 'org.springframework.test.context.support.DelegatingSmartContextLoader', parent = [null]]]
07:36:36.754 [Test worker] DEBUG org.springframework.test.context.cache - Spring test ApplicationContext cache statistics: [DefaultContextCache@53b8afea size = 1, maxSize = 32, parentContextCount = 0, hitCount = 9, missCount = 1]
07:36:36.755 [Test worker] DEBUG org.springframework.test.context.cache.DefaultCacheAwareContextLoaderDelegate - Retrieved ApplicationContext [1325866488] from cache with key [[MergedContextConfiguration@4678a2eb testClass = UserManagerTest, locations = '{}', classes = '{class xb.note.service.user.management.DefaultUserManager}', contextInitializerClasses = '[]', activeProfiles = '{}', propertySourceLocations = '{}', propertySourceProperties = '{}', contextCustomizers = set[org.springframework.boot.test.autoconfigure.actuate.metrics.MetricsExportContextCustomizerFactory$DisableMetricExportContextCustomizer@3d3ba765, org.springframework.boot.test.autoconfigure.properties.PropertyMappingContextCustomizer@0, org.springframework.boot.test.autoconfigure.web.servlet.WebDriverContextCustomizerFactory$Customizer@2a2c13a8, org.springframework.boot.test.context.filter.ExcludeFilterContextCustomizer@3543df7d, org.springframework.boot.test.json.DuplicateJsonObjectContextCustomizerFactory$DuplicateJsonObjectContextCustomizer@1e7aa82b, org.springframework.boot.test.mock.mockito.MockitoContextCustomizer@c9fa957c], contextLoader = 'org.springframework.test.context.support.DelegatingSmartContextLoader', parent = [null]]]
07:36:36.755 [Test worker] DEBUG org.springframework.test.context.cache - Spring test ApplicationContext cache statistics: [DefaultContextCache@53b8afea size = 1, maxSize = 32, parentContextCount = 0, hitCount = 10, missCount = 1]
07:36:36.755 [Test worker] DEBUG org.springframework.test.context.cache.DefaultCacheAwareContextLoaderDelegate - Retrieved ApplicationContext [1325866488] from cache with key [[MergedContextConfiguration@4678a2eb testClass = UserManagerTest, locations = '{}', classes = '{class xb.note.service.user.management.DefaultUserManager}', contextInitializerClasses = '[]', activeProfiles = '{}', propertySourceLocations = '{}', propertySourceProperties = '{}', contextCustomizers = set[org.springframework.boot.test.autoconfigure.actuate.metrics.MetricsExportContextCustomizerFactory$DisableMetricExportContextCustomizer@3d3ba765, org.springframework.boot.test.autoconfigure.properties.PropertyMappingContextCustomizer@0, org.springframework.boot.test.autoconfigure.web.servlet.WebDriverContextCustomizerFactory$Customizer@2a2c13a8, org.springframework.boot.test.context.filter.ExcludeFilterContextCustomizer@3543df7d, org.springframework.boot.test.json.DuplicateJsonObjectContextCustomizerFactory$DuplicateJsonObjectContextCustomizer@1e7aa82b, org.springframework.boot.test.mock.mockito.MockitoContextCustomizer@c9fa957c], contextLoader = 'org.springframework.test.context.support.DelegatingSmartContextLoader', parent = [null]]]
07:36:36.755 [Test worker] DEBUG org.springframework.test.context.cache - Spring test ApplicationContext cache statistics: [DefaultContextCache@53b8afea size = 1, maxSize = 32, parentContextCount = 0, hitCount = 11, missCount = 1]
07:36:36.755 [Test worker] DEBUG org.springframework.test.context.support.AbstractDirtiesContextTestExecutionListener - After test method: context [DefaultTestContext@41813449 testClass = UserManagerTest, testInstance = xb.note.service.user.management.UserManagerTest@639aba11, testMethod = CREATE_USER_TEST@UserManagerTest, testException = [null], mergedContextConfiguration = [MergedContextConfiguration@4678a2eb testClass = UserManagerTest, locations = '{}', classes = '{class xb.note.service.user.management.DefaultUserManager}', contextInitializerClasses = '[]', activeProfiles = '{}', propertySourceLocations = '{}', propertySourceProperties = '{}', contextCustomizers = set[org.springframework.boot.test.autoconfigure.actuate.metrics.MetricsExportContextCustomizerFactory$DisableMetricExportContextCustomizer@3d3ba765, org.springframework.boot.test.autoconfigure.properties.PropertyMappingContextCustomizer@0, org.springframework.boot.test.autoconfigure.web.servlet.WebDriverContextCustomizerFactory$Customizer@2a2c13a8, org.springframework.boot.test.context.filter.ExcludeFilterContextCustomizer@3543df7d, org.springframework.boot.test.json.DuplicateJsonObjectContextCustomizerFactory$DuplicateJsonObjectContextCustomizer@1e7aa82b, org.springframework.boot.test.mock.mockito.MockitoContextCustomizer@c9fa957c], contextLoader = 'org.springframework.test.context.support.DelegatingSmartContextLoader', parent = [null]], attributes = map['org.springframework.test.context.event.ApplicationEventsTestExecutionListener.recordApplicationEvents' -> false]], class annotated with @DirtiesContext [false] with mode [null], method annotated with @DirtiesContext [false] with mode [null].
07:36:36.758 [Test worker] DEBUG org.springframework.test.context.cache.DefaultCacheAwareContextLoaderDelegate - Retrieved ApplicationContext [1325866488] from cache with key [[MergedContextConfiguration@4678a2eb testClass = UserManagerTest, locations = '{}', classes = '{class xb.note.service.user.management.DefaultUserManager}', contextInitializerClasses = '[]', activeProfiles = '{}', propertySourceLocations = '{}', propertySourceProperties = '{}', contextCustomizers = set[org.springframework.boot.test.autoconfigure.actuate.metrics.MetricsExportContextCustomizerFactory$DisableMetricExportContextCustomizer@3d3ba765, org.springframework.boot.test.autoconfigure.properties.PropertyMappingContextCustomizer@0, org.springframework.boot.test.autoconfigure.web.servlet.WebDriverContextCustomizerFactory$Customizer@2a2c13a8, org.springframework.boot.test.context.filter.ExcludeFilterContextCustomizer@3543df7d, org.springframework.boot.test.json.DuplicateJsonObjectContextCustomizerFactory$DuplicateJsonObjectContextCustomizer@1e7aa82b, org.springframework.boot.test.mock.mockito.MockitoContextCustomizer@c9fa957c], contextLoader = 'org.springframework.test.context.support.DelegatingSmartContextLoader', parent = [null]]]
07:36:36.759 [Test worker] DEBUG org.springframework.test.context.cache - Spring test ApplicationContext cache statistics: [DefaultContextCache@53b8afea size = 1, maxSize = 32, parentContextCount = 0, hitCount = 12, missCount = 1]
07:36:36.759 [Test worker] DEBUG org.springframework.test.context.support.AbstractDirtiesContextTestExecutionListener - After test class: context [DefaultTestContext@41813449 testClass = UserManagerTest, testInstance = [null], testMethod = [null], testException = [null], mergedContextConfiguration = [MergedContextConfiguration@4678a2eb testClass = UserManagerTest, locations = '{}', classes = '{class xb.note.service.user.management.DefaultUserManager}', contextInitializerClasses = '[]', activeProfiles = '{}', propertySourceLocations = '{}', propertySourceProperties = '{}', contextCustomizers = set[org.springframework.boot.test.autoconfigure.actuate.metrics.MetricsExportContextCustomizerFactory$DisableMetricExportContextCustomizer@3d3ba765, org.springframework.boot.test.autoconfigure.properties.PropertyMappingContextCustomizer@0, org.springframework.boot.test.autoconfigure.web.servlet.WebDriverContextCustomizerFactory$Customizer@2a2c13a8, org.springframework.boot.test.context.filter.ExcludeFilterContextCustomizer@3543df7d, org.springframework.boot.test.json.DuplicateJsonObjectContextCustomizerFactory$DuplicateJsonObjectContextCustomizer@1e7aa82b, org.springframework.boot.test.mock.mockito.MockitoContextCustomizer@c9fa957c], contextLoader = 'org.springframework.test.context.support.DelegatingSmartContextLoader', parent = [null]], attributes = map['org.springframework.test.context.event.ApplicationEventsTestExecutionListener.recordApplicationEvents' -> false]], class annotated with @DirtiesContext [false] with mode [null].
]]></system-out>
  <system-err><![CDATA[]]></system-err>
</testsuite>
