<?xml version="1.0" encoding="UTF-8"?>
<testsuite name="xb.note.service.user.management.UserManagerTest" tests="1" skipped="0" failures="0" errors="0" timestamp="2023-01-02T10:36:19" hostname="xb-apple.local" time="0.012">
  <properties/>
  <testcase name="새로운 유저 생성" classname="xb.note.service.user.management.UserManagerTest" time="0.012"/>
  <system-out><![CDATA[19:36:19.007 [Test worker] DEBUG org.springframework.test.context.BootstrapUtils - Instantiating CacheAwareContextLoaderDelegate from class [org.springframework.test.context.cache.DefaultCacheAwareContextLoaderDelegate]
19:36:19.010 [Test worker] DEBUG org.springframework.test.context.BootstrapUtils - Instantiating BootstrapContext using constructor [public org.springframework.test.context.support.DefaultBootstrapContext(java.lang.Class,org.springframework.test.context.CacheAwareContextLoaderDelegate)]
19:36:19.018 [Test worker] DEBUG org.springframework.test.context.BootstrapUtils - Instantiating TestContextBootstrapper for test class [xb.note.service.user.management.UserManagerTest] from class [org.springframework.test.context.support.DefaultTestContextBootstrapper]
19:36:19.024 [Test worker] DEBUG org.springframework.test.context.support.AbstractDelegatingSmartContextLoader - Delegating to AnnotationConfigContextLoader to process context configuration [ContextConfigurationAttributes@78aa1f72 declaringClass = 'xb.note.service.user.management.UserManagerTest', classes = '{class xb.note.service.user.management.DefaultUserManager}', locations = '{}', inheritLocations = true, initializers = '{}', inheritInitializers = true, name = [null], contextLoaderClass = 'org.springframework.test.context.ContextLoader'].
19:36:19.038 [Test worker] DEBUG org.springframework.test.context.support.ActiveProfilesUtils - Could not find an 'annotation declaring class' for annotation type [org.springframework.test.context.ActiveProfiles] and class [xb.note.service.user.management.UserManagerTest]
19:36:19.039 [Test worker] DEBUG org.springframework.test.context.support.DefaultTestContextBootstrapper - @TestExecutionListeners is not present for class [xb.note.service.user.management.UserManagerTest]: using defaults.
19:36:19.039 [Test worker] INFO org.springframework.test.context.support.DefaultTestContextBootstrapper - Loaded default TestExecutionListener class names from location [META-INF/spring.factories]: [org.springframework.boot.test.autoconfigure.restdocs.RestDocsTestExecutionListener, org.springframework.boot.test.autoconfigure.web.client.MockRestServiceServerResetTestExecutionListener, org.springframework.boot.test.autoconfigure.web.servlet.MockMvcPrintOnlyOnFailureTestExecutionListener, org.springframework.boot.test.autoconfigure.web.servlet.WebDriverTestExecutionListener, org.springframework.boot.test.autoconfigure.webservices.client.MockWebServiceServerTestExecutionListener, org.springframework.boot.test.mock.mockito.MockitoTestExecutionListener, org.springframework.boot.test.mock.mockito.ResetMocksTestExecutionListener, org.springframework.test.context.web.ServletTestExecutionListener, org.springframework.test.context.support.DirtiesContextBeforeModesTestExecutionListener, org.springframework.test.context.event.ApplicationEventsTestExecutionListener, org.springframework.test.context.support.DependencyInjectionTestExecutionListener, org.springframework.test.context.support.DirtiesContextTestExecutionListener, org.springframework.test.context.transaction.TransactionalTestExecutionListener, org.springframework.test.context.jdbc.SqlScriptsTestExecutionListener, org.springframework.test.context.event.EventPublishingTestExecutionListener]
19:36:19.041 [Test worker] DEBUG org.springframework.test.context.support.DefaultTestContextBootstrapper - Skipping candidate TestExecutionListener [org.springframework.test.context.web.ServletTestExecutionListener] due to a missing dependency. Specify custom listener classes or make the default listener classes and their required dependencies available. Offending class: [javax/servlet/ServletContext]
19:36:19.041 [Test worker] DEBUG org.springframework.test.context.support.DefaultTestContextBootstrapper - Skipping candidate TestExecutionListener [org.springframework.test.context.transaction.TransactionalTestExecutionListener] due to a missing dependency. Specify custom listener classes or make the default listener classes and their required dependencies available. Offending class: [org/springframework/transaction/interceptor/TransactionAttributeSource]
19:36:19.041 [Test worker] DEBUG org.springframework.test.context.support.DefaultTestContextBootstrapper - Skipping candidate TestExecutionListener [org.springframework.test.context.jdbc.SqlScriptsTestExecutionListener] due to a missing dependency. Specify custom listener classes or make the default listener classes and their required dependencies available. Offending class: [org/springframework/transaction/interceptor/TransactionAttribute]
19:36:19.041 [Test worker] INFO org.springframework.test.context.support.DefaultTestContextBootstrapper - Using TestExecutionListeners: [org.springframework.test.context.support.DirtiesContextBeforeModesTestExecutionListener@54e7df6a, org.springframework.test.context.event.ApplicationEventsTestExecutionListener@3fed2870, org.springframework.boot.test.mock.mockito.MockitoTestExecutionListener@77128536, org.springframework.test.context.support.DependencyInjectionTestExecutionListener@58326051, org.springframework.test.context.support.DirtiesContextTestExecutionListener@32c4e8b2, org.springframework.test.context.event.EventPublishingTestExecutionListener@64bce832, org.springframework.boot.test.autoconfigure.restdocs.RestDocsTestExecutionListener@764faa6, org.springframework.boot.test.autoconfigure.web.client.MockRestServiceServerResetTestExecutionListener@4c1f22f3, org.springframework.boot.test.autoconfigure.web.servlet.MockMvcPrintOnlyOnFailureTestExecutionListener@598bd2ba, org.springframework.boot.test.autoconfigure.web.servlet.WebDriverTestExecutionListener@5a755cc1, org.springframework.boot.test.autoconfigure.webservices.client.MockWebServiceServerTestExecutionListener@7ae42ce3, org.springframework.boot.test.mock.mockito.ResetMocksTestExecutionListener@4f5991f6]
19:36:19.042 [Test worker] DEBUG org.springframework.test.context.support.AbstractDirtiesContextTestExecutionListener - Before test class: context [DefaultTestContext@22f31dec testClass = UserManagerTest, testInstance = [null], testMethod = [null], testException = [null], mergedContextConfiguration = [MergedContextConfiguration@34c01041 testClass = UserManagerTest, locations = '{}', classes = '{class xb.note.service.user.management.DefaultUserManager}', contextInitializerClasses = '[]', activeProfiles = '{}', propertySourceLocations = '{}', propertySourceProperties = '{}', contextCustomizers = set[org.springframework.boot.test.autoconfigure.actuate.metrics.MetricsExportContextCustomizerFactory$DisableMetricExportContextCustomizer@4397ad89, org.springframework.boot.test.autoconfigure.properties.PropertyMappingContextCustomizer@0, org.springframework.boot.test.autoconfigure.web.servlet.WebDriverContextCustomizerFactory$Customizer@3688eb5b, org.springframework.boot.test.context.filter.ExcludeFilterContextCustomizer@50de186c, org.springframework.boot.test.json.DuplicateJsonObjectContextCustomizerFactory$DuplicateJsonObjectContextCustomizer@73d983ea, org.springframework.boot.test.mock.mockito.MockitoContextCustomizer@eb054f29], contextLoader = 'org.springframework.test.context.support.DelegatingSmartContextLoader', parent = [null]], attributes = map[[empty]]], class annotated with @DirtiesContext [false] with mode [null].
19:36:19.045 [Test worker] DEBUG org.springframework.test.context.support.AbstractDelegatingSmartContextLoader - Delegating to AnnotationConfigContextLoader to load context from [MergedContextConfiguration@34c01041 testClass = UserManagerTest, locations = '{}', classes = '{class xb.note.service.user.management.DefaultUserManager}', contextInitializerClasses = '[]', activeProfiles = '{}', propertySourceLocations = '{}', propertySourceProperties = '{}', contextCustomizers = set[org.springframework.boot.test.autoconfigure.actuate.metrics.MetricsExportContextCustomizerFactory$DisableMetricExportContextCustomizer@4397ad89, org.springframework.boot.test.autoconfigure.properties.PropertyMappingContextCustomizer@0, org.springframework.boot.test.autoconfigure.web.servlet.WebDriverContextCustomizerFactory$Customizer@3688eb5b, org.springframework.boot.test.context.filter.ExcludeFilterContextCustomizer@50de186c, org.springframework.boot.test.json.DuplicateJsonObjectContextCustomizerFactory$DuplicateJsonObjectContextCustomizer@73d983ea, org.springframework.boot.test.mock.mockito.MockitoContextCustomizer@eb054f29], contextLoader = 'org.springframework.test.context.support.DelegatingSmartContextLoader', parent = [null]].
19:36:19.045 [Test worker] DEBUG org.springframework.test.context.support.AbstractGenericContextLoader - Loading ApplicationContext for merged context configuration [[MergedContextConfiguration@34c01041 testClass = UserManagerTest, locations = '{}', classes = '{class xb.note.service.user.management.DefaultUserManager}', contextInitializerClasses = '[]', activeProfiles = '{}', propertySourceLocations = '{}', propertySourceProperties = '{}', contextCustomizers = set[org.springframework.boot.test.autoconfigure.actuate.metrics.MetricsExportContextCustomizerFactory$DisableMetricExportContextCustomizer@4397ad89, org.springframework.boot.test.autoconfigure.properties.PropertyMappingContextCustomizer@0, org.springframework.boot.test.autoconfigure.web.servlet.WebDriverContextCustomizerFactory$Customizer@3688eb5b, org.springframework.boot.test.context.filter.ExcludeFilterContextCustomizer@50de186c, org.springframework.boot.test.json.DuplicateJsonObjectContextCustomizerFactory$DuplicateJsonObjectContextCustomizer@73d983ea, org.springframework.boot.test.mock.mockito.MockitoContextCustomizer@eb054f29], contextLoader = 'org.springframework.test.context.support.DelegatingSmartContextLoader', parent = [null]]].
19:36:19.055 [Test worker] DEBUG org.springframework.core.env.StandardEnvironment - Activating profiles []
19:36:19.055 [Test worker] DEBUG org.springframework.test.context.support.AnnotationConfigContextLoader - Registering component classes: {class xb.note.service.user.management.DefaultUserManager}
19:36:19.065 [Test worker] DEBUG org.springframework.context.support.GenericApplicationContext - Refreshing org.springframework.context.support.GenericApplicationContext@7ca20101
19:36:19.068 [Test worker] DEBUG org.springframework.beans.factory.support.DefaultListableBeanFactory - Creating shared instance of singleton bean 'org.springframework.context.annotation.internalConfigurationAnnotationProcessor'
19:36:19.076 [Test worker] DEBUG org.springframework.beans.factory.support.DefaultListableBeanFactory - Creating shared instance of singleton bean 'org.springframework.boot.test.mock.mockito.MockitoPostProcessor'
19:36:19.227 [Test worker] DEBUG org.springframework.beans.factory.support.DefaultListableBeanFactory - Creating shared instance of singleton bean 'org.springframework.context.event.internalEventListenerProcessor'
19:36:19.227 [Test worker] DEBUG org.springframework.beans.factory.support.DefaultListableBeanFactory - Creating shared instance of singleton bean 'org.springframework.context.event.internalEventListenerFactory'
19:36:19.228 [Test worker] DEBUG org.springframework.beans.factory.support.DefaultListableBeanFactory - Creating shared instance of singleton bean 'org.springframework.context.annotation.internalAutowiredAnnotationProcessor'
19:36:19.228 [Test worker] DEBUG org.springframework.beans.factory.support.DefaultListableBeanFactory - Creating shared instance of singleton bean 'org.springframework.context.annotation.internalCommonAnnotationProcessor'
19:36:19.229 [Test worker] DEBUG org.springframework.beans.factory.support.DefaultListableBeanFactory - Creating shared instance of singleton bean 'org.springframework.boot.test.mock.mockito.MockitoPostProcessor$SpyPostProcessor'
19:36:19.232 [Test worker] DEBUG org.springframework.beans.factory.support.DefaultListableBeanFactory - Creating shared instance of singleton bean 'defaultUserManager'
19:36:19.235 [Test worker] DEBUG org.springframework.beans.factory.support.DefaultListableBeanFactory - Autowiring by type from bean name 'defaultUserManager' via constructor to bean named 'xb.note.service.user.management.spi.UserManagementRepository#0'
19:36:19.242 [Test worker] DEBUG org.springframework.test.context.cache.DefaultCacheAwareContextLoaderDelegate - Storing ApplicationContext [2090991873] in cache under key [[MergedContextConfiguration@34c01041 testClass = UserManagerTest, locations = '{}', classes = '{class xb.note.service.user.management.DefaultUserManager}', contextInitializerClasses = '[]', activeProfiles = '{}', propertySourceLocations = '{}', propertySourceProperties = '{}', contextCustomizers = set[org.springframework.boot.test.autoconfigure.actuate.metrics.MetricsExportContextCustomizerFactory$DisableMetricExportContextCustomizer@4397ad89, org.springframework.boot.test.autoconfigure.properties.PropertyMappingContextCustomizer@0, org.springframework.boot.test.autoconfigure.web.servlet.WebDriverContextCustomizerFactory$Customizer@3688eb5b, org.springframework.boot.test.context.filter.ExcludeFilterContextCustomizer@50de186c, org.springframework.boot.test.json.DuplicateJsonObjectContextCustomizerFactory$DuplicateJsonObjectContextCustomizer@73d983ea, org.springframework.boot.test.mock.mockito.MockitoContextCustomizer@eb054f29], contextLoader = 'org.springframework.test.context.support.DelegatingSmartContextLoader', parent = [null]]]
19:36:19.242 [Test worker] DEBUG org.springframework.test.context.cache - Spring test ApplicationContext cache statistics: [DefaultContextCache@598260a6 size = 1, maxSize = 32, parentContextCount = 0, hitCount = 0, missCount = 1]
19:36:19.243 [Test worker] DEBUG org.springframework.test.context.support.DependencyInjectionTestExecutionListener - Performing dependency injection for test context [[DefaultTestContext@22f31dec testClass = UserManagerTest, testInstance = xb.note.service.user.management.UserManagerTest@1b15f922, testMethod = [null], testException = [null], mergedContextConfiguration = [MergedContextConfiguration@34c01041 testClass = UserManagerTest, locations = '{}', classes = '{class xb.note.service.user.management.DefaultUserManager}', contextInitializerClasses = '[]', activeProfiles = '{}', propertySourceLocations = '{}', propertySourceProperties = '{}', contextCustomizers = set[org.springframework.boot.test.autoconfigure.actuate.metrics.MetricsExportContextCustomizerFactory$DisableMetricExportContextCustomizer@4397ad89, org.springframework.boot.test.autoconfigure.properties.PropertyMappingContextCustomizer@0, org.springframework.boot.test.autoconfigure.web.servlet.WebDriverContextCustomizerFactory$Customizer@3688eb5b, org.springframework.boot.test.context.filter.ExcludeFilterContextCustomizer@50de186c, org.springframework.boot.test.json.DuplicateJsonObjectContextCustomizerFactory$DuplicateJsonObjectContextCustomizer@73d983ea, org.springframework.boot.test.mock.mockito.MockitoContextCustomizer@eb054f29], contextLoader = 'org.springframework.test.context.support.DelegatingSmartContextLoader', parent = [null]], attributes = map['org.springframework.test.context.event.ApplicationEventsTestExecutionListener.recordApplicationEvents' -> false]]].
19:36:19.243 [Test worker] DEBUG org.springframework.test.context.cache.DefaultCacheAwareContextLoaderDelegate - Retrieved ApplicationContext [2090991873] from cache with key [[MergedContextConfiguration@34c01041 testClass = UserManagerTest, locations = '{}', classes = '{class xb.note.service.user.management.DefaultUserManager}', contextInitializerClasses = '[]', activeProfiles = '{}', propertySourceLocations = '{}', propertySourceProperties = '{}', contextCustomizers = set[org.springframework.boot.test.autoconfigure.actuate.metrics.MetricsExportContextCustomizerFactory$DisableMetricExportContextCustomizer@4397ad89, org.springframework.boot.test.autoconfigure.properties.PropertyMappingContextCustomizer@0, org.springframework.boot.test.autoconfigure.web.servlet.WebDriverContextCustomizerFactory$Customizer@3688eb5b, org.springframework.boot.test.context.filter.ExcludeFilterContextCustomizer@50de186c, org.springframework.boot.test.json.DuplicateJsonObjectContextCustomizerFactory$DuplicateJsonObjectContextCustomizer@73d983ea, org.springframework.boot.test.mock.mockito.MockitoContextCustomizer@eb054f29], contextLoader = 'org.springframework.test.context.support.DelegatingSmartContextLoader', parent = [null]]]
19:36:19.243 [Test worker] DEBUG org.springframework.test.context.cache - Spring test ApplicationContext cache statistics: [DefaultContextCache@598260a6 size = 1, maxSize = 32, parentContextCount = 0, hitCount = 1, missCount = 1]
19:36:19.245 [Test worker] DEBUG org.springframework.test.context.cache.DefaultCacheAwareContextLoaderDelegate - Retrieved ApplicationContext [2090991873] from cache with key [[MergedContextConfiguration@34c01041 testClass = UserManagerTest, locations = '{}', classes = '{class xb.note.service.user.management.DefaultUserManager}', contextInitializerClasses = '[]', activeProfiles = '{}', propertySourceLocations = '{}', propertySourceProperties = '{}', contextCustomizers = set[org.springframework.boot.test.autoconfigure.actuate.metrics.MetricsExportContextCustomizerFactory$DisableMetricExportContextCustomizer@4397ad89, org.springframework.boot.test.autoconfigure.properties.PropertyMappingContextCustomizer@0, org.springframework.boot.test.autoconfigure.web.servlet.WebDriverContextCustomizerFactory$Customizer@3688eb5b, org.springframework.boot.test.context.filter.ExcludeFilterContextCustomizer@50de186c, org.springframework.boot.test.json.DuplicateJsonObjectContextCustomizerFactory$DuplicateJsonObjectContextCustomizer@73d983ea, org.springframework.boot.test.mock.mockito.MockitoContextCustomizer@eb054f29], contextLoader = 'org.springframework.test.context.support.DelegatingSmartContextLoader', parent = [null]]]
19:36:19.245 [Test worker] DEBUG org.springframework.test.context.cache - Spring test ApplicationContext cache statistics: [DefaultContextCache@598260a6 size = 1, maxSize = 32, parentContextCount = 0, hitCount = 2, missCount = 1]
19:36:19.247 [Test worker] DEBUG org.springframework.test.context.support.AbstractDirtiesContextTestExecutionListener - Before test method: context [DefaultTestContext@22f31dec testClass = UserManagerTest, testInstance = xb.note.service.user.management.UserManagerTest@1b15f922, testMethod = CREATE_USER_TEST@UserManagerTest, testException = [null], mergedContextConfiguration = [MergedContextConfiguration@34c01041 testClass = UserManagerTest, locations = '{}', classes = '{class xb.note.service.user.management.DefaultUserManager}', contextInitializerClasses = '[]', activeProfiles = '{}', propertySourceLocations = '{}', propertySourceProperties = '{}', contextCustomizers = set[org.springframework.boot.test.autoconfigure.actuate.metrics.MetricsExportContextCustomizerFactory$DisableMetricExportContextCustomizer@4397ad89, org.springframework.boot.test.autoconfigure.properties.PropertyMappingContextCustomizer@0, org.springframework.boot.test.autoconfigure.web.servlet.WebDriverContextCustomizerFactory$Customizer@3688eb5b, org.springframework.boot.test.context.filter.ExcludeFilterContextCustomizer@50de186c, org.springframework.boot.test.json.DuplicateJsonObjectContextCustomizerFactory$DuplicateJsonObjectContextCustomizer@73d983ea, org.springframework.boot.test.mock.mockito.MockitoContextCustomizer@eb054f29], contextLoader = 'org.springframework.test.context.support.DelegatingSmartContextLoader', parent = [null]], attributes = map['org.springframework.test.context.event.ApplicationEventsTestExecutionListener.recordApplicationEvents' -> false]], class annotated with @DirtiesContext [false] with mode [null], method annotated with @DirtiesContext [false] with mode [null].
19:36:19.247 [Test worker] DEBUG org.springframework.test.context.cache.DefaultCacheAwareContextLoaderDelegate - Retrieved ApplicationContext [2090991873] from cache with key [[MergedContextConfiguration@34c01041 testClass = UserManagerTest, locations = '{}', classes = '{class xb.note.service.user.management.DefaultUserManager}', contextInitializerClasses = '[]', activeProfiles = '{}', propertySourceLocations = '{}', propertySourceProperties = '{}', contextCustomizers = set[org.springframework.boot.test.autoconfigure.actuate.metrics.MetricsExportContextCustomizerFactory$DisableMetricExportContextCustomizer@4397ad89, org.springframework.boot.test.autoconfigure.properties.PropertyMappingContextCustomizer@0, org.springframework.boot.test.autoconfigure.web.servlet.WebDriverContextCustomizerFactory$Customizer@3688eb5b, org.springframework.boot.test.context.filter.ExcludeFilterContextCustomizer@50de186c, org.springframework.boot.test.json.DuplicateJsonObjectContextCustomizerFactory$DuplicateJsonObjectContextCustomizer@73d983ea, org.springframework.boot.test.mock.mockito.MockitoContextCustomizer@eb054f29], contextLoader = 'org.springframework.test.context.support.DelegatingSmartContextLoader', parent = [null]]]
19:36:19.247 [Test worker] DEBUG org.springframework.test.context.cache - Spring test ApplicationContext cache statistics: [DefaultContextCache@598260a6 size = 1, maxSize = 32, parentContextCount = 0, hitCount = 3, missCount = 1]
19:36:19.247 [Test worker] DEBUG org.springframework.test.context.cache.DefaultCacheAwareContextLoaderDelegate - Retrieved ApplicationContext [2090991873] from cache with key [[MergedContextConfiguration@34c01041 testClass = UserManagerTest, locations = '{}', classes = '{class xb.note.service.user.management.DefaultUserManager}', contextInitializerClasses = '[]', activeProfiles = '{}', propertySourceLocations = '{}', propertySourceProperties = '{}', contextCustomizers = set[org.springframework.boot.test.autoconfigure.actuate.metrics.MetricsExportContextCustomizerFactory$DisableMetricExportContextCustomizer@4397ad89, org.springframework.boot.test.autoconfigure.properties.PropertyMappingContextCustomizer@0, org.springframework.boot.test.autoconfigure.web.servlet.WebDriverContextCustomizerFactory$Customizer@3688eb5b, org.springframework.boot.test.context.filter.ExcludeFilterContextCustomizer@50de186c, org.springframework.boot.test.json.DuplicateJsonObjectContextCustomizerFactory$DuplicateJsonObjectContextCustomizer@73d983ea, org.springframework.boot.test.mock.mockito.MockitoContextCustomizer@eb054f29], contextLoader = 'org.springframework.test.context.support.DelegatingSmartContextLoader', parent = [null]]]
19:36:19.247 [Test worker] DEBUG org.springframework.test.context.cache - Spring test ApplicationContext cache statistics: [DefaultContextCache@598260a6 size = 1, maxSize = 32, parentContextCount = 0, hitCount = 4, missCount = 1]
19:36:19.249 [Test worker] DEBUG org.springframework.test.context.cache.DefaultCacheAwareContextLoaderDelegate - Retrieved ApplicationContext [2090991873] from cache with key [[MergedContextConfiguration@34c01041 testClass = UserManagerTest, locations = '{}', classes = '{class xb.note.service.user.management.DefaultUserManager}', contextInitializerClasses = '[]', activeProfiles = '{}', propertySourceLocations = '{}', propertySourceProperties = '{}', contextCustomizers = set[org.springframework.boot.test.autoconfigure.actuate.metrics.MetricsExportContextCustomizerFactory$DisableMetricExportContextCustomizer@4397ad89, org.springframework.boot.test.autoconfigure.properties.PropertyMappingContextCustomizer@0, org.springframework.boot.test.autoconfigure.web.servlet.WebDriverContextCustomizerFactory$Customizer@3688eb5b, org.springframework.boot.test.context.filter.ExcludeFilterContextCustomizer@50de186c, org.springframework.boot.test.json.DuplicateJsonObjectContextCustomizerFactory$DuplicateJsonObjectContextCustomizer@73d983ea, org.springframework.boot.test.mock.mockito.MockitoContextCustomizer@eb054f29], contextLoader = 'org.springframework.test.context.support.DelegatingSmartContextLoader', parent = [null]]]
19:36:19.249 [Test worker] DEBUG org.springframework.test.context.cache - Spring test ApplicationContext cache statistics: [DefaultContextCache@598260a6 size = 1, maxSize = 32, parentContextCount = 0, hitCount = 5, missCount = 1]
19:36:19.255 [Test worker] DEBUG org.springframework.test.context.cache.DefaultCacheAwareContextLoaderDelegate - Retrieved ApplicationContext [2090991873] from cache with key [[MergedContextConfiguration@34c01041 testClass = UserManagerTest, locations = '{}', classes = '{class xb.note.service.user.management.DefaultUserManager}', contextInitializerClasses = '[]', activeProfiles = '{}', propertySourceLocations = '{}', propertySourceProperties = '{}', contextCustomizers = set[org.springframework.boot.test.autoconfigure.actuate.metrics.MetricsExportContextCustomizerFactory$DisableMetricExportContextCustomizer@4397ad89, org.springframework.boot.test.autoconfigure.properties.PropertyMappingContextCustomizer@0, org.springframework.boot.test.autoconfigure.web.servlet.WebDriverContextCustomizerFactory$Customizer@3688eb5b, org.springframework.boot.test.context.filter.ExcludeFilterContextCustomizer@50de186c, org.springframework.boot.test.json.DuplicateJsonObjectContextCustomizerFactory$DuplicateJsonObjectContextCustomizer@73d983ea, org.springframework.boot.test.mock.mockito.MockitoContextCustomizer@eb054f29], contextLoader = 'org.springframework.test.context.support.DelegatingSmartContextLoader', parent = [null]]]
19:36:19.255 [Test worker] DEBUG org.springframework.test.context.cache - Spring test ApplicationContext cache statistics: [DefaultContextCache@598260a6 size = 1, maxSize = 32, parentContextCount = 0, hitCount = 6, missCount = 1]
19:36:19.255 [Test worker] DEBUG org.springframework.test.context.cache.DefaultCacheAwareContextLoaderDelegate - Retrieved ApplicationContext [2090991873] from cache with key [[MergedContextConfiguration@34c01041 testClass = UserManagerTest, locations = '{}', classes = '{class xb.note.service.user.management.DefaultUserManager}', contextInitializerClasses = '[]', activeProfiles = '{}', propertySourceLocations = '{}', propertySourceProperties = '{}', contextCustomizers = set[org.springframework.boot.test.autoconfigure.actuate.metrics.MetricsExportContextCustomizerFactory$DisableMetricExportContextCustomizer@4397ad89, org.springframework.boot.test.autoconfigure.properties.PropertyMappingContextCustomizer@0, org.springframework.boot.test.autoconfigure.web.servlet.WebDriverContextCustomizerFactory$Customizer@3688eb5b, org.springframework.boot.test.context.filter.ExcludeFilterContextCustomizer@50de186c, org.springframework.boot.test.json.DuplicateJsonObjectContextCustomizerFactory$DuplicateJsonObjectContextCustomizer@73d983ea, org.springframework.boot.test.mock.mockito.MockitoContextCustomizer@eb054f29], contextLoader = 'org.springframework.test.context.support.DelegatingSmartContextLoader', parent = [null]]]
19:36:19.255 [Test worker] DEBUG org.springframework.test.context.cache - Spring test ApplicationContext cache statistics: [DefaultContextCache@598260a6 size = 1, maxSize = 32, parentContextCount = 0, hitCount = 7, missCount = 1]
19:36:19.256 [Test worker] DEBUG org.springframework.test.context.cache.DefaultCacheAwareContextLoaderDelegate - Retrieved ApplicationContext [2090991873] from cache with key [[MergedContextConfiguration@34c01041 testClass = UserManagerTest, locations = '{}', classes = '{class xb.note.service.user.management.DefaultUserManager}', contextInitializerClasses = '[]', activeProfiles = '{}', propertySourceLocations = '{}', propertySourceProperties = '{}', contextCustomizers = set[org.springframework.boot.test.autoconfigure.actuate.metrics.MetricsExportContextCustomizerFactory$DisableMetricExportContextCustomizer@4397ad89, org.springframework.boot.test.autoconfigure.properties.PropertyMappingContextCustomizer@0, org.springframework.boot.test.autoconfigure.web.servlet.WebDriverContextCustomizerFactory$Customizer@3688eb5b, org.springframework.boot.test.context.filter.ExcludeFilterContextCustomizer@50de186c, org.springframework.boot.test.json.DuplicateJsonObjectContextCustomizerFactory$DuplicateJsonObjectContextCustomizer@73d983ea, org.springframework.boot.test.mock.mockito.MockitoContextCustomizer@eb054f29], contextLoader = 'org.springframework.test.context.support.DelegatingSmartContextLoader', parent = [null]]]
19:36:19.256 [Test worker] DEBUG org.springframework.test.context.cache - Spring test ApplicationContext cache statistics: [DefaultContextCache@598260a6 size = 1, maxSize = 32, parentContextCount = 0, hitCount = 8, missCount = 1]
19:36:19.256 [Test worker] DEBUG org.springframework.test.context.cache.DefaultCacheAwareContextLoaderDelegate - Retrieved ApplicationContext [2090991873] from cache with key [[MergedContextConfiguration@34c01041 testClass = UserManagerTest, locations = '{}', classes = '{class xb.note.service.user.management.DefaultUserManager}', contextInitializerClasses = '[]', activeProfiles = '{}', propertySourceLocations = '{}', propertySourceProperties = '{}', contextCustomizers = set[org.springframework.boot.test.autoconfigure.actuate.metrics.MetricsExportContextCustomizerFactory$DisableMetricExportContextCustomizer@4397ad89, org.springframework.boot.test.autoconfigure.properties.PropertyMappingContextCustomizer@0, org.springframework.boot.test.autoconfigure.web.servlet.WebDriverContextCustomizerFactory$Customizer@3688eb5b, org.springframework.boot.test.context.filter.ExcludeFilterContextCustomizer@50de186c, org.springframework.boot.test.json.DuplicateJsonObjectContextCustomizerFactory$DuplicateJsonObjectContextCustomizer@73d983ea, org.springframework.boot.test.mock.mockito.MockitoContextCustomizer@eb054f29], contextLoader = 'org.springframework.test.context.support.DelegatingSmartContextLoader', parent = [null]]]
19:36:19.256 [Test worker] DEBUG org.springframework.test.context.cache - Spring test ApplicationContext cache statistics: [DefaultContextCache@598260a6 size = 1, maxSize = 32, parentContextCount = 0, hitCount = 9, missCount = 1]
19:36:19.256 [Test worker] DEBUG org.springframework.test.context.cache.DefaultCacheAwareContextLoaderDelegate - Retrieved ApplicationContext [2090991873] from cache with key [[MergedContextConfiguration@34c01041 testClass = UserManagerTest, locations = '{}', classes = '{class xb.note.service.user.management.DefaultUserManager}', contextInitializerClasses = '[]', activeProfiles = '{}', propertySourceLocations = '{}', propertySourceProperties = '{}', contextCustomizers = set[org.springframework.boot.test.autoconfigure.actuate.metrics.MetricsExportContextCustomizerFactory$DisableMetricExportContextCustomizer@4397ad89, org.springframework.boot.test.autoconfigure.properties.PropertyMappingContextCustomizer@0, org.springframework.boot.test.autoconfigure.web.servlet.WebDriverContextCustomizerFactory$Customizer@3688eb5b, org.springframework.boot.test.context.filter.ExcludeFilterContextCustomizer@50de186c, org.springframework.boot.test.json.DuplicateJsonObjectContextCustomizerFactory$DuplicateJsonObjectContextCustomizer@73d983ea, org.springframework.boot.test.mock.mockito.MockitoContextCustomizer@eb054f29], contextLoader = 'org.springframework.test.context.support.DelegatingSmartContextLoader', parent = [null]]]
19:36:19.256 [Test worker] DEBUG org.springframework.test.context.cache - Spring test ApplicationContext cache statistics: [DefaultContextCache@598260a6 size = 1, maxSize = 32, parentContextCount = 0, hitCount = 10, missCount = 1]
19:36:19.256 [Test worker] DEBUG org.springframework.test.context.cache.DefaultCacheAwareContextLoaderDelegate - Retrieved ApplicationContext [2090991873] from cache with key [[MergedContextConfiguration@34c01041 testClass = UserManagerTest, locations = '{}', classes = '{class xb.note.service.user.management.DefaultUserManager}', contextInitializerClasses = '[]', activeProfiles = '{}', propertySourceLocations = '{}', propertySourceProperties = '{}', contextCustomizers = set[org.springframework.boot.test.autoconfigure.actuate.metrics.MetricsExportContextCustomizerFactory$DisableMetricExportContextCustomizer@4397ad89, org.springframework.boot.test.autoconfigure.properties.PropertyMappingContextCustomizer@0, org.springframework.boot.test.autoconfigure.web.servlet.WebDriverContextCustomizerFactory$Customizer@3688eb5b, org.springframework.boot.test.context.filter.ExcludeFilterContextCustomizer@50de186c, org.springframework.boot.test.json.DuplicateJsonObjectContextCustomizerFactory$DuplicateJsonObjectContextCustomizer@73d983ea, org.springframework.boot.test.mock.mockito.MockitoContextCustomizer@eb054f29], contextLoader = 'org.springframework.test.context.support.DelegatingSmartContextLoader', parent = [null]]]
19:36:19.256 [Test worker] DEBUG org.springframework.test.context.cache - Spring test ApplicationContext cache statistics: [DefaultContextCache@598260a6 size = 1, maxSize = 32, parentContextCount = 0, hitCount = 11, missCount = 1]
19:36:19.257 [Test worker] DEBUG org.springframework.test.context.support.AbstractDirtiesContextTestExecutionListener - After test method: context [DefaultTestContext@22f31dec testClass = UserManagerTest, testInstance = xb.note.service.user.management.UserManagerTest@1b15f922, testMethod = CREATE_USER_TEST@UserManagerTest, testException = [null], mergedContextConfiguration = [MergedContextConfiguration@34c01041 testClass = UserManagerTest, locations = '{}', classes = '{class xb.note.service.user.management.DefaultUserManager}', contextInitializerClasses = '[]', activeProfiles = '{}', propertySourceLocations = '{}', propertySourceProperties = '{}', contextCustomizers = set[org.springframework.boot.test.autoconfigure.actuate.metrics.MetricsExportContextCustomizerFactory$DisableMetricExportContextCustomizer@4397ad89, org.springframework.boot.test.autoconfigure.properties.PropertyMappingContextCustomizer@0, org.springframework.boot.test.autoconfigure.web.servlet.WebDriverContextCustomizerFactory$Customizer@3688eb5b, org.springframework.boot.test.context.filter.ExcludeFilterContextCustomizer@50de186c, org.springframework.boot.test.json.DuplicateJsonObjectContextCustomizerFactory$DuplicateJsonObjectContextCustomizer@73d983ea, org.springframework.boot.test.mock.mockito.MockitoContextCustomizer@eb054f29], contextLoader = 'org.springframework.test.context.support.DelegatingSmartContextLoader', parent = [null]], attributes = map['org.springframework.test.context.event.ApplicationEventsTestExecutionListener.recordApplicationEvents' -> false]], class annotated with @DirtiesContext [false] with mode [null], method annotated with @DirtiesContext [false] with mode [null].
19:36:19.258 [Test worker] DEBUG org.springframework.test.context.cache.DefaultCacheAwareContextLoaderDelegate - Retrieved ApplicationContext [2090991873] from cache with key [[MergedContextConfiguration@34c01041 testClass = UserManagerTest, locations = '{}', classes = '{class xb.note.service.user.management.DefaultUserManager}', contextInitializerClasses = '[]', activeProfiles = '{}', propertySourceLocations = '{}', propertySourceProperties = '{}', contextCustomizers = set[org.springframework.boot.test.autoconfigure.actuate.metrics.MetricsExportContextCustomizerFactory$DisableMetricExportContextCustomizer@4397ad89, org.springframework.boot.test.autoconfigure.properties.PropertyMappingContextCustomizer@0, org.springframework.boot.test.autoconfigure.web.servlet.WebDriverContextCustomizerFactory$Customizer@3688eb5b, org.springframework.boot.test.context.filter.ExcludeFilterContextCustomizer@50de186c, org.springframework.boot.test.json.DuplicateJsonObjectContextCustomizerFactory$DuplicateJsonObjectContextCustomizer@73d983ea, org.springframework.boot.test.mock.mockito.MockitoContextCustomizer@eb054f29], contextLoader = 'org.springframework.test.context.support.DelegatingSmartContextLoader', parent = [null]]]
19:36:19.259 [Test worker] DEBUG org.springframework.test.context.cache - Spring test ApplicationContext cache statistics: [DefaultContextCache@598260a6 size = 1, maxSize = 32, parentContextCount = 0, hitCount = 12, missCount = 1]
19:36:19.259 [Test worker] DEBUG org.springframework.test.context.support.AbstractDirtiesContextTestExecutionListener - After test class: context [DefaultTestContext@22f31dec testClass = UserManagerTest, testInstance = [null], testMethod = [null], testException = [null], mergedContextConfiguration = [MergedContextConfiguration@34c01041 testClass = UserManagerTest, locations = '{}', classes = '{class xb.note.service.user.management.DefaultUserManager}', contextInitializerClasses = '[]', activeProfiles = '{}', propertySourceLocations = '{}', propertySourceProperties = '{}', contextCustomizers = set[org.springframework.boot.test.autoconfigure.actuate.metrics.MetricsExportContextCustomizerFactory$DisableMetricExportContextCustomizer@4397ad89, org.springframework.boot.test.autoconfigure.properties.PropertyMappingContextCustomizer@0, org.springframework.boot.test.autoconfigure.web.servlet.WebDriverContextCustomizerFactory$Customizer@3688eb5b, org.springframework.boot.test.context.filter.ExcludeFilterContextCustomizer@50de186c, org.springframework.boot.test.json.DuplicateJsonObjectContextCustomizerFactory$DuplicateJsonObjectContextCustomizer@73d983ea, org.springframework.boot.test.mock.mockito.MockitoContextCustomizer@eb054f29], contextLoader = 'org.springframework.test.context.support.DelegatingSmartContextLoader', parent = [null]], attributes = map['org.springframework.test.context.event.ApplicationEventsTestExecutionListener.recordApplicationEvents' -> false]], class annotated with @DirtiesContext [false] with mode [null].
]]></system-out>
  <system-err><![CDATA[]]></system-err>
</testsuite>
