<?xml version="1.0" encoding="UTF-8"?>
<testsuite name="xb.note.service.board.management.BoardManagerTest" tests="3" skipped="0" failures="0" errors="0" timestamp="2022-12-29T11:19:44" hostname="xb-apple.local" time="0.027">
  <properties/>
  <testcase name="게시글 삭제 성공 테스트" classname="xb.note.service.board.management.BoardManagerTest" time="0.017"/>
  <testcase name="게시글 생성 성공 테스트" classname="xb.note.service.board.management.BoardManagerTest" time="0.004"/>
  <testcase name="게시글 생성 실패 &quot;없는유저&quot; 테스트" classname="xb.note.service.board.management.BoardManagerTest" time="0.003"/>
  <system-out><![CDATA[20:19:44.417 [Test worker] DEBUG org.springframework.test.context.BootstrapUtils - Instantiating CacheAwareContextLoaderDelegate from class [org.springframework.test.context.cache.DefaultCacheAwareContextLoaderDelegate]
20:19:44.421 [Test worker] DEBUG org.springframework.test.context.BootstrapUtils - Instantiating BootstrapContext using constructor [public org.springframework.test.context.support.DefaultBootstrapContext(java.lang.Class,org.springframework.test.context.CacheAwareContextLoaderDelegate)]
20:19:44.431 [Test worker] DEBUG org.springframework.test.context.BootstrapUtils - Instantiating TestContextBootstrapper for test class [xb.note.service.board.management.BoardManagerTest] from class [org.springframework.test.context.support.DefaultTestContextBootstrapper]
20:19:44.438 [Test worker] DEBUG org.springframework.test.context.support.AbstractDelegatingSmartContextLoader - Delegating to AnnotationConfigContextLoader to process context configuration [ContextConfigurationAttributes@2cc3ad05 declaringClass = 'xb.note.service.board.management.BoardManagerTest', classes = '{class xb.note.service.board.management.DefaultBoardManager}', locations = '{}', inheritLocations = true, initializers = '{}', inheritInitializers = true, name = [null], contextLoaderClass = 'org.springframework.test.context.ContextLoader'].
20:19:44.456 [Test worker] DEBUG org.springframework.test.context.support.ActiveProfilesUtils - Could not find an 'annotation declaring class' for annotation type [org.springframework.test.context.ActiveProfiles] and class [xb.note.service.board.management.BoardManagerTest]
20:19:44.456 [Test worker] DEBUG org.springframework.test.context.support.DefaultTestContextBootstrapper - @TestExecutionListeners is not present for class [xb.note.service.board.management.BoardManagerTest]: using defaults.
20:19:44.457 [Test worker] INFO org.springframework.test.context.support.DefaultTestContextBootstrapper - Loaded default TestExecutionListener class names from location [META-INF/spring.factories]: [org.springframework.boot.test.autoconfigure.restdocs.RestDocsTestExecutionListener, org.springframework.boot.test.autoconfigure.web.client.MockRestServiceServerResetTestExecutionListener, org.springframework.boot.test.autoconfigure.web.servlet.MockMvcPrintOnlyOnFailureTestExecutionListener, org.springframework.boot.test.autoconfigure.web.servlet.WebDriverTestExecutionListener, org.springframework.boot.test.autoconfigure.webservices.client.MockWebServiceServerTestExecutionListener, org.springframework.boot.test.mock.mockito.MockitoTestExecutionListener, org.springframework.boot.test.mock.mockito.ResetMocksTestExecutionListener, org.springframework.test.context.web.ServletTestExecutionListener, org.springframework.test.context.support.DirtiesContextBeforeModesTestExecutionListener, org.springframework.test.context.event.ApplicationEventsTestExecutionListener, org.springframework.test.context.support.DependencyInjectionTestExecutionListener, org.springframework.test.context.support.DirtiesContextTestExecutionListener, org.springframework.test.context.transaction.TransactionalTestExecutionListener, org.springframework.test.context.jdbc.SqlScriptsTestExecutionListener, org.springframework.test.context.event.EventPublishingTestExecutionListener]
20:19:44.459 [Test worker] DEBUG org.springframework.test.context.support.DefaultTestContextBootstrapper - Skipping candidate TestExecutionListener [org.springframework.test.context.web.ServletTestExecutionListener] due to a missing dependency. Specify custom listener classes or make the default listener classes and their required dependencies available. Offending class: [javax/servlet/ServletContext]
20:19:44.460 [Test worker] DEBUG org.springframework.test.context.support.DefaultTestContextBootstrapper - Skipping candidate TestExecutionListener [org.springframework.test.context.transaction.TransactionalTestExecutionListener] due to a missing dependency. Specify custom listener classes or make the default listener classes and their required dependencies available. Offending class: [org/springframework/transaction/interceptor/TransactionAttributeSource]
20:19:44.460 [Test worker] DEBUG org.springframework.test.context.support.DefaultTestContextBootstrapper - Skipping candidate TestExecutionListener [org.springframework.test.context.jdbc.SqlScriptsTestExecutionListener] due to a missing dependency. Specify custom listener classes or make the default listener classes and their required dependencies available. Offending class: [org/springframework/transaction/interceptor/TransactionAttribute]
20:19:44.460 [Test worker] INFO org.springframework.test.context.support.DefaultTestContextBootstrapper - Using TestExecutionListeners: [org.springframework.test.context.support.DirtiesContextBeforeModesTestExecutionListener@a8e6492, org.springframework.test.context.event.ApplicationEventsTestExecutionListener@1c7fd41f, org.springframework.boot.test.mock.mockito.MockitoTestExecutionListener@3b77a04f, org.springframework.test.context.support.DependencyInjectionTestExecutionListener@7b324585, org.springframework.test.context.support.DirtiesContextTestExecutionListener@2e11485, org.springframework.test.context.event.EventPublishingTestExecutionListener@60dce7ea, org.springframework.boot.test.autoconfigure.restdocs.RestDocsTestExecutionListener@662f5666, org.springframework.boot.test.autoconfigure.web.client.MockRestServiceServerResetTestExecutionListener@fd8294b, org.springframework.boot.test.autoconfigure.web.servlet.MockMvcPrintOnlyOnFailureTestExecutionListener@5974109, org.springframework.boot.test.autoconfigure.web.servlet.WebDriverTestExecutionListener@27305e6, org.springframework.boot.test.autoconfigure.webservices.client.MockWebServiceServerTestExecutionListener@1ef3efa8, org.springframework.boot.test.mock.mockito.ResetMocksTestExecutionListener@502f1f4c]
20:19:44.461 [Test worker] DEBUG org.springframework.test.context.support.AbstractDirtiesContextTestExecutionListener - Before test class: context [DefaultTestContext@306851c7 testClass = BoardManagerTest, testInstance = [null], testMethod = [null], testException = [null], mergedContextConfiguration = [MergedContextConfiguration@12bcd0c0 testClass = BoardManagerTest, locations = '{}', classes = '{class xb.note.service.board.management.DefaultBoardManager}', contextInitializerClasses = '[]', activeProfiles = '{}', propertySourceLocations = '{}', propertySourceProperties = '{}', contextCustomizers = set[org.springframework.boot.test.autoconfigure.actuate.metrics.MetricsExportContextCustomizerFactory$DisableMetricExportContextCustomizer@4bd1f8dd, org.springframework.boot.test.autoconfigure.properties.PropertyMappingContextCustomizer@0, org.springframework.boot.test.autoconfigure.web.servlet.WebDriverContextCustomizerFactory$Customizer@55342f40, org.springframework.boot.test.context.filter.ExcludeFilterContextCustomizer@2a2c13a8, org.springframework.boot.test.json.DuplicateJsonObjectContextCustomizerFactory$DuplicateJsonObjectContextCustomizer@3543df7d, org.springframework.boot.test.mock.mockito.MockitoContextCustomizer@51555b2], contextLoader = 'org.springframework.test.context.support.DelegatingSmartContextLoader', parent = [null]], attributes = map[[empty]]], class annotated with @DirtiesContext [false] with mode [null].
20:19:44.465 [Test worker] DEBUG org.springframework.test.context.support.AbstractDelegatingSmartContextLoader - Delegating to AnnotationConfigContextLoader to load context from [MergedContextConfiguration@12bcd0c0 testClass = BoardManagerTest, locations = '{}', classes = '{class xb.note.service.board.management.DefaultBoardManager}', contextInitializerClasses = '[]', activeProfiles = '{}', propertySourceLocations = '{}', propertySourceProperties = '{}', contextCustomizers = set[org.springframework.boot.test.autoconfigure.actuate.metrics.MetricsExportContextCustomizerFactory$DisableMetricExportContextCustomizer@4bd1f8dd, org.springframework.boot.test.autoconfigure.properties.PropertyMappingContextCustomizer@0, org.springframework.boot.test.autoconfigure.web.servlet.WebDriverContextCustomizerFactory$Customizer@55342f40, org.springframework.boot.test.context.filter.ExcludeFilterContextCustomizer@2a2c13a8, org.springframework.boot.test.json.DuplicateJsonObjectContextCustomizerFactory$DuplicateJsonObjectContextCustomizer@3543df7d, org.springframework.boot.test.mock.mockito.MockitoContextCustomizer@51555b2], contextLoader = 'org.springframework.test.context.support.DelegatingSmartContextLoader', parent = [null]].
20:19:44.465 [Test worker] DEBUG org.springframework.test.context.support.AbstractGenericContextLoader - Loading ApplicationContext for merged context configuration [[MergedContextConfiguration@12bcd0c0 testClass = BoardManagerTest, locations = '{}', classes = '{class xb.note.service.board.management.DefaultBoardManager}', contextInitializerClasses = '[]', activeProfiles = '{}', propertySourceLocations = '{}', propertySourceProperties = '{}', contextCustomizers = set[org.springframework.boot.test.autoconfigure.actuate.metrics.MetricsExportContextCustomizerFactory$DisableMetricExportContextCustomizer@4bd1f8dd, org.springframework.boot.test.autoconfigure.properties.PropertyMappingContextCustomizer@0, org.springframework.boot.test.autoconfigure.web.servlet.WebDriverContextCustomizerFactory$Customizer@55342f40, org.springframework.boot.test.context.filter.ExcludeFilterContextCustomizer@2a2c13a8, org.springframework.boot.test.json.DuplicateJsonObjectContextCustomizerFactory$DuplicateJsonObjectContextCustomizer@3543df7d, org.springframework.boot.test.mock.mockito.MockitoContextCustomizer@51555b2], contextLoader = 'org.springframework.test.context.support.DelegatingSmartContextLoader', parent = [null]]].
20:19:44.480 [Test worker] DEBUG org.springframework.core.env.StandardEnvironment - Activating profiles []
20:19:44.480 [Test worker] DEBUG org.springframework.test.context.support.AnnotationConfigContextLoader - Registering component classes: {class xb.note.service.board.management.DefaultBoardManager}
20:19:44.495 [Test worker] DEBUG org.springframework.context.support.GenericApplicationContext - Refreshing org.springframework.context.support.GenericApplicationContext@2dbe250d
20:19:44.500 [Test worker] DEBUG org.springframework.beans.factory.support.DefaultListableBeanFactory - Creating shared instance of singleton bean 'org.springframework.context.annotation.internalConfigurationAnnotationProcessor'
20:19:44.512 [Test worker] DEBUG org.springframework.beans.factory.support.DefaultListableBeanFactory - Creating shared instance of singleton bean 'org.springframework.boot.test.mock.mockito.MockitoPostProcessor'
20:19:44.679 [Test worker] DEBUG org.springframework.beans.factory.support.DefaultListableBeanFactory - Creating shared instance of singleton bean 'org.springframework.context.event.internalEventListenerProcessor'
20:19:44.680 [Test worker] DEBUG org.springframework.beans.factory.support.DefaultListableBeanFactory - Creating shared instance of singleton bean 'org.springframework.context.event.internalEventListenerFactory'
20:19:44.680 [Test worker] DEBUG org.springframework.beans.factory.support.DefaultListableBeanFactory - Creating shared instance of singleton bean 'org.springframework.context.annotation.internalAutowiredAnnotationProcessor'
20:19:44.681 [Test worker] DEBUG org.springframework.beans.factory.support.DefaultListableBeanFactory - Creating shared instance of singleton bean 'org.springframework.context.annotation.internalCommonAnnotationProcessor'
20:19:44.683 [Test worker] DEBUG org.springframework.beans.factory.support.DefaultListableBeanFactory - Creating shared instance of singleton bean 'org.springframework.boot.test.mock.mockito.MockitoPostProcessor$SpyPostProcessor'
20:19:44.688 [Test worker] DEBUG org.springframework.beans.factory.support.DefaultListableBeanFactory - Creating shared instance of singleton bean 'defaultBoardManager'
20:19:44.693 [Test worker] DEBUG org.springframework.beans.factory.support.DefaultListableBeanFactory - Autowiring by type from bean name 'defaultBoardManager' via constructor to bean named 'xb.note.service.board.management.spi.BoardRepository#0'
20:19:44.706 [Test worker] DEBUG org.springframework.test.context.cache.DefaultCacheAwareContextLoaderDelegate - Storing ApplicationContext [767436045] in cache under key [[MergedContextConfiguration@12bcd0c0 testClass = BoardManagerTest, locations = '{}', classes = '{class xb.note.service.board.management.DefaultBoardManager}', contextInitializerClasses = '[]', activeProfiles = '{}', propertySourceLocations = '{}', propertySourceProperties = '{}', contextCustomizers = set[org.springframework.boot.test.autoconfigure.actuate.metrics.MetricsExportContextCustomizerFactory$DisableMetricExportContextCustomizer@4bd1f8dd, org.springframework.boot.test.autoconfigure.properties.PropertyMappingContextCustomizer@0, org.springframework.boot.test.autoconfigure.web.servlet.WebDriverContextCustomizerFactory$Customizer@55342f40, org.springframework.boot.test.context.filter.ExcludeFilterContextCustomizer@2a2c13a8, org.springframework.boot.test.json.DuplicateJsonObjectContextCustomizerFactory$DuplicateJsonObjectContextCustomizer@3543df7d, org.springframework.boot.test.mock.mockito.MockitoContextCustomizer@51555b2], contextLoader = 'org.springframework.test.context.support.DelegatingSmartContextLoader', parent = [null]]]
20:19:44.707 [Test worker] DEBUG org.springframework.test.context.cache - Spring test ApplicationContext cache statistics: [DefaultContextCache@34f392be size = 1, maxSize = 32, parentContextCount = 0, hitCount = 0, missCount = 1]
20:19:44.707 [Test worker] DEBUG org.springframework.test.context.support.DependencyInjectionTestExecutionListener - Performing dependency injection for test context [[DefaultTestContext@306851c7 testClass = BoardManagerTest, testInstance = xb.note.service.board.management.BoardManagerTest@1a87b51, testMethod = [null], testException = [null], mergedContextConfiguration = [MergedContextConfiguration@12bcd0c0 testClass = BoardManagerTest, locations = '{}', classes = '{class xb.note.service.board.management.DefaultBoardManager}', contextInitializerClasses = '[]', activeProfiles = '{}', propertySourceLocations = '{}', propertySourceProperties = '{}', contextCustomizers = set[org.springframework.boot.test.autoconfigure.actuate.metrics.MetricsExportContextCustomizerFactory$DisableMetricExportContextCustomizer@4bd1f8dd, org.springframework.boot.test.autoconfigure.properties.PropertyMappingContextCustomizer@0, org.springframework.boot.test.autoconfigure.web.servlet.WebDriverContextCustomizerFactory$Customizer@55342f40, org.springframework.boot.test.context.filter.ExcludeFilterContextCustomizer@2a2c13a8, org.springframework.boot.test.json.DuplicateJsonObjectContextCustomizerFactory$DuplicateJsonObjectContextCustomizer@3543df7d, org.springframework.boot.test.mock.mockito.MockitoContextCustomizer@51555b2], contextLoader = 'org.springframework.test.context.support.DelegatingSmartContextLoader', parent = [null]], attributes = map['org.springframework.test.context.event.ApplicationEventsTestExecutionListener.recordApplicationEvents' -> false]]].
20:19:44.707 [Test worker] DEBUG org.springframework.test.context.cache.DefaultCacheAwareContextLoaderDelegate - Retrieved ApplicationContext [767436045] from cache with key [[MergedContextConfiguration@12bcd0c0 testClass = BoardManagerTest, locations = '{}', classes = '{class xb.note.service.board.management.DefaultBoardManager}', contextInitializerClasses = '[]', activeProfiles = '{}', propertySourceLocations = '{}', propertySourceProperties = '{}', contextCustomizers = set[org.springframework.boot.test.autoconfigure.actuate.metrics.MetricsExportContextCustomizerFactory$DisableMetricExportContextCustomizer@4bd1f8dd, org.springframework.boot.test.autoconfigure.properties.PropertyMappingContextCustomizer@0, org.springframework.boot.test.autoconfigure.web.servlet.WebDriverContextCustomizerFactory$Customizer@55342f40, org.springframework.boot.test.context.filter.ExcludeFilterContextCustomizer@2a2c13a8, org.springframework.boot.test.json.DuplicateJsonObjectContextCustomizerFactory$DuplicateJsonObjectContextCustomizer@3543df7d, org.springframework.boot.test.mock.mockito.MockitoContextCustomizer@51555b2], contextLoader = 'org.springframework.test.context.support.DelegatingSmartContextLoader', parent = [null]]]
20:19:44.707 [Test worker] DEBUG org.springframework.test.context.cache - Spring test ApplicationContext cache statistics: [DefaultContextCache@34f392be size = 1, maxSize = 32, parentContextCount = 0, hitCount = 1, missCount = 1]
20:19:44.709 [Test worker] DEBUG org.springframework.test.context.cache.DefaultCacheAwareContextLoaderDelegate - Retrieved ApplicationContext [767436045] from cache with key [[MergedContextConfiguration@12bcd0c0 testClass = BoardManagerTest, locations = '{}', classes = '{class xb.note.service.board.management.DefaultBoardManager}', contextInitializerClasses = '[]', activeProfiles = '{}', propertySourceLocations = '{}', propertySourceProperties = '{}', contextCustomizers = set[org.springframework.boot.test.autoconfigure.actuate.metrics.MetricsExportContextCustomizerFactory$DisableMetricExportContextCustomizer@4bd1f8dd, org.springframework.boot.test.autoconfigure.properties.PropertyMappingContextCustomizer@0, org.springframework.boot.test.autoconfigure.web.servlet.WebDriverContextCustomizerFactory$Customizer@55342f40, org.springframework.boot.test.context.filter.ExcludeFilterContextCustomizer@2a2c13a8, org.springframework.boot.test.json.DuplicateJsonObjectContextCustomizerFactory$DuplicateJsonObjectContextCustomizer@3543df7d, org.springframework.boot.test.mock.mockito.MockitoContextCustomizer@51555b2], contextLoader = 'org.springframework.test.context.support.DelegatingSmartContextLoader', parent = [null]]]
20:19:44.709 [Test worker] DEBUG org.springframework.test.context.cache - Spring test ApplicationContext cache statistics: [DefaultContextCache@34f392be size = 1, maxSize = 32, parentContextCount = 0, hitCount = 2, missCount = 1]
20:19:44.711 [Test worker] DEBUG org.springframework.test.context.support.AbstractDirtiesContextTestExecutionListener - Before test method: context [DefaultTestContext@306851c7 testClass = BoardManagerTest, testInstance = xb.note.service.board.management.BoardManagerTest@1a87b51, testMethod = DELETE_BOARD_SUCCESS_TEST@BoardManagerTest, testException = [null], mergedContextConfiguration = [MergedContextConfiguration@12bcd0c0 testClass = BoardManagerTest, locations = '{}', classes = '{class xb.note.service.board.management.DefaultBoardManager}', contextInitializerClasses = '[]', activeProfiles = '{}', propertySourceLocations = '{}', propertySourceProperties = '{}', contextCustomizers = set[org.springframework.boot.test.autoconfigure.actuate.metrics.MetricsExportContextCustomizerFactory$DisableMetricExportContextCustomizer@4bd1f8dd, org.springframework.boot.test.autoconfigure.properties.PropertyMappingContextCustomizer@0, org.springframework.boot.test.autoconfigure.web.servlet.WebDriverContextCustomizerFactory$Customizer@55342f40, org.springframework.boot.test.context.filter.ExcludeFilterContextCustomizer@2a2c13a8, org.springframework.boot.test.json.DuplicateJsonObjectContextCustomizerFactory$DuplicateJsonObjectContextCustomizer@3543df7d, org.springframework.boot.test.mock.mockito.MockitoContextCustomizer@51555b2], contextLoader = 'org.springframework.test.context.support.DelegatingSmartContextLoader', parent = [null]], attributes = map['org.springframework.test.context.event.ApplicationEventsTestExecutionListener.recordApplicationEvents' -> false]], class annotated with @DirtiesContext [false] with mode [null], method annotated with @DirtiesContext [false] with mode [null].
20:19:44.711 [Test worker] DEBUG org.springframework.test.context.cache.DefaultCacheAwareContextLoaderDelegate - Retrieved ApplicationContext [767436045] from cache with key [[MergedContextConfiguration@12bcd0c0 testClass = BoardManagerTest, locations = '{}', classes = '{class xb.note.service.board.management.DefaultBoardManager}', contextInitializerClasses = '[]', activeProfiles = '{}', propertySourceLocations = '{}', propertySourceProperties = '{}', contextCustomizers = set[org.springframework.boot.test.autoconfigure.actuate.metrics.MetricsExportContextCustomizerFactory$DisableMetricExportContextCustomizer@4bd1f8dd, org.springframework.boot.test.autoconfigure.properties.PropertyMappingContextCustomizer@0, org.springframework.boot.test.autoconfigure.web.servlet.WebDriverContextCustomizerFactory$Customizer@55342f40, org.springframework.boot.test.context.filter.ExcludeFilterContextCustomizer@2a2c13a8, org.springframework.boot.test.json.DuplicateJsonObjectContextCustomizerFactory$DuplicateJsonObjectContextCustomizer@3543df7d, org.springframework.boot.test.mock.mockito.MockitoContextCustomizer@51555b2], contextLoader = 'org.springframework.test.context.support.DelegatingSmartContextLoader', parent = [null]]]
20:19:44.711 [Test worker] DEBUG org.springframework.test.context.cache - Spring test ApplicationContext cache statistics: [DefaultContextCache@34f392be size = 1, maxSize = 32, parentContextCount = 0, hitCount = 3, missCount = 1]
20:19:44.712 [Test worker] DEBUG org.springframework.test.context.cache.DefaultCacheAwareContextLoaderDelegate - Retrieved ApplicationContext [767436045] from cache with key [[MergedContextConfiguration@12bcd0c0 testClass = BoardManagerTest, locations = '{}', classes = '{class xb.note.service.board.management.DefaultBoardManager}', contextInitializerClasses = '[]', activeProfiles = '{}', propertySourceLocations = '{}', propertySourceProperties = '{}', contextCustomizers = set[org.springframework.boot.test.autoconfigure.actuate.metrics.MetricsExportContextCustomizerFactory$DisableMetricExportContextCustomizer@4bd1f8dd, org.springframework.boot.test.autoconfigure.properties.PropertyMappingContextCustomizer@0, org.springframework.boot.test.autoconfigure.web.servlet.WebDriverContextCustomizerFactory$Customizer@55342f40, org.springframework.boot.test.context.filter.ExcludeFilterContextCustomizer@2a2c13a8, org.springframework.boot.test.json.DuplicateJsonObjectContextCustomizerFactory$DuplicateJsonObjectContextCustomizer@3543df7d, org.springframework.boot.test.mock.mockito.MockitoContextCustomizer@51555b2], contextLoader = 'org.springframework.test.context.support.DelegatingSmartContextLoader', parent = [null]]]
20:19:44.712 [Test worker] DEBUG org.springframework.test.context.cache - Spring test ApplicationContext cache statistics: [DefaultContextCache@34f392be size = 1, maxSize = 32, parentContextCount = 0, hitCount = 4, missCount = 1]
20:19:44.713 [Test worker] DEBUG org.springframework.test.context.cache.DefaultCacheAwareContextLoaderDelegate - Retrieved ApplicationContext [767436045] from cache with key [[MergedContextConfiguration@12bcd0c0 testClass = BoardManagerTest, locations = '{}', classes = '{class xb.note.service.board.management.DefaultBoardManager}', contextInitializerClasses = '[]', activeProfiles = '{}', propertySourceLocations = '{}', propertySourceProperties = '{}', contextCustomizers = set[org.springframework.boot.test.autoconfigure.actuate.metrics.MetricsExportContextCustomizerFactory$DisableMetricExportContextCustomizer@4bd1f8dd, org.springframework.boot.test.autoconfigure.properties.PropertyMappingContextCustomizer@0, org.springframework.boot.test.autoconfigure.web.servlet.WebDriverContextCustomizerFactory$Customizer@55342f40, org.springframework.boot.test.context.filter.ExcludeFilterContextCustomizer@2a2c13a8, org.springframework.boot.test.json.DuplicateJsonObjectContextCustomizerFactory$DuplicateJsonObjectContextCustomizer@3543df7d, org.springframework.boot.test.mock.mockito.MockitoContextCustomizer@51555b2], contextLoader = 'org.springframework.test.context.support.DelegatingSmartContextLoader', parent = [null]]]
20:19:44.713 [Test worker] DEBUG org.springframework.test.context.cache - Spring test ApplicationContext cache statistics: [DefaultContextCache@34f392be size = 1, maxSize = 32, parentContextCount = 0, hitCount = 5, missCount = 1]
20:19:44.722 [Test worker] DEBUG org.springframework.test.context.cache.DefaultCacheAwareContextLoaderDelegate - Retrieved ApplicationContext [767436045] from cache with key [[MergedContextConfiguration@12bcd0c0 testClass = BoardManagerTest, locations = '{}', classes = '{class xb.note.service.board.management.DefaultBoardManager}', contextInitializerClasses = '[]', activeProfiles = '{}', propertySourceLocations = '{}', propertySourceProperties = '{}', contextCustomizers = set[org.springframework.boot.test.autoconfigure.actuate.metrics.MetricsExportContextCustomizerFactory$DisableMetricExportContextCustomizer@4bd1f8dd, org.springframework.boot.test.autoconfigure.properties.PropertyMappingContextCustomizer@0, org.springframework.boot.test.autoconfigure.web.servlet.WebDriverContextCustomizerFactory$Customizer@55342f40, org.springframework.boot.test.context.filter.ExcludeFilterContextCustomizer@2a2c13a8, org.springframework.boot.test.json.DuplicateJsonObjectContextCustomizerFactory$DuplicateJsonObjectContextCustomizer@3543df7d, org.springframework.boot.test.mock.mockito.MockitoContextCustomizer@51555b2], contextLoader = 'org.springframework.test.context.support.DelegatingSmartContextLoader', parent = [null]]]
20:19:44.722 [Test worker] DEBUG org.springframework.test.context.cache - Spring test ApplicationContext cache statistics: [DefaultContextCache@34f392be size = 1, maxSize = 32, parentContextCount = 0, hitCount = 6, missCount = 1]
20:19:44.723 [Test worker] DEBUG org.springframework.test.context.cache.DefaultCacheAwareContextLoaderDelegate - Retrieved ApplicationContext [767436045] from cache with key [[MergedContextConfiguration@12bcd0c0 testClass = BoardManagerTest, locations = '{}', classes = '{class xb.note.service.board.management.DefaultBoardManager}', contextInitializerClasses = '[]', activeProfiles = '{}', propertySourceLocations = '{}', propertySourceProperties = '{}', contextCustomizers = set[org.springframework.boot.test.autoconfigure.actuate.metrics.MetricsExportContextCustomizerFactory$DisableMetricExportContextCustomizer@4bd1f8dd, org.springframework.boot.test.autoconfigure.properties.PropertyMappingContextCustomizer@0, org.springframework.boot.test.autoconfigure.web.servlet.WebDriverContextCustomizerFactory$Customizer@55342f40, org.springframework.boot.test.context.filter.ExcludeFilterContextCustomizer@2a2c13a8, org.springframework.boot.test.json.DuplicateJsonObjectContextCustomizerFactory$DuplicateJsonObjectContextCustomizer@3543df7d, org.springframework.boot.test.mock.mockito.MockitoContextCustomizer@51555b2], contextLoader = 'org.springframework.test.context.support.DelegatingSmartContextLoader', parent = [null]]]
20:19:44.723 [Test worker] DEBUG org.springframework.test.context.cache - Spring test ApplicationContext cache statistics: [DefaultContextCache@34f392be size = 1, maxSize = 32, parentContextCount = 0, hitCount = 7, missCount = 1]
20:19:44.723 [Test worker] DEBUG org.springframework.test.context.cache.DefaultCacheAwareContextLoaderDelegate - Retrieved ApplicationContext [767436045] from cache with key [[MergedContextConfiguration@12bcd0c0 testClass = BoardManagerTest, locations = '{}', classes = '{class xb.note.service.board.management.DefaultBoardManager}', contextInitializerClasses = '[]', activeProfiles = '{}', propertySourceLocations = '{}', propertySourceProperties = '{}', contextCustomizers = set[org.springframework.boot.test.autoconfigure.actuate.metrics.MetricsExportContextCustomizerFactory$DisableMetricExportContextCustomizer@4bd1f8dd, org.springframework.boot.test.autoconfigure.properties.PropertyMappingContextCustomizer@0, org.springframework.boot.test.autoconfigure.web.servlet.WebDriverContextCustomizerFactory$Customizer@55342f40, org.springframework.boot.test.context.filter.ExcludeFilterContextCustomizer@2a2c13a8, org.springframework.boot.test.json.DuplicateJsonObjectContextCustomizerFactory$DuplicateJsonObjectContextCustomizer@3543df7d, org.springframework.boot.test.mock.mockito.MockitoContextCustomizer@51555b2], contextLoader = 'org.springframework.test.context.support.DelegatingSmartContextLoader', parent = [null]]]
20:19:44.723 [Test worker] DEBUG org.springframework.test.context.cache - Spring test ApplicationContext cache statistics: [DefaultContextCache@34f392be size = 1, maxSize = 32, parentContextCount = 0, hitCount = 8, missCount = 1]
20:19:44.723 [Test worker] DEBUG org.springframework.test.context.cache.DefaultCacheAwareContextLoaderDelegate - Retrieved ApplicationContext [767436045] from cache with key [[MergedContextConfiguration@12bcd0c0 testClass = BoardManagerTest, locations = '{}', classes = '{class xb.note.service.board.management.DefaultBoardManager}', contextInitializerClasses = '[]', activeProfiles = '{}', propertySourceLocations = '{}', propertySourceProperties = '{}', contextCustomizers = set[org.springframework.boot.test.autoconfigure.actuate.metrics.MetricsExportContextCustomizerFactory$DisableMetricExportContextCustomizer@4bd1f8dd, org.springframework.boot.test.autoconfigure.properties.PropertyMappingContextCustomizer@0, org.springframework.boot.test.autoconfigure.web.servlet.WebDriverContextCustomizerFactory$Customizer@55342f40, org.springframework.boot.test.context.filter.ExcludeFilterContextCustomizer@2a2c13a8, org.springframework.boot.test.json.DuplicateJsonObjectContextCustomizerFactory$DuplicateJsonObjectContextCustomizer@3543df7d, org.springframework.boot.test.mock.mockito.MockitoContextCustomizer@51555b2], contextLoader = 'org.springframework.test.context.support.DelegatingSmartContextLoader', parent = [null]]]
20:19:44.723 [Test worker] DEBUG org.springframework.test.context.cache - Spring test ApplicationContext cache statistics: [DefaultContextCache@34f392be size = 1, maxSize = 32, parentContextCount = 0, hitCount = 9, missCount = 1]
20:19:44.724 [Test worker] DEBUG org.springframework.test.context.cache.DefaultCacheAwareContextLoaderDelegate - Retrieved ApplicationContext [767436045] from cache with key [[MergedContextConfiguration@12bcd0c0 testClass = BoardManagerTest, locations = '{}', classes = '{class xb.note.service.board.management.DefaultBoardManager}', contextInitializerClasses = '[]', activeProfiles = '{}', propertySourceLocations = '{}', propertySourceProperties = '{}', contextCustomizers = set[org.springframework.boot.test.autoconfigure.actuate.metrics.MetricsExportContextCustomizerFactory$DisableMetricExportContextCustomizer@4bd1f8dd, org.springframework.boot.test.autoconfigure.properties.PropertyMappingContextCustomizer@0, org.springframework.boot.test.autoconfigure.web.servlet.WebDriverContextCustomizerFactory$Customizer@55342f40, org.springframework.boot.test.context.filter.ExcludeFilterContextCustomizer@2a2c13a8, org.springframework.boot.test.json.DuplicateJsonObjectContextCustomizerFactory$DuplicateJsonObjectContextCustomizer@3543df7d, org.springframework.boot.test.mock.mockito.MockitoContextCustomizer@51555b2], contextLoader = 'org.springframework.test.context.support.DelegatingSmartContextLoader', parent = [null]]]
20:19:44.724 [Test worker] DEBUG org.springframework.test.context.cache - Spring test ApplicationContext cache statistics: [DefaultContextCache@34f392be size = 1, maxSize = 32, parentContextCount = 0, hitCount = 10, missCount = 1]
20:19:44.725 [Test worker] DEBUG org.springframework.test.context.cache.DefaultCacheAwareContextLoaderDelegate - Retrieved ApplicationContext [767436045] from cache with key [[MergedContextConfiguration@12bcd0c0 testClass = BoardManagerTest, locations = '{}', classes = '{class xb.note.service.board.management.DefaultBoardManager}', contextInitializerClasses = '[]', activeProfiles = '{}', propertySourceLocations = '{}', propertySourceProperties = '{}', contextCustomizers = set[org.springframework.boot.test.autoconfigure.actuate.metrics.MetricsExportContextCustomizerFactory$DisableMetricExportContextCustomizer@4bd1f8dd, org.springframework.boot.test.autoconfigure.properties.PropertyMappingContextCustomizer@0, org.springframework.boot.test.autoconfigure.web.servlet.WebDriverContextCustomizerFactory$Customizer@55342f40, org.springframework.boot.test.context.filter.ExcludeFilterContextCustomizer@2a2c13a8, org.springframework.boot.test.json.DuplicateJsonObjectContextCustomizerFactory$DuplicateJsonObjectContextCustomizer@3543df7d, org.springframework.boot.test.mock.mockito.MockitoContextCustomizer@51555b2], contextLoader = 'org.springframework.test.context.support.DelegatingSmartContextLoader', parent = [null]]]
20:19:44.725 [Test worker] DEBUG org.springframework.test.context.cache - Spring test ApplicationContext cache statistics: [DefaultContextCache@34f392be size = 1, maxSize = 32, parentContextCount = 0, hitCount = 11, missCount = 1]
20:19:44.725 [Test worker] DEBUG org.springframework.test.context.support.AbstractDirtiesContextTestExecutionListener - After test method: context [DefaultTestContext@306851c7 testClass = BoardManagerTest, testInstance = xb.note.service.board.management.BoardManagerTest@1a87b51, testMethod = DELETE_BOARD_SUCCESS_TEST@BoardManagerTest, testException = [null], mergedContextConfiguration = [MergedContextConfiguration@12bcd0c0 testClass = BoardManagerTest, locations = '{}', classes = '{class xb.note.service.board.management.DefaultBoardManager}', contextInitializerClasses = '[]', activeProfiles = '{}', propertySourceLocations = '{}', propertySourceProperties = '{}', contextCustomizers = set[org.springframework.boot.test.autoconfigure.actuate.metrics.MetricsExportContextCustomizerFactory$DisableMetricExportContextCustomizer@4bd1f8dd, org.springframework.boot.test.autoconfigure.properties.PropertyMappingContextCustomizer@0, org.springframework.boot.test.autoconfigure.web.servlet.WebDriverContextCustomizerFactory$Customizer@55342f40, org.springframework.boot.test.context.filter.ExcludeFilterContextCustomizer@2a2c13a8, org.springframework.boot.test.json.DuplicateJsonObjectContextCustomizerFactory$DuplicateJsonObjectContextCustomizer@3543df7d, org.springframework.boot.test.mock.mockito.MockitoContextCustomizer@51555b2], contextLoader = 'org.springframework.test.context.support.DelegatingSmartContextLoader', parent = [null]], attributes = map['org.springframework.test.context.event.ApplicationEventsTestExecutionListener.recordApplicationEvents' -> false]], class annotated with @DirtiesContext [false] with mode [null], method annotated with @DirtiesContext [false] with mode [null].
20:19:44.728 [Test worker] DEBUG org.springframework.test.context.cache.DefaultCacheAwareContextLoaderDelegate - Retrieved ApplicationContext [767436045] from cache with key [[MergedContextConfiguration@12bcd0c0 testClass = BoardManagerTest, locations = '{}', classes = '{class xb.note.service.board.management.DefaultBoardManager}', contextInitializerClasses = '[]', activeProfiles = '{}', propertySourceLocations = '{}', propertySourceProperties = '{}', contextCustomizers = set[org.springframework.boot.test.autoconfigure.actuate.metrics.MetricsExportContextCustomizerFactory$DisableMetricExportContextCustomizer@4bd1f8dd, org.springframework.boot.test.autoconfigure.properties.PropertyMappingContextCustomizer@0, org.springframework.boot.test.autoconfigure.web.servlet.WebDriverContextCustomizerFactory$Customizer@55342f40, org.springframework.boot.test.context.filter.ExcludeFilterContextCustomizer@2a2c13a8, org.springframework.boot.test.json.DuplicateJsonObjectContextCustomizerFactory$DuplicateJsonObjectContextCustomizer@3543df7d, org.springframework.boot.test.mock.mockito.MockitoContextCustomizer@51555b2], contextLoader = 'org.springframework.test.context.support.DelegatingSmartContextLoader', parent = [null]]]
20:19:44.728 [Test worker] DEBUG org.springframework.test.context.cache - Spring test ApplicationContext cache statistics: [DefaultContextCache@34f392be size = 1, maxSize = 32, parentContextCount = 0, hitCount = 12, missCount = 1]
20:19:44.728 [Test worker] DEBUG org.springframework.test.context.support.DependencyInjectionTestExecutionListener - Performing dependency injection for test context [[DefaultTestContext@306851c7 testClass = BoardManagerTest, testInstance = xb.note.service.board.management.BoardManagerTest@4487c0c2, testMethod = [null], testException = [null], mergedContextConfiguration = [MergedContextConfiguration@12bcd0c0 testClass = BoardManagerTest, locations = '{}', classes = '{class xb.note.service.board.management.DefaultBoardManager}', contextInitializerClasses = '[]', activeProfiles = '{}', propertySourceLocations = '{}', propertySourceProperties = '{}', contextCustomizers = set[org.springframework.boot.test.autoconfigure.actuate.metrics.MetricsExportContextCustomizerFactory$DisableMetricExportContextCustomizer@4bd1f8dd, org.springframework.boot.test.autoconfigure.properties.PropertyMappingContextCustomizer@0, org.springframework.boot.test.autoconfigure.web.servlet.WebDriverContextCustomizerFactory$Customizer@55342f40, org.springframework.boot.test.context.filter.ExcludeFilterContextCustomizer@2a2c13a8, org.springframework.boot.test.json.DuplicateJsonObjectContextCustomizerFactory$DuplicateJsonObjectContextCustomizer@3543df7d, org.springframework.boot.test.mock.mockito.MockitoContextCustomizer@51555b2], contextLoader = 'org.springframework.test.context.support.DelegatingSmartContextLoader', parent = [null]], attributes = map['org.springframework.test.context.event.ApplicationEventsTestExecutionListener.recordApplicationEvents' -> false]]].
20:19:44.728 [Test worker] DEBUG org.springframework.test.context.cache.DefaultCacheAwareContextLoaderDelegate - Retrieved ApplicationContext [767436045] from cache with key [[MergedContextConfiguration@12bcd0c0 testClass = BoardManagerTest, locations = '{}', classes = '{class xb.note.service.board.management.DefaultBoardManager}', contextInitializerClasses = '[]', activeProfiles = '{}', propertySourceLocations = '{}', propertySourceProperties = '{}', contextCustomizers = set[org.springframework.boot.test.autoconfigure.actuate.metrics.MetricsExportContextCustomizerFactory$DisableMetricExportContextCustomizer@4bd1f8dd, org.springframework.boot.test.autoconfigure.properties.PropertyMappingContextCustomizer@0, org.springframework.boot.test.autoconfigure.web.servlet.WebDriverContextCustomizerFactory$Customizer@55342f40, org.springframework.boot.test.context.filter.ExcludeFilterContextCustomizer@2a2c13a8, org.springframework.boot.test.json.DuplicateJsonObjectContextCustomizerFactory$DuplicateJsonObjectContextCustomizer@3543df7d, org.springframework.boot.test.mock.mockito.MockitoContextCustomizer@51555b2], contextLoader = 'org.springframework.test.context.support.DelegatingSmartContextLoader', parent = [null]]]
20:19:44.728 [Test worker] DEBUG org.springframework.test.context.cache - Spring test ApplicationContext cache statistics: [DefaultContextCache@34f392be size = 1, maxSize = 32, parentContextCount = 0, hitCount = 13, missCount = 1]
20:19:44.728 [Test worker] DEBUG org.springframework.test.context.cache.DefaultCacheAwareContextLoaderDelegate - Retrieved ApplicationContext [767436045] from cache with key [[MergedContextConfiguration@12bcd0c0 testClass = BoardManagerTest, locations = '{}', classes = '{class xb.note.service.board.management.DefaultBoardManager}', contextInitializerClasses = '[]', activeProfiles = '{}', propertySourceLocations = '{}', propertySourceProperties = '{}', contextCustomizers = set[org.springframework.boot.test.autoconfigure.actuate.metrics.MetricsExportContextCustomizerFactory$DisableMetricExportContextCustomizer@4bd1f8dd, org.springframework.boot.test.autoconfigure.properties.PropertyMappingContextCustomizer@0, org.springframework.boot.test.autoconfigure.web.servlet.WebDriverContextCustomizerFactory$Customizer@55342f40, org.springframework.boot.test.context.filter.ExcludeFilterContextCustomizer@2a2c13a8, org.springframework.boot.test.json.DuplicateJsonObjectContextCustomizerFactory$DuplicateJsonObjectContextCustomizer@3543df7d, org.springframework.boot.test.mock.mockito.MockitoContextCustomizer@51555b2], contextLoader = 'org.springframework.test.context.support.DelegatingSmartContextLoader', parent = [null]]]
20:19:44.728 [Test worker] DEBUG org.springframework.test.context.cache - Spring test ApplicationContext cache statistics: [DefaultContextCache@34f392be size = 1, maxSize = 32, parentContextCount = 0, hitCount = 14, missCount = 1]
20:19:44.729 [Test worker] DEBUG org.springframework.test.context.support.AbstractDirtiesContextTestExecutionListener - Before test method: context [DefaultTestContext@306851c7 testClass = BoardManagerTest, testInstance = xb.note.service.board.management.BoardManagerTest@4487c0c2, testMethod = CREATE_BOARD_SUCCESS_TEST@BoardManagerTest, testException = [null], mergedContextConfiguration = [MergedContextConfiguration@12bcd0c0 testClass = BoardManagerTest, locations = '{}', classes = '{class xb.note.service.board.management.DefaultBoardManager}', contextInitializerClasses = '[]', activeProfiles = '{}', propertySourceLocations = '{}', propertySourceProperties = '{}', contextCustomizers = set[org.springframework.boot.test.autoconfigure.actuate.metrics.MetricsExportContextCustomizerFactory$DisableMetricExportContextCustomizer@4bd1f8dd, org.springframework.boot.test.autoconfigure.properties.PropertyMappingContextCustomizer@0, org.springframework.boot.test.autoconfigure.web.servlet.WebDriverContextCustomizerFactory$Customizer@55342f40, org.springframework.boot.test.context.filter.ExcludeFilterContextCustomizer@2a2c13a8, org.springframework.boot.test.json.DuplicateJsonObjectContextCustomizerFactory$DuplicateJsonObjectContextCustomizer@3543df7d, org.springframework.boot.test.mock.mockito.MockitoContextCustomizer@51555b2], contextLoader = 'org.springframework.test.context.support.DelegatingSmartContextLoader', parent = [null]], attributes = map['org.springframework.test.context.event.ApplicationEventsTestExecutionListener.recordApplicationEvents' -> false]], class annotated with @DirtiesContext [false] with mode [null], method annotated with @DirtiesContext [false] with mode [null].
20:19:44.729 [Test worker] DEBUG org.springframework.test.context.cache.DefaultCacheAwareContextLoaderDelegate - Retrieved ApplicationContext [767436045] from cache with key [[MergedContextConfiguration@12bcd0c0 testClass = BoardManagerTest, locations = '{}', classes = '{class xb.note.service.board.management.DefaultBoardManager}', contextInitializerClasses = '[]', activeProfiles = '{}', propertySourceLocations = '{}', propertySourceProperties = '{}', contextCustomizers = set[org.springframework.boot.test.autoconfigure.actuate.metrics.MetricsExportContextCustomizerFactory$DisableMetricExportContextCustomizer@4bd1f8dd, org.springframework.boot.test.autoconfigure.properties.PropertyMappingContextCustomizer@0, org.springframework.boot.test.autoconfigure.web.servlet.WebDriverContextCustomizerFactory$Customizer@55342f40, org.springframework.boot.test.context.filter.ExcludeFilterContextCustomizer@2a2c13a8, org.springframework.boot.test.json.DuplicateJsonObjectContextCustomizerFactory$DuplicateJsonObjectContextCustomizer@3543df7d, org.springframework.boot.test.mock.mockito.MockitoContextCustomizer@51555b2], contextLoader = 'org.springframework.test.context.support.DelegatingSmartContextLoader', parent = [null]]]
20:19:44.729 [Test worker] DEBUG org.springframework.test.context.cache - Spring test ApplicationContext cache statistics: [DefaultContextCache@34f392be size = 1, maxSize = 32, parentContextCount = 0, hitCount = 15, missCount = 1]
20:19:44.729 [Test worker] DEBUG org.springframework.test.context.cache.DefaultCacheAwareContextLoaderDelegate - Retrieved ApplicationContext [767436045] from cache with key [[MergedContextConfiguration@12bcd0c0 testClass = BoardManagerTest, locations = '{}', classes = '{class xb.note.service.board.management.DefaultBoardManager}', contextInitializerClasses = '[]', activeProfiles = '{}', propertySourceLocations = '{}', propertySourceProperties = '{}', contextCustomizers = set[org.springframework.boot.test.autoconfigure.actuate.metrics.MetricsExportContextCustomizerFactory$DisableMetricExportContextCustomizer@4bd1f8dd, org.springframework.boot.test.autoconfigure.properties.PropertyMappingContextCustomizer@0, org.springframework.boot.test.autoconfigure.web.servlet.WebDriverContextCustomizerFactory$Customizer@55342f40, org.springframework.boot.test.context.filter.ExcludeFilterContextCustomizer@2a2c13a8, org.springframework.boot.test.json.DuplicateJsonObjectContextCustomizerFactory$DuplicateJsonObjectContextCustomizer@3543df7d, org.springframework.boot.test.mock.mockito.MockitoContextCustomizer@51555b2], contextLoader = 'org.springframework.test.context.support.DelegatingSmartContextLoader', parent = [null]]]
20:19:44.729 [Test worker] DEBUG org.springframework.test.context.cache - Spring test ApplicationContext cache statistics: [DefaultContextCache@34f392be size = 1, maxSize = 32, parentContextCount = 0, hitCount = 16, missCount = 1]
20:19:44.729 [Test worker] DEBUG org.springframework.test.context.cache.DefaultCacheAwareContextLoaderDelegate - Retrieved ApplicationContext [767436045] from cache with key [[MergedContextConfiguration@12bcd0c0 testClass = BoardManagerTest, locations = '{}', classes = '{class xb.note.service.board.management.DefaultBoardManager}', contextInitializerClasses = '[]', activeProfiles = '{}', propertySourceLocations = '{}', propertySourceProperties = '{}', contextCustomizers = set[org.springframework.boot.test.autoconfigure.actuate.metrics.MetricsExportContextCustomizerFactory$DisableMetricExportContextCustomizer@4bd1f8dd, org.springframework.boot.test.autoconfigure.properties.PropertyMappingContextCustomizer@0, org.springframework.boot.test.autoconfigure.web.servlet.WebDriverContextCustomizerFactory$Customizer@55342f40, org.springframework.boot.test.context.filter.ExcludeFilterContextCustomizer@2a2c13a8, org.springframework.boot.test.json.DuplicateJsonObjectContextCustomizerFactory$DuplicateJsonObjectContextCustomizer@3543df7d, org.springframework.boot.test.mock.mockito.MockitoContextCustomizer@51555b2], contextLoader = 'org.springframework.test.context.support.DelegatingSmartContextLoader', parent = [null]]]
20:19:44.729 [Test worker] DEBUG org.springframework.test.context.cache - Spring test ApplicationContext cache statistics: [DefaultContextCache@34f392be size = 1, maxSize = 32, parentContextCount = 0, hitCount = 17, missCount = 1]
20:19:44.731 [Test worker] DEBUG org.springframework.test.context.cache.DefaultCacheAwareContextLoaderDelegate - Retrieved ApplicationContext [767436045] from cache with key [[MergedContextConfiguration@12bcd0c0 testClass = BoardManagerTest, locations = '{}', classes = '{class xb.note.service.board.management.DefaultBoardManager}', contextInitializerClasses = '[]', activeProfiles = '{}', propertySourceLocations = '{}', propertySourceProperties = '{}', contextCustomizers = set[org.springframework.boot.test.autoconfigure.actuate.metrics.MetricsExportContextCustomizerFactory$DisableMetricExportContextCustomizer@4bd1f8dd, org.springframework.boot.test.autoconfigure.properties.PropertyMappingContextCustomizer@0, org.springframework.boot.test.autoconfigure.web.servlet.WebDriverContextCustomizerFactory$Customizer@55342f40, org.springframework.boot.test.context.filter.ExcludeFilterContextCustomizer@2a2c13a8, org.springframework.boot.test.json.DuplicateJsonObjectContextCustomizerFactory$DuplicateJsonObjectContextCustomizer@3543df7d, org.springframework.boot.test.mock.mockito.MockitoContextCustomizer@51555b2], contextLoader = 'org.springframework.test.context.support.DelegatingSmartContextLoader', parent = [null]]]
20:19:44.731 [Test worker] DEBUG org.springframework.test.context.cache - Spring test ApplicationContext cache statistics: [DefaultContextCache@34f392be size = 1, maxSize = 32, parentContextCount = 0, hitCount = 18, missCount = 1]
20:19:44.731 [Test worker] DEBUG org.springframework.test.context.cache.DefaultCacheAwareContextLoaderDelegate - Retrieved ApplicationContext [767436045] from cache with key [[MergedContextConfiguration@12bcd0c0 testClass = BoardManagerTest, locations = '{}', classes = '{class xb.note.service.board.management.DefaultBoardManager}', contextInitializerClasses = '[]', activeProfiles = '{}', propertySourceLocations = '{}', propertySourceProperties = '{}', contextCustomizers = set[org.springframework.boot.test.autoconfigure.actuate.metrics.MetricsExportContextCustomizerFactory$DisableMetricExportContextCustomizer@4bd1f8dd, org.springframework.boot.test.autoconfigure.properties.PropertyMappingContextCustomizer@0, org.springframework.boot.test.autoconfigure.web.servlet.WebDriverContextCustomizerFactory$Customizer@55342f40, org.springframework.boot.test.context.filter.ExcludeFilterContextCustomizer@2a2c13a8, org.springframework.boot.test.json.DuplicateJsonObjectContextCustomizerFactory$DuplicateJsonObjectContextCustomizer@3543df7d, org.springframework.boot.test.mock.mockito.MockitoContextCustomizer@51555b2], contextLoader = 'org.springframework.test.context.support.DelegatingSmartContextLoader', parent = [null]]]
20:19:44.732 [Test worker] DEBUG org.springframework.test.context.cache - Spring test ApplicationContext cache statistics: [DefaultContextCache@34f392be size = 1, maxSize = 32, parentContextCount = 0, hitCount = 19, missCount = 1]
20:19:44.732 [Test worker] DEBUG org.springframework.test.context.cache.DefaultCacheAwareContextLoaderDelegate - Retrieved ApplicationContext [767436045] from cache with key [[MergedContextConfiguration@12bcd0c0 testClass = BoardManagerTest, locations = '{}', classes = '{class xb.note.service.board.management.DefaultBoardManager}', contextInitializerClasses = '[]', activeProfiles = '{}', propertySourceLocations = '{}', propertySourceProperties = '{}', contextCustomizers = set[org.springframework.boot.test.autoconfigure.actuate.metrics.MetricsExportContextCustomizerFactory$DisableMetricExportContextCustomizer@4bd1f8dd, org.springframework.boot.test.autoconfigure.properties.PropertyMappingContextCustomizer@0, org.springframework.boot.test.autoconfigure.web.servlet.WebDriverContextCustomizerFactory$Customizer@55342f40, org.springframework.boot.test.context.filter.ExcludeFilterContextCustomizer@2a2c13a8, org.springframework.boot.test.json.DuplicateJsonObjectContextCustomizerFactory$DuplicateJsonObjectContextCustomizer@3543df7d, org.springframework.boot.test.mock.mockito.MockitoContextCustomizer@51555b2], contextLoader = 'org.springframework.test.context.support.DelegatingSmartContextLoader', parent = [null]]]
20:19:44.732 [Test worker] DEBUG org.springframework.test.context.cache - Spring test ApplicationContext cache statistics: [DefaultContextCache@34f392be size = 1, maxSize = 32, parentContextCount = 0, hitCount = 20, missCount = 1]
20:19:44.732 [Test worker] DEBUG org.springframework.test.context.cache.DefaultCacheAwareContextLoaderDelegate - Retrieved ApplicationContext [767436045] from cache with key [[MergedContextConfiguration@12bcd0c0 testClass = BoardManagerTest, locations = '{}', classes = '{class xb.note.service.board.management.DefaultBoardManager}', contextInitializerClasses = '[]', activeProfiles = '{}', propertySourceLocations = '{}', propertySourceProperties = '{}', contextCustomizers = set[org.springframework.boot.test.autoconfigure.actuate.metrics.MetricsExportContextCustomizerFactory$DisableMetricExportContextCustomizer@4bd1f8dd, org.springframework.boot.test.autoconfigure.properties.PropertyMappingContextCustomizer@0, org.springframework.boot.test.autoconfigure.web.servlet.WebDriverContextCustomizerFactory$Customizer@55342f40, org.springframework.boot.test.context.filter.ExcludeFilterContextCustomizer@2a2c13a8, org.springframework.boot.test.json.DuplicateJsonObjectContextCustomizerFactory$DuplicateJsonObjectContextCustomizer@3543df7d, org.springframework.boot.test.mock.mockito.MockitoContextCustomizer@51555b2], contextLoader = 'org.springframework.test.context.support.DelegatingSmartContextLoader', parent = [null]]]
20:19:44.732 [Test worker] DEBUG org.springframework.test.context.cache - Spring test ApplicationContext cache statistics: [DefaultContextCache@34f392be size = 1, maxSize = 32, parentContextCount = 0, hitCount = 21, missCount = 1]
20:19:44.732 [Test worker] DEBUG org.springframework.test.context.cache.DefaultCacheAwareContextLoaderDelegate - Retrieved ApplicationContext [767436045] from cache with key [[MergedContextConfiguration@12bcd0c0 testClass = BoardManagerTest, locations = '{}', classes = '{class xb.note.service.board.management.DefaultBoardManager}', contextInitializerClasses = '[]', activeProfiles = '{}', propertySourceLocations = '{}', propertySourceProperties = '{}', contextCustomizers = set[org.springframework.boot.test.autoconfigure.actuate.metrics.MetricsExportContextCustomizerFactory$DisableMetricExportContextCustomizer@4bd1f8dd, org.springframework.boot.test.autoconfigure.properties.PropertyMappingContextCustomizer@0, org.springframework.boot.test.autoconfigure.web.servlet.WebDriverContextCustomizerFactory$Customizer@55342f40, org.springframework.boot.test.context.filter.ExcludeFilterContextCustomizer@2a2c13a8, org.springframework.boot.test.json.DuplicateJsonObjectContextCustomizerFactory$DuplicateJsonObjectContextCustomizer@3543df7d, org.springframework.boot.test.mock.mockito.MockitoContextCustomizer@51555b2], contextLoader = 'org.springframework.test.context.support.DelegatingSmartContextLoader', parent = [null]]]
20:19:44.732 [Test worker] DEBUG org.springframework.test.context.cache - Spring test ApplicationContext cache statistics: [DefaultContextCache@34f392be size = 1, maxSize = 32, parentContextCount = 0, hitCount = 22, missCount = 1]
20:19:44.732 [Test worker] DEBUG org.springframework.test.context.cache.DefaultCacheAwareContextLoaderDelegate - Retrieved ApplicationContext [767436045] from cache with key [[MergedContextConfiguration@12bcd0c0 testClass = BoardManagerTest, locations = '{}', classes = '{class xb.note.service.board.management.DefaultBoardManager}', contextInitializerClasses = '[]', activeProfiles = '{}', propertySourceLocations = '{}', propertySourceProperties = '{}', contextCustomizers = set[org.springframework.boot.test.autoconfigure.actuate.metrics.MetricsExportContextCustomizerFactory$DisableMetricExportContextCustomizer@4bd1f8dd, org.springframework.boot.test.autoconfigure.properties.PropertyMappingContextCustomizer@0, org.springframework.boot.test.autoconfigure.web.servlet.WebDriverContextCustomizerFactory$Customizer@55342f40, org.springframework.boot.test.context.filter.ExcludeFilterContextCustomizer@2a2c13a8, org.springframework.boot.test.json.DuplicateJsonObjectContextCustomizerFactory$DuplicateJsonObjectContextCustomizer@3543df7d, org.springframework.boot.test.mock.mockito.MockitoContextCustomizer@51555b2], contextLoader = 'org.springframework.test.context.support.DelegatingSmartContextLoader', parent = [null]]]
20:19:44.732 [Test worker] DEBUG org.springframework.test.context.cache - Spring test ApplicationContext cache statistics: [DefaultContextCache@34f392be size = 1, maxSize = 32, parentContextCount = 0, hitCount = 23, missCount = 1]
20:19:44.732 [Test worker] DEBUG org.springframework.test.context.support.AbstractDirtiesContextTestExecutionListener - After test method: context [DefaultTestContext@306851c7 testClass = BoardManagerTest, testInstance = xb.note.service.board.management.BoardManagerTest@4487c0c2, testMethod = CREATE_BOARD_SUCCESS_TEST@BoardManagerTest, testException = [null], mergedContextConfiguration = [MergedContextConfiguration@12bcd0c0 testClass = BoardManagerTest, locations = '{}', classes = '{class xb.note.service.board.management.DefaultBoardManager}', contextInitializerClasses = '[]', activeProfiles = '{}', propertySourceLocations = '{}', propertySourceProperties = '{}', contextCustomizers = set[org.springframework.boot.test.autoconfigure.actuate.metrics.MetricsExportContextCustomizerFactory$DisableMetricExportContextCustomizer@4bd1f8dd, org.springframework.boot.test.autoconfigure.properties.PropertyMappingContextCustomizer@0, org.springframework.boot.test.autoconfigure.web.servlet.WebDriverContextCustomizerFactory$Customizer@55342f40, org.springframework.boot.test.context.filter.ExcludeFilterContextCustomizer@2a2c13a8, org.springframework.boot.test.json.DuplicateJsonObjectContextCustomizerFactory$DuplicateJsonObjectContextCustomizer@3543df7d, org.springframework.boot.test.mock.mockito.MockitoContextCustomizer@51555b2], contextLoader = 'org.springframework.test.context.support.DelegatingSmartContextLoader', parent = [null]], attributes = map['org.springframework.test.context.event.ApplicationEventsTestExecutionListener.recordApplicationEvents' -> false]], class annotated with @DirtiesContext [false] with mode [null], method annotated with @DirtiesContext [false] with mode [null].
20:19:44.733 [Test worker] DEBUG org.springframework.test.context.cache.DefaultCacheAwareContextLoaderDelegate - Retrieved ApplicationContext [767436045] from cache with key [[MergedContextConfiguration@12bcd0c0 testClass = BoardManagerTest, locations = '{}', classes = '{class xb.note.service.board.management.DefaultBoardManager}', contextInitializerClasses = '[]', activeProfiles = '{}', propertySourceLocations = '{}', propertySourceProperties = '{}', contextCustomizers = set[org.springframework.boot.test.autoconfigure.actuate.metrics.MetricsExportContextCustomizerFactory$DisableMetricExportContextCustomizer@4bd1f8dd, org.springframework.boot.test.autoconfigure.properties.PropertyMappingContextCustomizer@0, org.springframework.boot.test.autoconfigure.web.servlet.WebDriverContextCustomizerFactory$Customizer@55342f40, org.springframework.boot.test.context.filter.ExcludeFilterContextCustomizer@2a2c13a8, org.springframework.boot.test.json.DuplicateJsonObjectContextCustomizerFactory$DuplicateJsonObjectContextCustomizer@3543df7d, org.springframework.boot.test.mock.mockito.MockitoContextCustomizer@51555b2], contextLoader = 'org.springframework.test.context.support.DelegatingSmartContextLoader', parent = [null]]]
20:19:44.733 [Test worker] DEBUG org.springframework.test.context.cache - Spring test ApplicationContext cache statistics: [DefaultContextCache@34f392be size = 1, maxSize = 32, parentContextCount = 0, hitCount = 24, missCount = 1]
20:19:44.733 [Test worker] DEBUG org.springframework.test.context.support.DependencyInjectionTestExecutionListener - Performing dependency injection for test context [[DefaultTestContext@306851c7 testClass = BoardManagerTest, testInstance = xb.note.service.board.management.BoardManagerTest@11f406f8, testMethod = [null], testException = [null], mergedContextConfiguration = [MergedContextConfiguration@12bcd0c0 testClass = BoardManagerTest, locations = '{}', classes = '{class xb.note.service.board.management.DefaultBoardManager}', contextInitializerClasses = '[]', activeProfiles = '{}', propertySourceLocations = '{}', propertySourceProperties = '{}', contextCustomizers = set[org.springframework.boot.test.autoconfigure.actuate.metrics.MetricsExportContextCustomizerFactory$DisableMetricExportContextCustomizer@4bd1f8dd, org.springframework.boot.test.autoconfigure.properties.PropertyMappingContextCustomizer@0, org.springframework.boot.test.autoconfigure.web.servlet.WebDriverContextCustomizerFactory$Customizer@55342f40, org.springframework.boot.test.context.filter.ExcludeFilterContextCustomizer@2a2c13a8, org.springframework.boot.test.json.DuplicateJsonObjectContextCustomizerFactory$DuplicateJsonObjectContextCustomizer@3543df7d, org.springframework.boot.test.mock.mockito.MockitoContextCustomizer@51555b2], contextLoader = 'org.springframework.test.context.support.DelegatingSmartContextLoader', parent = [null]], attributes = map['org.springframework.test.context.event.ApplicationEventsTestExecutionListener.recordApplicationEvents' -> false]]].
20:19:44.734 [Test worker] DEBUG org.springframework.test.context.cache.DefaultCacheAwareContextLoaderDelegate - Retrieved ApplicationContext [767436045] from cache with key [[MergedContextConfiguration@12bcd0c0 testClass = BoardManagerTest, locations = '{}', classes = '{class xb.note.service.board.management.DefaultBoardManager}', contextInitializerClasses = '[]', activeProfiles = '{}', propertySourceLocations = '{}', propertySourceProperties = '{}', contextCustomizers = set[org.springframework.boot.test.autoconfigure.actuate.metrics.MetricsExportContextCustomizerFactory$DisableMetricExportContextCustomizer@4bd1f8dd, org.springframework.boot.test.autoconfigure.properties.PropertyMappingContextCustomizer@0, org.springframework.boot.test.autoconfigure.web.servlet.WebDriverContextCustomizerFactory$Customizer@55342f40, org.springframework.boot.test.context.filter.ExcludeFilterContextCustomizer@2a2c13a8, org.springframework.boot.test.json.DuplicateJsonObjectContextCustomizerFactory$DuplicateJsonObjectContextCustomizer@3543df7d, org.springframework.boot.test.mock.mockito.MockitoContextCustomizer@51555b2], contextLoader = 'org.springframework.test.context.support.DelegatingSmartContextLoader', parent = [null]]]
20:19:44.734 [Test worker] DEBUG org.springframework.test.context.cache - Spring test ApplicationContext cache statistics: [DefaultContextCache@34f392be size = 1, maxSize = 32, parentContextCount = 0, hitCount = 25, missCount = 1]
20:19:44.734 [Test worker] DEBUG org.springframework.test.context.cache.DefaultCacheAwareContextLoaderDelegate - Retrieved ApplicationContext [767436045] from cache with key [[MergedContextConfiguration@12bcd0c0 testClass = BoardManagerTest, locations = '{}', classes = '{class xb.note.service.board.management.DefaultBoardManager}', contextInitializerClasses = '[]', activeProfiles = '{}', propertySourceLocations = '{}', propertySourceProperties = '{}', contextCustomizers = set[org.springframework.boot.test.autoconfigure.actuate.metrics.MetricsExportContextCustomizerFactory$DisableMetricExportContextCustomizer@4bd1f8dd, org.springframework.boot.test.autoconfigure.properties.PropertyMappingContextCustomizer@0, org.springframework.boot.test.autoconfigure.web.servlet.WebDriverContextCustomizerFactory$Customizer@55342f40, org.springframework.boot.test.context.filter.ExcludeFilterContextCustomizer@2a2c13a8, org.springframework.boot.test.json.DuplicateJsonObjectContextCustomizerFactory$DuplicateJsonObjectContextCustomizer@3543df7d, org.springframework.boot.test.mock.mockito.MockitoContextCustomizer@51555b2], contextLoader = 'org.springframework.test.context.support.DelegatingSmartContextLoader', parent = [null]]]
20:19:44.734 [Test worker] DEBUG org.springframework.test.context.cache - Spring test ApplicationContext cache statistics: [DefaultContextCache@34f392be size = 1, maxSize = 32, parentContextCount = 0, hitCount = 26, missCount = 1]
20:19:44.735 [Test worker] DEBUG org.springframework.test.context.support.AbstractDirtiesContextTestExecutionListener - Before test method: context [DefaultTestContext@306851c7 testClass = BoardManagerTest, testInstance = xb.note.service.board.management.BoardManagerTest@11f406f8, testMethod = CREATE_BOARD_FAIL_TEST@BoardManagerTest, testException = [null], mergedContextConfiguration = [MergedContextConfiguration@12bcd0c0 testClass = BoardManagerTest, locations = '{}', classes = '{class xb.note.service.board.management.DefaultBoardManager}', contextInitializerClasses = '[]', activeProfiles = '{}', propertySourceLocations = '{}', propertySourceProperties = '{}', contextCustomizers = set[org.springframework.boot.test.autoconfigure.actuate.metrics.MetricsExportContextCustomizerFactory$DisableMetricExportContextCustomizer@4bd1f8dd, org.springframework.boot.test.autoconfigure.properties.PropertyMappingContextCustomizer@0, org.springframework.boot.test.autoconfigure.web.servlet.WebDriverContextCustomizerFactory$Customizer@55342f40, org.springframework.boot.test.context.filter.ExcludeFilterContextCustomizer@2a2c13a8, org.springframework.boot.test.json.DuplicateJsonObjectContextCustomizerFactory$DuplicateJsonObjectContextCustomizer@3543df7d, org.springframework.boot.test.mock.mockito.MockitoContextCustomizer@51555b2], contextLoader = 'org.springframework.test.context.support.DelegatingSmartContextLoader', parent = [null]], attributes = map['org.springframework.test.context.event.ApplicationEventsTestExecutionListener.recordApplicationEvents' -> false]], class annotated with @DirtiesContext [false] with mode [null], method annotated with @DirtiesContext [false] with mode [null].
20:19:44.735 [Test worker] DEBUG org.springframework.test.context.cache.DefaultCacheAwareContextLoaderDelegate - Retrieved ApplicationContext [767436045] from cache with key [[MergedContextConfiguration@12bcd0c0 testClass = BoardManagerTest, locations = '{}', classes = '{class xb.note.service.board.management.DefaultBoardManager}', contextInitializerClasses = '[]', activeProfiles = '{}', propertySourceLocations = '{}', propertySourceProperties = '{}', contextCustomizers = set[org.springframework.boot.test.autoconfigure.actuate.metrics.MetricsExportContextCustomizerFactory$DisableMetricExportContextCustomizer@4bd1f8dd, org.springframework.boot.test.autoconfigure.properties.PropertyMappingContextCustomizer@0, org.springframework.boot.test.autoconfigure.web.servlet.WebDriverContextCustomizerFactory$Customizer@55342f40, org.springframework.boot.test.context.filter.ExcludeFilterContextCustomizer@2a2c13a8, org.springframework.boot.test.json.DuplicateJsonObjectContextCustomizerFactory$DuplicateJsonObjectContextCustomizer@3543df7d, org.springframework.boot.test.mock.mockito.MockitoContextCustomizer@51555b2], contextLoader = 'org.springframework.test.context.support.DelegatingSmartContextLoader', parent = [null]]]
20:19:44.735 [Test worker] DEBUG org.springframework.test.context.cache - Spring test ApplicationContext cache statistics: [DefaultContextCache@34f392be size = 1, maxSize = 32, parentContextCount = 0, hitCount = 27, missCount = 1]
20:19:44.735 [Test worker] DEBUG org.springframework.test.context.cache.DefaultCacheAwareContextLoaderDelegate - Retrieved ApplicationContext [767436045] from cache with key [[MergedContextConfiguration@12bcd0c0 testClass = BoardManagerTest, locations = '{}', classes = '{class xb.note.service.board.management.DefaultBoardManager}', contextInitializerClasses = '[]', activeProfiles = '{}', propertySourceLocations = '{}', propertySourceProperties = '{}', contextCustomizers = set[org.springframework.boot.test.autoconfigure.actuate.metrics.MetricsExportContextCustomizerFactory$DisableMetricExportContextCustomizer@4bd1f8dd, org.springframework.boot.test.autoconfigure.properties.PropertyMappingContextCustomizer@0, org.springframework.boot.test.autoconfigure.web.servlet.WebDriverContextCustomizerFactory$Customizer@55342f40, org.springframework.boot.test.context.filter.ExcludeFilterContextCustomizer@2a2c13a8, org.springframework.boot.test.json.DuplicateJsonObjectContextCustomizerFactory$DuplicateJsonObjectContextCustomizer@3543df7d, org.springframework.boot.test.mock.mockito.MockitoContextCustomizer@51555b2], contextLoader = 'org.springframework.test.context.support.DelegatingSmartContextLoader', parent = [null]]]
20:19:44.735 [Test worker] DEBUG org.springframework.test.context.cache - Spring test ApplicationContext cache statistics: [DefaultContextCache@34f392be size = 1, maxSize = 32, parentContextCount = 0, hitCount = 28, missCount = 1]
20:19:44.735 [Test worker] DEBUG org.springframework.test.context.cache.DefaultCacheAwareContextLoaderDelegate - Retrieved ApplicationContext [767436045] from cache with key [[MergedContextConfiguration@12bcd0c0 testClass = BoardManagerTest, locations = '{}', classes = '{class xb.note.service.board.management.DefaultBoardManager}', contextInitializerClasses = '[]', activeProfiles = '{}', propertySourceLocations = '{}', propertySourceProperties = '{}', contextCustomizers = set[org.springframework.boot.test.autoconfigure.actuate.metrics.MetricsExportContextCustomizerFactory$DisableMetricExportContextCustomizer@4bd1f8dd, org.springframework.boot.test.autoconfigure.properties.PropertyMappingContextCustomizer@0, org.springframework.boot.test.autoconfigure.web.servlet.WebDriverContextCustomizerFactory$Customizer@55342f40, org.springframework.boot.test.context.filter.ExcludeFilterContextCustomizer@2a2c13a8, org.springframework.boot.test.json.DuplicateJsonObjectContextCustomizerFactory$DuplicateJsonObjectContextCustomizer@3543df7d, org.springframework.boot.test.mock.mockito.MockitoContextCustomizer@51555b2], contextLoader = 'org.springframework.test.context.support.DelegatingSmartContextLoader', parent = [null]]]
20:19:44.736 [Test worker] DEBUG org.springframework.test.context.cache - Spring test ApplicationContext cache statistics: [DefaultContextCache@34f392be size = 1, maxSize = 32, parentContextCount = 0, hitCount = 29, missCount = 1]
20:19:44.737 [Test worker] DEBUG org.springframework.test.context.cache.DefaultCacheAwareContextLoaderDelegate - Retrieved ApplicationContext [767436045] from cache with key [[MergedContextConfiguration@12bcd0c0 testClass = BoardManagerTest, locations = '{}', classes = '{class xb.note.service.board.management.DefaultBoardManager}', contextInitializerClasses = '[]', activeProfiles = '{}', propertySourceLocations = '{}', propertySourceProperties = '{}', contextCustomizers = set[org.springframework.boot.test.autoconfigure.actuate.metrics.MetricsExportContextCustomizerFactory$DisableMetricExportContextCustomizer@4bd1f8dd, org.springframework.boot.test.autoconfigure.properties.PropertyMappingContextCustomizer@0, org.springframework.boot.test.autoconfigure.web.servlet.WebDriverContextCustomizerFactory$Customizer@55342f40, org.springframework.boot.test.context.filter.ExcludeFilterContextCustomizer@2a2c13a8, org.springframework.boot.test.json.DuplicateJsonObjectContextCustomizerFactory$DuplicateJsonObjectContextCustomizer@3543df7d, org.springframework.boot.test.mock.mockito.MockitoContextCustomizer@51555b2], contextLoader = 'org.springframework.test.context.support.DelegatingSmartContextLoader', parent = [null]]]
20:19:44.737 [Test worker] DEBUG org.springframework.test.context.cache - Spring test ApplicationContext cache statistics: [DefaultContextCache@34f392be size = 1, maxSize = 32, parentContextCount = 0, hitCount = 30, missCount = 1]
20:19:44.737 [Test worker] DEBUG org.springframework.test.context.cache.DefaultCacheAwareContextLoaderDelegate - Retrieved ApplicationContext [767436045] from cache with key [[MergedContextConfiguration@12bcd0c0 testClass = BoardManagerTest, locations = '{}', classes = '{class xb.note.service.board.management.DefaultBoardManager}', contextInitializerClasses = '[]', activeProfiles = '{}', propertySourceLocations = '{}', propertySourceProperties = '{}', contextCustomizers = set[org.springframework.boot.test.autoconfigure.actuate.metrics.MetricsExportContextCustomizerFactory$DisableMetricExportContextCustomizer@4bd1f8dd, org.springframework.boot.test.autoconfigure.properties.PropertyMappingContextCustomizer@0, org.springframework.boot.test.autoconfigure.web.servlet.WebDriverContextCustomizerFactory$Customizer@55342f40, org.springframework.boot.test.context.filter.ExcludeFilterContextCustomizer@2a2c13a8, org.springframework.boot.test.json.DuplicateJsonObjectContextCustomizerFactory$DuplicateJsonObjectContextCustomizer@3543df7d, org.springframework.boot.test.mock.mockito.MockitoContextCustomizer@51555b2], contextLoader = 'org.springframework.test.context.support.DelegatingSmartContextLoader', parent = [null]]]
20:19:44.737 [Test worker] DEBUG org.springframework.test.context.cache - Spring test ApplicationContext cache statistics: [DefaultContextCache@34f392be size = 1, maxSize = 32, parentContextCount = 0, hitCount = 31, missCount = 1]
20:19:44.737 [Test worker] DEBUG org.springframework.test.context.cache.DefaultCacheAwareContextLoaderDelegate - Retrieved ApplicationContext [767436045] from cache with key [[MergedContextConfiguration@12bcd0c0 testClass = BoardManagerTest, locations = '{}', classes = '{class xb.note.service.board.management.DefaultBoardManager}', contextInitializerClasses = '[]', activeProfiles = '{}', propertySourceLocations = '{}', propertySourceProperties = '{}', contextCustomizers = set[org.springframework.boot.test.autoconfigure.actuate.metrics.MetricsExportContextCustomizerFactory$DisableMetricExportContextCustomizer@4bd1f8dd, org.springframework.boot.test.autoconfigure.properties.PropertyMappingContextCustomizer@0, org.springframework.boot.test.autoconfigure.web.servlet.WebDriverContextCustomizerFactory$Customizer@55342f40, org.springframework.boot.test.context.filter.ExcludeFilterContextCustomizer@2a2c13a8, org.springframework.boot.test.json.DuplicateJsonObjectContextCustomizerFactory$DuplicateJsonObjectContextCustomizer@3543df7d, org.springframework.boot.test.mock.mockito.MockitoContextCustomizer@51555b2], contextLoader = 'org.springframework.test.context.support.DelegatingSmartContextLoader', parent = [null]]]
20:19:44.737 [Test worker] DEBUG org.springframework.test.context.cache - Spring test ApplicationContext cache statistics: [DefaultContextCache@34f392be size = 1, maxSize = 32, parentContextCount = 0, hitCount = 32, missCount = 1]
20:19:44.737 [Test worker] DEBUG org.springframework.test.context.cache.DefaultCacheAwareContextLoaderDelegate - Retrieved ApplicationContext [767436045] from cache with key [[MergedContextConfiguration@12bcd0c0 testClass = BoardManagerTest, locations = '{}', classes = '{class xb.note.service.board.management.DefaultBoardManager}', contextInitializerClasses = '[]', activeProfiles = '{}', propertySourceLocations = '{}', propertySourceProperties = '{}', contextCustomizers = set[org.springframework.boot.test.autoconfigure.actuate.metrics.MetricsExportContextCustomizerFactory$DisableMetricExportContextCustomizer@4bd1f8dd, org.springframework.boot.test.autoconfigure.properties.PropertyMappingContextCustomizer@0, org.springframework.boot.test.autoconfigure.web.servlet.WebDriverContextCustomizerFactory$Customizer@55342f40, org.springframework.boot.test.context.filter.ExcludeFilterContextCustomizer@2a2c13a8, org.springframework.boot.test.json.DuplicateJsonObjectContextCustomizerFactory$DuplicateJsonObjectContextCustomizer@3543df7d, org.springframework.boot.test.mock.mockito.MockitoContextCustomizer@51555b2], contextLoader = 'org.springframework.test.context.support.DelegatingSmartContextLoader', parent = [null]]]
20:19:44.737 [Test worker] DEBUG org.springframework.test.context.cache - Spring test ApplicationContext cache statistics: [DefaultContextCache@34f392be size = 1, maxSize = 32, parentContextCount = 0, hitCount = 33, missCount = 1]
20:19:44.738 [Test worker] DEBUG org.springframework.test.context.cache.DefaultCacheAwareContextLoaderDelegate - Retrieved ApplicationContext [767436045] from cache with key [[MergedContextConfiguration@12bcd0c0 testClass = BoardManagerTest, locations = '{}', classes = '{class xb.note.service.board.management.DefaultBoardManager}', contextInitializerClasses = '[]', activeProfiles = '{}', propertySourceLocations = '{}', propertySourceProperties = '{}', contextCustomizers = set[org.springframework.boot.test.autoconfigure.actuate.metrics.MetricsExportContextCustomizerFactory$DisableMetricExportContextCustomizer@4bd1f8dd, org.springframework.boot.test.autoconfigure.properties.PropertyMappingContextCustomizer@0, org.springframework.boot.test.autoconfigure.web.servlet.WebDriverContextCustomizerFactory$Customizer@55342f40, org.springframework.boot.test.context.filter.ExcludeFilterContextCustomizer@2a2c13a8, org.springframework.boot.test.json.DuplicateJsonObjectContextCustomizerFactory$DuplicateJsonObjectContextCustomizer@3543df7d, org.springframework.boot.test.mock.mockito.MockitoContextCustomizer@51555b2], contextLoader = 'org.springframework.test.context.support.DelegatingSmartContextLoader', parent = [null]]]
20:19:44.738 [Test worker] DEBUG org.springframework.test.context.cache - Spring test ApplicationContext cache statistics: [DefaultContextCache@34f392be size = 1, maxSize = 32, parentContextCount = 0, hitCount = 34, missCount = 1]
20:19:44.738 [Test worker] DEBUG org.springframework.test.context.cache.DefaultCacheAwareContextLoaderDelegate - Retrieved ApplicationContext [767436045] from cache with key [[MergedContextConfiguration@12bcd0c0 testClass = BoardManagerTest, locations = '{}', classes = '{class xb.note.service.board.management.DefaultBoardManager}', contextInitializerClasses = '[]', activeProfiles = '{}', propertySourceLocations = '{}', propertySourceProperties = '{}', contextCustomizers = set[org.springframework.boot.test.autoconfigure.actuate.metrics.MetricsExportContextCustomizerFactory$DisableMetricExportContextCustomizer@4bd1f8dd, org.springframework.boot.test.autoconfigure.properties.PropertyMappingContextCustomizer@0, org.springframework.boot.test.autoconfigure.web.servlet.WebDriverContextCustomizerFactory$Customizer@55342f40, org.springframework.boot.test.context.filter.ExcludeFilterContextCustomizer@2a2c13a8, org.springframework.boot.test.json.DuplicateJsonObjectContextCustomizerFactory$DuplicateJsonObjectContextCustomizer@3543df7d, org.springframework.boot.test.mock.mockito.MockitoContextCustomizer@51555b2], contextLoader = 'org.springframework.test.context.support.DelegatingSmartContextLoader', parent = [null]]]
20:19:44.738 [Test worker] DEBUG org.springframework.test.context.cache - Spring test ApplicationContext cache statistics: [DefaultContextCache@34f392be size = 1, maxSize = 32, parentContextCount = 0, hitCount = 35, missCount = 1]
20:19:44.738 [Test worker] DEBUG org.springframework.test.context.support.AbstractDirtiesContextTestExecutionListener - After test method: context [DefaultTestContext@306851c7 testClass = BoardManagerTest, testInstance = xb.note.service.board.management.BoardManagerTest@11f406f8, testMethod = CREATE_BOARD_FAIL_TEST@BoardManagerTest, testException = [null], mergedContextConfiguration = [MergedContextConfiguration@12bcd0c0 testClass = BoardManagerTest, locations = '{}', classes = '{class xb.note.service.board.management.DefaultBoardManager}', contextInitializerClasses = '[]', activeProfiles = '{}', propertySourceLocations = '{}', propertySourceProperties = '{}', contextCustomizers = set[org.springframework.boot.test.autoconfigure.actuate.metrics.MetricsExportContextCustomizerFactory$DisableMetricExportContextCustomizer@4bd1f8dd, org.springframework.boot.test.autoconfigure.properties.PropertyMappingContextCustomizer@0, org.springframework.boot.test.autoconfigure.web.servlet.WebDriverContextCustomizerFactory$Customizer@55342f40, org.springframework.boot.test.context.filter.ExcludeFilterContextCustomizer@2a2c13a8, org.springframework.boot.test.json.DuplicateJsonObjectContextCustomizerFactory$DuplicateJsonObjectContextCustomizer@3543df7d, org.springframework.boot.test.mock.mockito.MockitoContextCustomizer@51555b2], contextLoader = 'org.springframework.test.context.support.DelegatingSmartContextLoader', parent = [null]], attributes = map['org.springframework.test.context.event.ApplicationEventsTestExecutionListener.recordApplicationEvents' -> false]], class annotated with @DirtiesContext [false] with mode [null], method annotated with @DirtiesContext [false] with mode [null].
20:19:44.740 [Test worker] DEBUG org.springframework.test.context.cache.DefaultCacheAwareContextLoaderDelegate - Retrieved ApplicationContext [767436045] from cache with key [[MergedContextConfiguration@12bcd0c0 testClass = BoardManagerTest, locations = '{}', classes = '{class xb.note.service.board.management.DefaultBoardManager}', contextInitializerClasses = '[]', activeProfiles = '{}', propertySourceLocations = '{}', propertySourceProperties = '{}', contextCustomizers = set[org.springframework.boot.test.autoconfigure.actuate.metrics.MetricsExportContextCustomizerFactory$DisableMetricExportContextCustomizer@4bd1f8dd, org.springframework.boot.test.autoconfigure.properties.PropertyMappingContextCustomizer@0, org.springframework.boot.test.autoconfigure.web.servlet.WebDriverContextCustomizerFactory$Customizer@55342f40, org.springframework.boot.test.context.filter.ExcludeFilterContextCustomizer@2a2c13a8, org.springframework.boot.test.json.DuplicateJsonObjectContextCustomizerFactory$DuplicateJsonObjectContextCustomizer@3543df7d, org.springframework.boot.test.mock.mockito.MockitoContextCustomizer@51555b2], contextLoader = 'org.springframework.test.context.support.DelegatingSmartContextLoader', parent = [null]]]
20:19:44.743 [Test worker] DEBUG org.springframework.test.context.cache - Spring test ApplicationContext cache statistics: [DefaultContextCache@34f392be size = 1, maxSize = 32, parentContextCount = 0, hitCount = 36, missCount = 1]
20:19:44.744 [Test worker] DEBUG org.springframework.test.context.support.AbstractDirtiesContextTestExecutionListener - After test class: context [DefaultTestContext@306851c7 testClass = BoardManagerTest, testInstance = [null], testMethod = [null], testException = [null], mergedContextConfiguration = [MergedContextConfiguration@12bcd0c0 testClass = BoardManagerTest, locations = '{}', classes = '{class xb.note.service.board.management.DefaultBoardManager}', contextInitializerClasses = '[]', activeProfiles = '{}', propertySourceLocations = '{}', propertySourceProperties = '{}', contextCustomizers = set[org.springframework.boot.test.autoconfigure.actuate.metrics.MetricsExportContextCustomizerFactory$DisableMetricExportContextCustomizer@4bd1f8dd, org.springframework.boot.test.autoconfigure.properties.PropertyMappingContextCustomizer@0, org.springframework.boot.test.autoconfigure.web.servlet.WebDriverContextCustomizerFactory$Customizer@55342f40, org.springframework.boot.test.context.filter.ExcludeFilterContextCustomizer@2a2c13a8, org.springframework.boot.test.json.DuplicateJsonObjectContextCustomizerFactory$DuplicateJsonObjectContextCustomizer@3543df7d, org.springframework.boot.test.mock.mockito.MockitoContextCustomizer@51555b2], contextLoader = 'org.springframework.test.context.support.DelegatingSmartContextLoader', parent = [null]], attributes = map['org.springframework.test.context.event.ApplicationEventsTestExecutionListener.recordApplicationEvents' -> false]], class annotated with @DirtiesContext [false] with mode [null].
]]></system-out>
  <system-err><![CDATA[]]></system-err>
</testsuite>
