<?xml version="1.0" encoding="UTF-8"?>
<testsuite name="xb.note.springmodule.service.MyServiceTest" tests="1" skipped="0" failures="0" errors="0" timestamp="2022-12-28T05:49:32" hostname="xb-apple.local" time="0.143">
  <properties/>
  <testcase name="contextLoads()" classname="xb.note.springmodule.service.MyServiceTest" time="0.143"/>
  <system-out><![CDATA[14:49:32.129 [Test worker] DEBUG org.springframework.test.context.BootstrapUtils - Instantiating CacheAwareContextLoaderDelegate from class [org.springframework.test.context.cache.DefaultCacheAwareContextLoaderDelegate]
14:49:32.132 [Test worker] DEBUG org.springframework.test.context.BootstrapUtils - Instantiating BootstrapContext using constructor [public org.springframework.test.context.support.DefaultBootstrapContext(java.lang.Class,org.springframework.test.context.CacheAwareContextLoaderDelegate)]
14:49:32.143 [Test worker] DEBUG org.springframework.test.context.BootstrapUtils - Instantiating TestContextBootstrapper for test class [xb.note.springmodule.service.MyServiceTest] from class [org.springframework.boot.test.context.SpringBootTestContextBootstrapper]
14:49:32.146 [Test worker] INFO org.springframework.boot.test.context.SpringBootTestContextBootstrapper - Neither @ContextConfiguration nor @ContextHierarchy found for test class [xb.note.springmodule.service.MyServiceTest], using SpringBootContextLoader
14:49:32.147 [Test worker] DEBUG org.springframework.test.context.support.AbstractContextLoader - Did not detect default resource location for test class [xb.note.springmodule.service.MyServiceTest]: class path resource [xb/note/springmodule/service/MyServiceTest-context.xml] does not exist
14:49:32.147 [Test worker] DEBUG org.springframework.test.context.support.AbstractContextLoader - Did not detect default resource location for test class [xb.note.springmodule.service.MyServiceTest]: class path resource [xb/note/springmodule/service/MyServiceTestContext.groovy] does not exist
14:49:32.147 [Test worker] INFO org.springframework.test.context.support.AbstractContextLoader - Could not detect default resource locations for test class [xb.note.springmodule.service.MyServiceTest]: no resource found for suffixes {-context.xml, Context.groovy}.
14:49:32.166 [Test worker] DEBUG org.springframework.test.context.support.ActiveProfilesUtils - Could not find an 'annotation declaring class' for annotation type [org.springframework.test.context.ActiveProfiles] and class [xb.note.springmodule.service.MyServiceTest]
14:49:32.193 [Test worker] DEBUG org.springframework.boot.test.context.SpringBootTestContextBootstrapper - @TestExecutionListeners is not present for class [xb.note.springmodule.service.MyServiceTest]: using defaults.
14:49:32.193 [Test worker] INFO org.springframework.boot.test.context.SpringBootTestContextBootstrapper - Loaded default TestExecutionListener class names from location [META-INF/spring.factories]: [org.springframework.boot.test.autoconfigure.restdocs.RestDocsTestExecutionListener, org.springframework.boot.test.autoconfigure.web.client.MockRestServiceServerResetTestExecutionListener, org.springframework.boot.test.autoconfigure.web.servlet.MockMvcPrintOnlyOnFailureTestExecutionListener, org.springframework.boot.test.autoconfigure.web.servlet.WebDriverTestExecutionListener, org.springframework.boot.test.autoconfigure.webservices.client.MockWebServiceServerTestExecutionListener, org.springframework.boot.test.mock.mockito.MockitoTestExecutionListener, org.springframework.boot.test.mock.mockito.ResetMocksTestExecutionListener, org.springframework.test.context.web.ServletTestExecutionListener, org.springframework.test.context.support.DirtiesContextBeforeModesTestExecutionListener, org.springframework.test.context.event.ApplicationEventsTestExecutionListener, org.springframework.test.context.support.DependencyInjectionTestExecutionListener, org.springframework.test.context.support.DirtiesContextTestExecutionListener, org.springframework.test.context.transaction.TransactionalTestExecutionListener, org.springframework.test.context.jdbc.SqlScriptsTestExecutionListener, org.springframework.test.context.event.EventPublishingTestExecutionListener]
14:49:32.196 [Test worker] DEBUG org.springframework.boot.test.context.SpringBootTestContextBootstrapper - Skipping candidate TestExecutionListener [org.springframework.test.context.web.ServletTestExecutionListener] due to a missing dependency. Specify custom listener classes or make the default listener classes and their required dependencies available. Offending class: [javax/servlet/ServletContext]
14:49:32.197 [Test worker] DEBUG org.springframework.boot.test.context.SpringBootTestContextBootstrapper - Skipping candidate TestExecutionListener [org.springframework.test.context.transaction.TransactionalTestExecutionListener] due to a missing dependency. Specify custom listener classes or make the default listener classes and their required dependencies available. Offending class: [org/springframework/transaction/interceptor/TransactionAttributeSource]
14:49:32.197 [Test worker] DEBUG org.springframework.boot.test.context.SpringBootTestContextBootstrapper - Skipping candidate TestExecutionListener [org.springframework.test.context.jdbc.SqlScriptsTestExecutionListener] due to a missing dependency. Specify custom listener classes or make the default listener classes and their required dependencies available. Offending class: [org/springframework/transaction/interceptor/TransactionAttribute]
14:49:32.197 [Test worker] INFO org.springframework.boot.test.context.SpringBootTestContextBootstrapper - Using TestExecutionListeners: [org.springframework.test.context.support.DirtiesContextBeforeModesTestExecutionListener@319bc845, org.springframework.test.context.event.ApplicationEventsTestExecutionListener@4c5474f5, org.springframework.boot.test.mock.mockito.MockitoTestExecutionListener@2f4205be, org.springframework.boot.test.autoconfigure.SpringBootDependencyInjectionTestExecutionListener@54e22bdd, org.springframework.test.context.support.DirtiesContextTestExecutionListener@3bd418e4, org.springframework.test.context.event.EventPublishingTestExecutionListener@544820b7, org.springframework.boot.test.autoconfigure.restdocs.RestDocsTestExecutionListener@6b98a075, org.springframework.boot.test.autoconfigure.web.client.MockRestServiceServerResetTestExecutionListener@2e61d218, org.springframework.boot.test.autoconfigure.web.servlet.MockMvcPrintOnlyOnFailureTestExecutionListener@3569fc08, org.springframework.boot.test.autoconfigure.web.servlet.WebDriverTestExecutionListener@20b12f8a, org.springframework.boot.test.autoconfigure.webservices.client.MockWebServiceServerTestExecutionListener@e84a8e1, org.springframework.boot.test.mock.mockito.ResetMocksTestExecutionListener@2e554a3b]
14:49:32.198 [Test worker] DEBUG org.springframework.test.context.support.AbstractDirtiesContextTestExecutionListener - Before test class: context [DefaultTestContext@3a1dd365 testClass = MyServiceTest, testInstance = [null], testMethod = [null], testException = [null], mergedContextConfiguration = [MergedContextConfiguration@395b56bb testClass = MyServiceTest, locations = '{}', classes = '{class xb.note.springmodule.service.MyServiceTest$TestConfiguration}', contextInitializerClasses = '[]', activeProfiles = '{}', propertySourceLocations = '{}', propertySourceProperties = '{service.message=hello, org.springframework.boot.test.context.SpringBootTestContextBootstrapper=true}', contextCustomizers = set[org.springframework.boot.test.autoconfigure.actuate.metrics.MetricsExportContextCustomizerFactory$DisableMetricExportContextCustomizer@44d52de2, org.springframework.boot.test.autoconfigure.properties.PropertyMappingContextCustomizer@0, org.springframework.boot.test.autoconfigure.web.servlet.WebDriverContextCustomizerFactory$Customizer@36cda2c2, org.springframework.boot.test.context.filter.ExcludeFilterContextCustomizer@5b367418, org.springframework.boot.test.json.DuplicateJsonObjectContextCustomizerFactory$DuplicateJsonObjectContextCustomizer@1efe439d, org.springframework.boot.test.mock.mockito.MockitoContextCustomizer@0, org.springframework.boot.test.web.client.TestRestTemplateContextCustomizer@479460a6, org.springframework.boot.test.context.SpringBootTestArgs@1, org.springframework.boot.test.context.SpringBootTestWebEnvironment@b2c9a9c], contextLoader = 'org.springframework.boot.test.context.SpringBootContextLoader', parent = [null]], attributes = map[[empty]]], class annotated with @DirtiesContext [false] with mode [null].
14:49:32.202 [Test worker] DEBUG org.springframework.test.context.support.DependencyInjectionTestExecutionListener - Performing dependency injection for test context [[DefaultTestContext@3a1dd365 testClass = MyServiceTest, testInstance = xb.note.springmodule.service.MyServiceTest@73dce0e6, testMethod = [null], testException = [null], mergedContextConfiguration = [MergedContextConfiguration@395b56bb testClass = MyServiceTest, locations = '{}', classes = '{class xb.note.springmodule.service.MyServiceTest$TestConfiguration}', contextInitializerClasses = '[]', activeProfiles = '{}', propertySourceLocations = '{}', propertySourceProperties = '{service.message=hello, org.springframework.boot.test.context.SpringBootTestContextBootstrapper=true}', contextCustomizers = set[org.springframework.boot.test.autoconfigure.actuate.metrics.MetricsExportContextCustomizerFactory$DisableMetricExportContextCustomizer@44d52de2, org.springframework.boot.test.autoconfigure.properties.PropertyMappingContextCustomizer@0, org.springframework.boot.test.autoconfigure.web.servlet.WebDriverContextCustomizerFactory$Customizer@36cda2c2, org.springframework.boot.test.context.filter.ExcludeFilterContextCustomizer@5b367418, org.springframework.boot.test.json.DuplicateJsonObjectContextCustomizerFactory$DuplicateJsonObjectContextCustomizer@1efe439d, org.springframework.boot.test.mock.mockito.MockitoContextCustomizer@0, org.springframework.boot.test.web.client.TestRestTemplateContextCustomizer@479460a6, org.springframework.boot.test.context.SpringBootTestArgs@1, org.springframework.boot.test.context.SpringBootTestWebEnvironment@b2c9a9c], contextLoader = 'org.springframework.boot.test.context.SpringBootContextLoader', parent = [null]], attributes = map['org.springframework.test.context.event.ApplicationEventsTestExecutionListener.recordApplicationEvents' -> false]]].

  .   ____          _            __ _ _
 /\\ / ___'_ __ _ _(_)_ __  __ _ \ \ \ \
( ( )\___ | '_ | '_| | '_ \/ _` | \ \ \ \
 \\/  ___)| |_)| | | | | || (_| |  ) ) ) )
  '  |____| .__|_| |_|_| |_\__, | / / / /
 =========|_|==============|___/=/_/_/_/
 :: Spring Boot ::                (v2.7.1)

2022-12-28 14:49:32.485  INFO 48339 --- [    Test worker] x.n.springmodule.service.MyServiceTest   : Starting MyServiceTest using Java 18.0.2 on xb-apple.local with PID 48339 (started by devxb in /Users/devxb/develop/javaNote/spring-module/library)
2022-12-28 14:49:32.485  INFO 48339 --- [    Test worker] x.n.springmodule.service.MyServiceTest   : No active profile set, falling back to 1 default profile: "default"
2022-12-28 14:49:32.646  INFO 48339 --- [    Test worker] x.n.springmodule.service.MyServiceTest   : Started MyServiceTest in 0.437 seconds (JVM running for 0.778)
]]></system-out>
  <system-err><![CDATA[]]></system-err>
</testsuite>
